#
# There is insufficient memory for the Java Runtime Environment to continue.
# Native memory allocation (malloc) failed to allocate 1273936 bytes for Chunk::new
# Possible reasons:
#   The system is out of physical RAM or swap space
#   The process is running with CompressedOops enabled, and the Java Heap may be blocking the growth of the native heap
# Possible solutions:
#   Reduce memory load on the system
#   Increase physical memory or swap space
#   Check if swap backing store is full
#   Decrease Java heap size (-Xmx/-Xms)
#   Decrease number of Java threads
#   Decrease Java thread stack sizes (-Xss)
#   Set larger code cache with -XX:ReservedCodeCacheSize=
#   JVM is running with Unscaled Compressed Oops mode in which the Java heap is
#     placed in the first 4GB address space. The Java Heap base address is the
#     maximum limit for the native heap growth. Please use -XX:HeapBaseMinAddress
#     to set the Java Heap base and to place the Java Heap above 4GB virtual address.
# This output file may be truncated or incomplete.
#
#  Out of Memory Error (./src/hotspot/share/memory/arena.cpp:197), pid=17596, tid=3748
#
# JRE version: OpenJDK Runtime Environment (11.0.13) (build 11.0.13+0-b1751.21-8125866)
# Java VM: OpenJDK 64-Bit Server VM (11.0.13+0-b1751.21-8125866, mixed mode, tiered, compressed oops, g1 gc, windows-amd64)
# No core dump will be written. Minidumps are not enabled by default on client versions of Windows
#

---------------  S U M M A R Y ------------

Command Line: --add-opens=java.base/java.util=ALL-UNNAMED --add-opens=java.base/java.lang=ALL-UNNAMED --add-opens=java.base/java.lang.invoke=ALL-UNNAMED --add-opens=java.base/java.util=ALL-UNNAMED --add-opens=java.prefs/java.util.prefs=ALL-UNNAMED --add-opens=java.prefs/java.util.prefs=ALL-UNNAMED --add-opens=java.base/java.nio.charset=ALL-UNNAMED --add-opens=java.base/java.net=ALL-UNNAMED --add-opens=java.base/java.util.concurrent.atomic=ALL-UNNAMED -Xmx2048m -Dfile.encoding=UTF-8 -Duser.country=US -Duser.language=en -Duser.variant org.gradle.launcher.daemon.bootstrap.GradleDaemon 7.4

Host: Intel(R) Core(TM) i5-10210U CPU @ 1.60GHz, 8 cores, 7G,  Windows 11 , 64 bit Build 22621 (10.0.22621.1194)
Time: Thu Mar  9 08:56:02 2023 SE Asia Standard Time elapsed time: 4.891530 seconds (0d 0h 0m 4s)

---------------  T H R E A D  ---------------

Current thread (0x0000021d29f67000):  JavaThread "C2 CompilerThread1" daemon [_thread_in_native, id=3748, stack(0x0000002b93a00000,0x0000002b93b00000)]


Current CompileTask:
C2:   4891 3318       4       jdk.internal.org.objectweb.asm.Frame::execute (2264 bytes)

Stack: [0x0000002b93a00000,0x0000002b93b00000]
Native frames: (J=compiled Java code, j=interpreted, Vv=VM code, C=native code)
V  [jvm.dll+0x6100fa]
V  [jvm.dll+0x747090]
V  [jvm.dll+0x7486ad]
V  [jvm.dll+0x748d83]
V  [jvm.dll+0x24ab48]
V  [jvm.dll+0xc04dc]
V  [jvm.dll+0xc0a0c]
V  [jvm.dll+0x35eb9d]
V  [jvm.dll+0x32b833]
V  [jvm.dll+0x32ad2a]
V  [jvm.dll+0x2032b2]
V  [jvm.dll+0x202437]
V  [jvm.dll+0x188e01]
V  [jvm.dll+0x21106b]
V  [jvm.dll+0x20f8c1]
V  [jvm.dll+0x70de0f]
V  [jvm.dll+0x706a75]
V  [jvm.dll+0x60ed66]
C  [ucrtbase.dll+0x29363]
C  [KERNEL32.DLL+0x126bd]
C  [ntdll.dll+0x5dfb8]


---------------  P R O C E S S  ---------------

Threads class SMR info:
_java_thread_list=0x0000021d2b4ea370, length=34, elements={
0x0000021d0cb69000, 0x0000021d27002000, 0x0000021d2700c000, 0x0000021d2701b800,
0x0000021d2701c800, 0x0000021d2701f000, 0x0000021d27022800, 0x0000021d27024800,
0x0000021d27029000, 0x0000021d27ade000, 0x0000021d28b6b800, 0x0000021d27d62800,
0x0000021d28c09000, 0x0000021d2a337800, 0x0000021d291cd000, 0x0000021d2949d800,
0x0000021d2a06a000, 0x0000021d299ae000, 0x0000021d293ab800, 0x0000021d297a6800,
0x0000021d2b50d000, 0x0000021d2b50a000, 0x0000021d2b509000, 0x0000021d29f67000,
0x0000021d2a428800, 0x0000021d2b50b800, 0x0000021d2b50e000, 0x0000021d2b508800,
0x0000021d2b50a800, 0x0000021d2b50c800, 0x0000021d2b50f000, 0x0000021d29e22800,
0x0000021d29e1d000, 0x0000021d29e22000
}

Java Threads: ( => current thread )
  0x0000021d0cb69000 JavaThread "main" [_thread_blocked, id=8936, stack(0x0000002b91400000,0x0000002b91500000)]
  0x0000021d27002000 JavaThread "Reference Handler" daemon [_thread_blocked, id=12784, stack(0x0000002b91b00000,0x0000002b91c00000)]
  0x0000021d2700c000 JavaThread "Finalizer" daemon [_thread_blocked, id=13960, stack(0x0000002b91c00000,0x0000002b91d00000)]
  0x0000021d2701b800 JavaThread "Signal Dispatcher" daemon [_thread_blocked, id=17688, stack(0x0000002b91d00000,0x0000002b91e00000)]
  0x0000021d2701c800 JavaThread "Attach Listener" daemon [_thread_blocked, id=14144, stack(0x0000002b91e00000,0x0000002b91f00000)]
  0x0000021d2701f000 JavaThread "Service Thread" daemon [_thread_blocked, id=16836, stack(0x0000002b91f00000,0x0000002b92000000)]
  0x0000021d27022800 JavaThread "C2 CompilerThread0" daemon [_thread_in_native, id=9408, stack(0x0000002b92000000,0x0000002b92100000)]
  0x0000021d27024800 JavaThread "C1 CompilerThread0" daemon [_thread_blocked, id=3656, stack(0x0000002b92100000,0x0000002b92200000)]
  0x0000021d27029000 JavaThread "Sweeper thread" daemon [_thread_blocked, id=12320, stack(0x0000002b92200000,0x0000002b92300000)]
  0x0000021d27ade000 JavaThread "Common-Cleaner" daemon [_thread_blocked, id=18580, stack(0x0000002b92300000,0x0000002b92400000)]
  0x0000021d28b6b800 JavaThread "Daemon health stats" [_thread_blocked, id=7636, stack(0x0000002b92900000,0x0000002b92a00000)]
  0x0000021d27d62800 JavaThread "Incoming local TCP Connector on port 60514" [_thread_in_native, id=6716, stack(0x0000002b92500000,0x0000002b92600000)]
  0x0000021d28c09000 JavaThread "Daemon periodic checks" [_thread_blocked, id=15384, stack(0x0000002b92600000,0x0000002b92700000)]
  0x0000021d2a337800 JavaThread "Daemon" [_thread_blocked, id=18592, stack(0x0000002b92a00000,0x0000002b92b00000)]
  0x0000021d291cd000 JavaThread "Handler for socket connection from /127.0.0.1:60514 to /127.0.0.1:60515" [_thread_in_native, id=14984, stack(0x0000002b92b00000,0x0000002b92c00000)]
  0x0000021d2949d800 JavaThread "Cancel handler" [_thread_blocked, id=10552, stack(0x0000002b92c00000,0x0000002b92d00000)]
  0x0000021d2a06a000 JavaThread "Daemon worker" [_thread_in_vm, id=16116, stack(0x0000002b92d00000,0x0000002b92e00000)]
  0x0000021d299ae000 JavaThread "Asynchronous log dispatcher for DefaultDaemonConnection: socket connection from /127.0.0.1:60514 to /127.0.0.1:60515" [_thread_blocked, id=13248, stack(0x0000002b92e00000,0x0000002b92f00000)]
  0x0000021d293ab800 JavaThread "Stdin handler" [_thread_blocked, id=18036, stack(0x0000002b92f00000,0x0000002b93000000)]
  0x0000021d297a6800 JavaThread "Daemon client event forwarder" [_thread_blocked, id=17748, stack(0x0000002b93000000,0x0000002b93100000)]
  0x0000021d2b50d000 JavaThread "Cache worker for journal cache (C:\Users\nguye\.gradle\caches\journal-1)" [_thread_blocked, id=13056, stack(0x0000002b93600000,0x0000002b93700000)]
  0x0000021d2b50a000 JavaThread "File lock request listener" [_thread_in_native, id=17672, stack(0x0000002b93700000,0x0000002b93800000)]
  0x0000021d2b509000 JavaThread "Cache worker for file hash cache (C:\Users\nguye\.gradle\caches\7.4\fileHashes)" [_thread_blocked, id=2732, stack(0x0000002b93800000,0x0000002b93900000)]
=>0x0000021d29f67000 JavaThread "C2 CompilerThread1" daemon [_thread_in_native, id=3748, stack(0x0000002b93a00000,0x0000002b93b00000)]
  0x0000021d2a428800 JavaThread "C2 CompilerThread2" daemon [_thread_in_native, id=17000, stack(0x0000002b93b00000,0x0000002b93c00000)]
  0x0000021d2b50b800 JavaThread "File watcher server" daemon [_thread_in_native, id=9088, stack(0x0000002b93c00000,0x0000002b93d00000)]
  0x0000021d2b50e000 JavaThread "File watcher consumer" daemon [_thread_blocked, id=17240, stack(0x0000002b93d00000,0x0000002b93e00000)]
  0x0000021d2b508800 JavaThread "Cache worker for checksums cache (D:\Appication\prm392_mgmt\.gradle\7.4\checksums)" [_thread_blocked, id=13724, stack(0x0000002b93e00000,0x0000002b93f00000)]
  0x0000021d2b50a800 JavaThread "Cache worker for cache directory md-rule (C:\Users\nguye\.gradle\caches\7.4\md-rule)" [_thread_blocked, id=17496, stack(0x0000002b93f00000,0x0000002b94000000)]
  0x0000021d2b50c800 JavaThread "Cache worker for file hash cache (D:\Appication\prm392_mgmt\.gradle\7.4\fileHashes)" [_thread_blocked, id=5100, stack(0x0000002b94000000,0x0000002b94100000)]
  0x0000021d2b50f000 JavaThread "Cache worker for cache directory md-supplier (C:\Users\nguye\.gradle\caches\7.4\md-supplier)" [_thread_blocked, id=10268, stack(0x0000002b94100000,0x0000002b94200000)]
  0x0000021d29e22800 JavaThread "Cache worker for execution history cache (C:\Users\nguye\.gradle\caches\7.4\executionHistory)" [_thread_blocked, id=8436, stack(0x0000002b94200000,0x0000002b94300000)]
  0x0000021d29e1d000 JavaThread "jar transforms" [_thread_blocked, id=15016, stack(0x0000002b94300000,0x0000002b94400000)]
  0x0000021d29e22000 JavaThread "Cache worker for file content cache (C:\Users\nguye\.gradle\caches\7.4\fileContent)" [_thread_blocked, id=13164, stack(0x0000002b94400000,0x0000002b94500000)]

Other Threads:
  0x0000021d26fff000 VMThread "VM Thread" [stack: 0x0000002b91a00000,0x0000002b91b00000] [id=13924]
  0x0000021d27afb000 WatcherThread [stack: 0x0000002b92400000,0x0000002b92500000] [id=7612]
  0x0000021d0cb81000 GCTaskThread "GC Thread#0" [stack: 0x0000002b91500000,0x0000002b91600000] [id=6616]
  0x0000021d288f3800 GCTaskThread "GC Thread#1" [stack: 0x0000002b92700000,0x0000002b92800000] [id=2448]
  0x0000021d288f4000 GCTaskThread "GC Thread#2" [stack: 0x0000002b92800000,0x0000002b92900000] [id=6924]
  0x0000021d29f18800 GCTaskThread "GC Thread#3" [stack: 0x0000002b93100000,0x0000002b93200000] [id=16232]
  0x0000021d28c06000 GCTaskThread "GC Thread#4" [stack: 0x0000002b93200000,0x0000002b93300000] [id=14000]
  0x0000021d2a4c1000 GCTaskThread "GC Thread#5" [stack: 0x0000002b93300000,0x0000002b93400000] [id=1004]
  0x0000021d299e7800 GCTaskThread "GC Thread#6" [stack: 0x0000002b93400000,0x0000002b93500000] [id=8864]
  0x0000021d299e8000 GCTaskThread "GC Thread#7" [stack: 0x0000002b93500000,0x0000002b93600000] [id=9960]
  0x0000021d0cbb2000 ConcurrentGCThread "G1 Main Marker" [stack: 0x0000002b91600000,0x0000002b91700000] [id=17308]
  0x0000021d0cbb5000 ConcurrentGCThread "G1 Conc#0" [stack: 0x0000002b91700000,0x0000002b91800000] [id=19328]
  0x0000021d29246800 ConcurrentGCThread "G1 Conc#1" [stack: 0x0000002b93900000,0x0000002b93a00000] [id=6000]
  0x0000021d26e50800 ConcurrentGCThread "G1 Refine#0" [stack: 0x0000002b91800000,0x0000002b91900000] [id=19088]
  0x0000021d0cc38000 ConcurrentGCThread "G1 Young RemSet Sampling" [stack: 0x0000002b91900000,0x0000002b91a00000] [id=1544]

Threads with active compile tasks:
C2 CompilerThread0   4901 3205       4       java.lang.invoke.MethodType::makeImpl (108 bytes)
C1 CompilerThread0   4901 3393       3       java.util.Collections$UnmodifiableMap$UnmodifiableEntrySet$1::hasNext (10 bytes)
C2 CompilerThread1   4901 3318       4       jdk.internal.org.objectweb.asm.Frame::execute (2264 bytes)
C2 CompilerThread2   4901 3326   !   4       jdk.internal.loader.URLClassPath$JarLoader::getResource (353 bytes)

VM state:not at safepoint (normal execution)

VM Mutex/Monitor currently owned by a thread: None

Heap address: 0x0000000080000000, size: 2048 MB, Compressed Oops mode: 32-bit
Narrow klass base: 0x0000000000000000, Narrow klass shift: 3
Compressed class space size: 1073741824 Address: 0x0000000100000000

Heap:
 garbage-first heap   total 129024K, used 74496K [0x0000000080000000, 0x0000000100000000)
  region size 1024K, 57 young (58368K), 7 survivors (7168K)
 Metaspace       used 39141K, capacity 40064K, committed 40348K, reserved 1085440K
  class space    used 4940K, capacity 5260K, committed 5324K, reserved 1048576K
Heap Regions: E=young(eden), S=young(survivor), O=old, HS=humongous(starts), HC=humongous(continues), CS=collection set, F=free, A=archive, TAMS=top-at-mark-start (previous, next)
|   0|0x0000000080000000, 0x0000000080100000, 0x0000000080100000|100%| O|  |TAMS 0x0000000080100000, 0x0000000080000000| Untracked 
|   1|0x0000000080100000, 0x0000000080200000, 0x0000000080200000|100%| O|  |TAMS 0x0000000080200000, 0x0000000080100000| Untracked 
|   2|0x0000000080200000, 0x0000000080300000, 0x0000000080300000|100%| O|  |TAMS 0x0000000080300000, 0x0000000080200000| Untracked 
|   3|0x0000000080300000, 0x0000000080400000, 0x0000000080400000|100%|HS|  |TAMS 0x0000000080400000, 0x0000000080300000| Complete 
|   4|0x0000000080400000, 0x0000000080500000, 0x0000000080500000|100%|HC|  |TAMS 0x0000000080500000, 0x0000000080400000| Complete 
|   5|0x0000000080500000, 0x0000000080600000, 0x0000000080600000|100%|HC|  |TAMS 0x0000000080600000, 0x0000000080500000| Complete 
|   6|0x0000000080600000, 0x0000000080700000, 0x0000000080700000|100%| O|  |TAMS 0x0000000080700000, 0x0000000080600000| Untracked 
|   7|0x0000000080700000, 0x0000000080800000, 0x0000000080800000|100%| O|  |TAMS 0x0000000080800000, 0x0000000080700000| Untracked 
|   8|0x0000000080800000, 0x0000000080900000, 0x0000000080900000|100%| O|  |TAMS 0x0000000080900000, 0x0000000080800000| Untracked 
|   9|0x0000000080900000, 0x0000000080a00000, 0x0000000080a00000|100%| O|  |TAMS 0x0000000080a00000, 0x0000000080900000| Untracked 
|  10|0x0000000080a00000, 0x0000000080b00000, 0x0000000080b00000|100%| O|  |TAMS 0x0000000080b00000, 0x0000000080a00000| Untracked 
|  11|0x0000000080b00000, 0x0000000080c00000, 0x0000000080c00000|100%| O|  |TAMS 0x0000000080c00000, 0x0000000080b00000| Untracked 
|  12|0x0000000080c00000, 0x0000000080d00000, 0x0000000080d00000|100%| O|  |TAMS 0x0000000080d00000, 0x0000000080c00000| Untracked 
|  13|0x0000000080d00000, 0x0000000080e00000, 0x0000000080e00000|100%| O|  |TAMS 0x0000000080e00000, 0x0000000080d00000| Untracked 
|  14|0x0000000080e00000, 0x0000000080f00000, 0x0000000080f00000|100%| O|  |TAMS 0x0000000080f00000, 0x0000000080e00000| Untracked 
|  15|0x0000000080f00000, 0x0000000080f48200, 0x0000000081000000| 28%| O|  |TAMS 0x0000000080f48200, 0x0000000080f00000| Untracked 
|  16|0x0000000081000000, 0x0000000081100000, 0x0000000081100000|100%|HS|  |TAMS 0x0000000081000000, 0x0000000081000000| Complete 
|  17|0x0000000081100000, 0x0000000081200000, 0x0000000081200000|100%|HS|  |TAMS 0x0000000081100000, 0x0000000081100000| Complete 
|  18|0x0000000081200000, 0x0000000081300000, 0x0000000081300000|100%|HC|  |TAMS 0x0000000081200000, 0x0000000081200000| Complete 
|  19|0x0000000081300000, 0x0000000081300000, 0x0000000081400000|  0%| F|  |TAMS 0x0000000081300000, 0x0000000081300000| Untracked 
|  20|0x0000000081400000, 0x0000000081400000, 0x0000000081500000|  0%| F|  |TAMS 0x0000000081400000, 0x0000000081400000| Untracked 
|  21|0x0000000081500000, 0x0000000081500000, 0x0000000081600000|  0%| F|  |TAMS 0x0000000081500000, 0x0000000081500000| Untracked 
|  22|0x0000000081600000, 0x0000000081600000, 0x0000000081700000|  0%| F|  |TAMS 0x0000000081600000, 0x0000000081600000| Untracked 
|  23|0x0000000081700000, 0x0000000081700000, 0x0000000081800000|  0%| F|  |TAMS 0x0000000081700000, 0x0000000081700000| Untracked 
|  24|0x0000000081800000, 0x0000000081800000, 0x0000000081900000|  0%| F|  |TAMS 0x0000000081800000, 0x0000000081800000| Untracked 
|  25|0x0000000081900000, 0x0000000081900000, 0x0000000081a00000|  0%| F|  |TAMS 0x0000000081900000, 0x0000000081900000| Untracked 
|  26|0x0000000081a00000, 0x0000000081a00000, 0x0000000081b00000|  0%| F|  |TAMS 0x0000000081a00000, 0x0000000081a00000| Untracked 
|  27|0x0000000081b00000, 0x0000000081b00000, 0x0000000081c00000|  0%| F|  |TAMS 0x0000000081b00000, 0x0000000081b00000| Untracked 
|  28|0x0000000081c00000, 0x0000000081c00000, 0x0000000081d00000|  0%| F|  |TAMS 0x0000000081c00000, 0x0000000081c00000| Untracked 
|  29|0x0000000081d00000, 0x0000000081d00000, 0x0000000081e00000|  0%| F|  |TAMS 0x0000000081d00000, 0x0000000081d00000| Untracked 
|  30|0x0000000081e00000, 0x0000000081e00000, 0x0000000081f00000|  0%| F|  |TAMS 0x0000000081e00000, 0x0000000081e00000| Untracked 
|  31|0x0000000081f00000, 0x0000000081f00000, 0x0000000082000000|  0%| F|  |TAMS 0x0000000081f00000, 0x0000000081f00000| Untracked 
|  32|0x0000000082000000, 0x0000000082000000, 0x0000000082100000|  0%| F|  |TAMS 0x0000000082000000, 0x0000000082000000| Untracked 
|  33|0x0000000082100000, 0x0000000082100000, 0x0000000082200000|  0%| F|  |TAMS 0x0000000082100000, 0x0000000082100000| Untracked 
|  34|0x0000000082200000, 0x0000000082200000, 0x0000000082300000|  0%| F|  |TAMS 0x0000000082200000, 0x0000000082200000| Untracked 
|  35|0x0000000082300000, 0x0000000082300000, 0x0000000082400000|  0%| F|  |TAMS 0x0000000082300000, 0x0000000082300000| Untracked 
|  36|0x0000000082400000, 0x0000000082400000, 0x0000000082500000|  0%| F|  |TAMS 0x0000000082400000, 0x0000000082400000| Untracked 
|  37|0x0000000082500000, 0x0000000082500000, 0x0000000082600000|  0%| F|  |TAMS 0x0000000082500000, 0x0000000082500000| Untracked 
|  38|0x0000000082600000, 0x0000000082600000, 0x0000000082700000|  0%| F|  |TAMS 0x0000000082600000, 0x0000000082600000| Untracked 
|  39|0x0000000082700000, 0x0000000082700000, 0x0000000082800000|  0%| F|  |TAMS 0x0000000082700000, 0x0000000082700000| Untracked 
|  40|0x0000000082800000, 0x0000000082800000, 0x0000000082900000|  0%| F|  |TAMS 0x0000000082800000, 0x0000000082800000| Untracked 
|  41|0x0000000082900000, 0x0000000082900000, 0x0000000082a00000|  0%| F|  |TAMS 0x0000000082900000, 0x0000000082900000| Untracked 
|  42|0x0000000082a00000, 0x0000000082a00000, 0x0000000082b00000|  0%| F|  |TAMS 0x0000000082a00000, 0x0000000082a00000| Untracked 
|  43|0x0000000082b00000, 0x0000000082b00000, 0x0000000082c00000|  0%| F|  |TAMS 0x0000000082b00000, 0x0000000082b00000| Untracked 
|  44|0x0000000082c00000, 0x0000000082c00000, 0x0000000082d00000|  0%| F|  |TAMS 0x0000000082c00000, 0x0000000082c00000| Untracked 
|  45|0x0000000082d00000, 0x0000000082d00000, 0x0000000082e00000|  0%| F|  |TAMS 0x0000000082d00000, 0x0000000082d00000| Untracked 
|  46|0x0000000082e00000, 0x0000000082e00000, 0x0000000082f00000|  0%| F|  |TAMS 0x0000000082e00000, 0x0000000082e00000| Untracked 
|  47|0x0000000082f00000, 0x0000000082f00000, 0x0000000083000000|  0%| F|  |TAMS 0x0000000082f00000, 0x0000000082f00000| Untracked 
|  48|0x0000000083000000, 0x0000000083000000, 0x0000000083100000|  0%| F|  |TAMS 0x0000000083000000, 0x0000000083000000| Untracked 
|  49|0x0000000083100000, 0x0000000083100000, 0x0000000083200000|  0%| F|  |TAMS 0x0000000083100000, 0x0000000083100000| Untracked 
|  50|0x0000000083200000, 0x0000000083200000, 0x0000000083300000|  0%| F|  |TAMS 0x0000000083200000, 0x0000000083200000| Untracked 
|  51|0x0000000083300000, 0x0000000083300000, 0x0000000083400000|  0%| F|  |TAMS 0x0000000083300000, 0x0000000083300000| Untracked 
|  52|0x0000000083400000, 0x0000000083400000, 0x0000000083500000|  0%| F|  |TAMS 0x0000000083400000, 0x0000000083400000| Untracked 
|  53|0x0000000083500000, 0x0000000083500000, 0x0000000083600000|  0%| F|  |TAMS 0x0000000083500000, 0x0000000083500000| Untracked 
|  54|0x0000000083600000, 0x0000000083600000, 0x0000000083700000|  0%| F|  |TAMS 0x0000000083600000, 0x0000000083600000| Untracked 
|  55|0x0000000083700000, 0x0000000083700000, 0x0000000083800000|  0%| F|  |TAMS 0x0000000083700000, 0x0000000083700000| Untracked 
|  56|0x0000000083800000, 0x0000000083878030, 0x0000000083900000| 46%| S|CS|TAMS 0x0000000083800000, 0x0000000083800000| Complete 
|  57|0x0000000083900000, 0x0000000083a00000, 0x0000000083a00000|100%| S|CS|TAMS 0x0000000083900000, 0x0000000083900000| Complete 
|  58|0x0000000083a00000, 0x0000000083b00000, 0x0000000083b00000|100%| S|CS|TAMS 0x0000000083a00000, 0x0000000083a00000| Complete 
|  59|0x0000000083b00000, 0x0000000083c00000, 0x0000000083c00000|100%| S|CS|TAMS 0x0000000083b00000, 0x0000000083b00000| Complete 
|  60|0x0000000083c00000, 0x0000000083d00000, 0x0000000083d00000|100%| S|CS|TAMS 0x0000000083c00000, 0x0000000083c00000| Complete 
|  61|0x0000000083d00000, 0x0000000083e00000, 0x0000000083e00000|100%| S|CS|TAMS 0x0000000083d00000, 0x0000000083d00000| Complete 
|  62|0x0000000083e00000, 0x0000000083f00000, 0x0000000083f00000|100%| S|CS|TAMS 0x0000000083e00000, 0x0000000083e00000| Complete 
|  63|0x0000000083f00000, 0x0000000083f00000, 0x0000000084000000|  0%| F|  |TAMS 0x0000000083f00000, 0x0000000083f00000| Untracked 
|  64|0x0000000084000000, 0x0000000084000000, 0x0000000084100000|  0%| F|  |TAMS 0x0000000084000000, 0x0000000084000000| Untracked 
|  65|0x0000000084100000, 0x0000000084100000, 0x0000000084200000|  0%| F|  |TAMS 0x0000000084100000, 0x0000000084100000| Untracked 
|  66|0x0000000084200000, 0x0000000084200000, 0x0000000084300000|  0%| F|  |TAMS 0x0000000084200000, 0x0000000084200000| Untracked 
|  67|0x0000000084300000, 0x0000000084300000, 0x0000000084400000|  0%| F|  |TAMS 0x0000000084300000, 0x0000000084300000| Untracked 
|  68|0x0000000084400000, 0x0000000084400000, 0x0000000084500000|  0%| F|  |TAMS 0x0000000084400000, 0x0000000084400000| Untracked 
|  69|0x0000000084500000, 0x0000000084500000, 0x0000000084600000|  0%| F|  |TAMS 0x0000000084500000, 0x0000000084500000| Untracked 
|  70|0x0000000084600000, 0x0000000084600000, 0x0000000084700000|  0%| F|  |TAMS 0x0000000084600000, 0x0000000084600000| Untracked 
|  71|0x0000000084700000, 0x0000000084700000, 0x0000000084800000|  0%| F|  |TAMS 0x0000000084700000, 0x0000000084700000| Untracked 
|  72|0x0000000084800000, 0x0000000084800000, 0x0000000084900000|  0%| F|  |TAMS 0x0000000084800000, 0x0000000084800000| Untracked 
|  73|0x0000000084900000, 0x0000000084900000, 0x0000000084a00000|  0%| F|  |TAMS 0x0000000084900000, 0x0000000084900000| Untracked 
|  74|0x0000000084a00000, 0x0000000084a00000, 0x0000000084b00000|  0%| F|  |TAMS 0x0000000084a00000, 0x0000000084a00000| Untracked 
|  75|0x0000000084b00000, 0x0000000084b00000, 0x0000000084c00000|  0%| F|  |TAMS 0x0000000084b00000, 0x0000000084b00000| Untracked 
|  76|0x0000000084c00000, 0x0000000084c80800, 0x0000000084d00000| 50%| E|  |TAMS 0x0000000084c00000, 0x0000000084c00000| Complete 
|  77|0x0000000084d00000, 0x0000000084e00000, 0x0000000084e00000|100%| E|CS|TAMS 0x0000000084d00000, 0x0000000084d00000| Complete 
|  78|0x0000000084e00000, 0x0000000084f00000, 0x0000000084f00000|100%| E|CS|TAMS 0x0000000084e00000, 0x0000000084e00000| Complete 
|  79|0x0000000084f00000, 0x0000000085000000, 0x0000000085000000|100%| E|CS|TAMS 0x0000000084f00000, 0x0000000084f00000| Complete 
|  80|0x0000000085000000, 0x0000000085100000, 0x0000000085100000|100%| E|CS|TAMS 0x0000000085000000, 0x0000000085000000| Complete 
|  81|0x0000000085100000, 0x0000000085200000, 0x0000000085200000|100%| E|CS|TAMS 0x0000000085100000, 0x0000000085100000| Complete 
|  82|0x0000000085200000, 0x0000000085300000, 0x0000000085300000|100%| E|CS|TAMS 0x0000000085200000, 0x0000000085200000| Complete 
|  83|0x0000000085300000, 0x0000000085400000, 0x0000000085400000|100%| E|CS|TAMS 0x0000000085300000, 0x0000000085300000| Complete 
|  84|0x0000000085400000, 0x0000000085500000, 0x0000000085500000|100%| E|CS|TAMS 0x0000000085400000, 0x0000000085400000| Complete 
|  85|0x0000000085500000, 0x0000000085600000, 0x0000000085600000|100%| E|CS|TAMS 0x0000000085500000, 0x0000000085500000| Complete 
|  86|0x0000000085600000, 0x0000000085700000, 0x0000000085700000|100%| E|CS|TAMS 0x0000000085600000, 0x0000000085600000| Complete 
|  87|0x0000000085700000, 0x0000000085800000, 0x0000000085800000|100%| E|CS|TAMS 0x0000000085700000, 0x0000000085700000| Complete 
|  88|0x0000000085800000, 0x0000000085900000, 0x0000000085900000|100%| E|  |TAMS 0x0000000085800000, 0x0000000085800000| Complete 
|  89|0x0000000085900000, 0x0000000085a00000, 0x0000000085a00000|100%| E|CS|TAMS 0x0000000085900000, 0x0000000085900000| Complete 
|  90|0x0000000085a00000, 0x0000000085b00000, 0x0000000085b00000|100%| E|CS|TAMS 0x0000000085a00000, 0x0000000085a00000| Complete 
|  91|0x0000000085b00000, 0x0000000085c00000, 0x0000000085c00000|100%| E|CS|TAMS 0x0000000085b00000, 0x0000000085b00000| Complete 
|  92|0x0000000085c00000, 0x0000000085d00000, 0x0000000085d00000|100%| E|CS|TAMS 0x0000000085c00000, 0x0000000085c00000| Complete 
|  93|0x0000000085d00000, 0x0000000085e00000, 0x0000000085e00000|100%| E|CS|TAMS 0x0000000085d00000, 0x0000000085d00000| Complete 
|  94|0x0000000085e00000, 0x0000000085f00000, 0x0000000085f00000|100%| E|CS|TAMS 0x0000000085e00000, 0x0000000085e00000| Complete 
|  95|0x0000000085f00000, 0x0000000086000000, 0x0000000086000000|100%| E|CS|TAMS 0x0000000085f00000, 0x0000000085f00000| Complete 
|  96|0x0000000086000000, 0x0000000086100000, 0x0000000086100000|100%| E|CS|TAMS 0x0000000086000000, 0x0000000086000000| Complete 
|  97|0x0000000086100000, 0x0000000086200000, 0x0000000086200000|100%| E|CS|TAMS 0x0000000086100000, 0x0000000086100000| Complete 
|  98|0x0000000086200000, 0x0000000086300000, 0x0000000086300000|100%| E|CS|TAMS 0x0000000086200000, 0x0000000086200000| Complete 
|  99|0x0000000086300000, 0x0000000086400000, 0x0000000086400000|100%| E|CS|TAMS 0x0000000086300000, 0x0000000086300000| Complete 
| 100|0x0000000086400000, 0x0000000086500000, 0x0000000086500000|100%| E|CS|TAMS 0x0000000086400000, 0x0000000086400000| Complete 
| 101|0x0000000086500000, 0x0000000086600000, 0x0000000086600000|100%| E|CS|TAMS 0x0000000086500000, 0x0000000086500000| Complete 
| 102|0x0000000086600000, 0x0000000086700000, 0x0000000086700000|100%| E|CS|TAMS 0x0000000086600000, 0x0000000086600000| Complete 
| 103|0x0000000086700000, 0x0000000086800000, 0x0000000086800000|100%| E|CS|TAMS 0x0000000086700000, 0x0000000086700000| Complete 
| 104|0x0000000086800000, 0x0000000086900000, 0x0000000086900000|100%| E|CS|TAMS 0x0000000086800000, 0x0000000086800000| Complete 
| 105|0x0000000086900000, 0x0000000086a00000, 0x0000000086a00000|100%| E|CS|TAMS 0x0000000086900000, 0x0000000086900000| Complete 
| 106|0x0000000086a00000, 0x0000000086b00000, 0x0000000086b00000|100%| E|CS|TAMS 0x0000000086a00000, 0x0000000086a00000| Complete 
| 107|0x0000000086b00000, 0x0000000086c00000, 0x0000000086c00000|100%| E|CS|TAMS 0x0000000086b00000, 0x0000000086b00000| Complete 
| 108|0x0000000086c00000, 0x0000000086d00000, 0x0000000086d00000|100%| E|CS|TAMS 0x0000000086c00000, 0x0000000086c00000| Complete 
| 109|0x0000000086d00000, 0x0000000086e00000, 0x0000000086e00000|100%| E|CS|TAMS 0x0000000086d00000, 0x0000000086d00000| Complete 
| 110|0x0000000086e00000, 0x0000000086f00000, 0x0000000086f00000|100%| E|CS|TAMS 0x0000000086e00000, 0x0000000086e00000| Complete 
| 111|0x0000000086f00000, 0x0000000087000000, 0x0000000087000000|100%| E|CS|TAMS 0x0000000086f00000, 0x0000000086f00000| Complete 
| 112|0x0000000087000000, 0x0000000087100000, 0x0000000087100000|100%| E|CS|TAMS 0x0000000087000000, 0x0000000087000000| Complete 
| 113|0x0000000087100000, 0x0000000087200000, 0x0000000087200000|100%| E|CS|TAMS 0x0000000087100000, 0x0000000087100000| Complete 
| 114|0x0000000087200000, 0x0000000087300000, 0x0000000087300000|100%| E|CS|TAMS 0x0000000087200000, 0x0000000087200000| Complete 
| 115|0x0000000087300000, 0x0000000087400000, 0x0000000087400000|100%| E|CS|TAMS 0x0000000087300000, 0x0000000087300000| Complete 
| 116|0x0000000087400000, 0x0000000087500000, 0x0000000087500000|100%| E|CS|TAMS 0x0000000087400000, 0x0000000087400000| Complete 
| 117|0x0000000087500000, 0x0000000087600000, 0x0000000087600000|100%| E|CS|TAMS 0x0000000087500000, 0x0000000087500000| Complete 
| 118|0x0000000087600000, 0x0000000087700000, 0x0000000087700000|100%| E|CS|TAMS 0x0000000087600000, 0x0000000087600000| Complete 
| 119|0x0000000087700000, 0x0000000087800000, 0x0000000087800000|100%| E|CS|TAMS 0x0000000087700000, 0x0000000087700000| Complete 
| 120|0x0000000087800000, 0x0000000087900000, 0x0000000087900000|100%| E|CS|TAMS 0x0000000087800000, 0x0000000087800000| Complete 
| 121|0x0000000087900000, 0x0000000087a00000, 0x0000000087a00000|100%| E|CS|TAMS 0x0000000087900000, 0x0000000087900000| Complete 
| 122|0x0000000087a00000, 0x0000000087b00000, 0x0000000087b00000|100%| E|CS|TAMS 0x0000000087a00000, 0x0000000087a00000| Complete 
| 123|0x0000000087b00000, 0x0000000087c00000, 0x0000000087c00000|100%| E|CS|TAMS 0x0000000087b00000, 0x0000000087b00000| Complete 
| 124|0x0000000087c00000, 0x0000000087d00000, 0x0000000087d00000|100%| E|CS|TAMS 0x0000000087c00000, 0x0000000087c00000| Complete 
| 125|0x0000000087d00000, 0x0000000087e00000, 0x0000000087e00000|100%| E|CS|TAMS 0x0000000087d00000, 0x0000000087d00000| Complete 

Card table byte_map: [0x0000021d1fdb0000,0x0000021d201b0000] _byte_map_base: 0x0000021d1f9b0000

Marking Bits (Prev, Next): (CMBitMap*) 0x0000021d0cba8f28, (CMBitMap*) 0x0000021d0cba8f60
 Prev Bits: [0x0000021d205b0000, 0x0000021d225b0000)
 Next Bits: [0x0000021d225b0000, 0x0000021d245b0000)

Polling page: 0x0000021d0c340000

Metaspace:

Usage:
  Non-class:     33.99 MB capacity,    33.40 MB ( 98%) used,   506.30 KB (  1%) free+waste,    91.00 KB ( <1%) overhead. 
      Class:      5.14 MB capacity,     4.82 MB ( 94%) used,   276.27 KB (  5%) free+waste,    43.50 KB ( <1%) overhead. 
       Both:     39.13 MB capacity,    38.23 MB ( 98%) used,   782.57 KB (  2%) free+waste,   134.50 KB ( <1%) overhead. 

Virtual space:
  Non-class space:       36.00 MB reserved,      34.20 MB ( 95%) committed 
      Class space:        1.00 GB reserved,       5.20 MB ( <1%) committed 
             Both:        1.04 GB reserved,      39.40 MB (  4%) committed 

Chunk freelists:
   Non-Class:  28.00 KB
       Class:  20.00 KB
        Both:  48.00 KB

MaxMetaspaceSize: 17179869184.00 GB
CompressedClassSpaceSize: 1.00 GB
Initial GC threshold: 20.80 MB
Current GC threshold: 59.21 MB
CDS: off

CodeHeap 'non-profiled nmethods': size=120000Kb used=1862Kb max_used=1862Kb free=118137Kb
 bounds [0x0000021d18150000, 0x0000021d183c0000, 0x0000021d1f680000]
CodeHeap 'profiled nmethods': size=120000Kb used=7023Kb max_used=7023Kb free=112976Kb
 bounds [0x0000021d10c20000, 0x0000021d11300000, 0x0000021d18150000]
CodeHeap 'non-nmethods': size=5760Kb used=2296Kb max_used=2296Kb free=3463Kb
 bounds [0x0000021d10680000, 0x0000021d108f0000, 0x0000021d10c20000]
 total_blobs=4148 nmethods=3384 adapters=674
 compilation: enabled
              stopped_count=0, restarted_count=0
 full_count=0

Compilation events (20 events):
Event: 4.793 Thread 0x0000021d27024800 3332       1       groovy.lang.MetaBeanProperty::getField (5 bytes)
Event: 4.794 Thread 0x0000021d27024800 nmethod 3332 0x0000021d18320990 code [0x0000021d18320b40, 0x0000021d18320bf8]
Event: 4.834 Thread 0x0000021d27024800 3333       3       java.lang.NoSuchMethodException::<init> (6 bytes)
Event: 4.835 Thread 0x0000021d27024800 nmethod 3333 0x0000021d112bfb10 code [0x0000021d112bfce0, 0x0000021d112bfec8]
Event: 4.835 Thread 0x0000021d27024800 3334       3       java.lang.Class::methodToString (98 bytes)
Event: 4.836 Thread 0x0000021d27024800 nmethod 3334 0x0000021d112bff90 code [0x0000021d112c0280, 0x0000021d112c0f98]
Event: 4.836 Thread 0x0000021d27024800 3335       3       java.lang.Class::getMethods (26 bytes)
Event: 4.836 Thread 0x0000021d27024800 nmethod 3335 0x0000021d112c1490 code [0x0000021d112c1680, 0x0000021d112c18f8]
Event: 4.837 Thread 0x0000021d27024800 3337       3       java.util.ComparableTimSort::binarySort (223 bytes)
Event: 4.837 Thread 0x0000021d27024800 nmethod 3337 0x0000021d112c1a10 code [0x0000021d112c1c60, 0x0000021d112c27f8]
Event: 4.837 Thread 0x0000021d27024800 3338       3       org.codehaus.groovy.runtime.metaclass.MetaMethodIndex::isNonRealMethod (55 bytes)
Event: 4.838 Thread 0x0000021d27024800 nmethod 3338 0x0000021d112c2b10 code [0x0000021d112c2d00, 0x0000021d112c35f8]
Event: 4.838 Thread 0x0000021d27024800 3339       3       org.codehaus.groovy.runtime.metaclass.MetaMethodIndex::isOverridden (101 bytes)
Event: 4.838 Thread 0x0000021d27024800 nmethod 3339 0x0000021d112c3690 code [0x0000021d112c3900, 0x0000021d112c4588]
Event: 4.838 Thread 0x0000021d27024800 3341       3       org.codehaus.groovy.util.FastArray::copy (31 bytes)
Event: 4.839 Thread 0x0000021d27024800 nmethod 3341 0x0000021d112c4810 code [0x0000021d112c49e0, 0x0000021d112c4da8]
Event: 4.839 Thread 0x0000021d27024800 3340       3       org.codehaus.groovy.reflection.CachedClass::addSubclassExpandos (138 bytes)
Event: 4.839 Thread 0x0000021d27024800 nmethod 3340 0x0000021d112c4f10 code [0x0000021d112c51c0, 0x0000021d112c60f8]
Event: 4.839 Thread 0x0000021d27024800 3343       3       java.lang.invoke.StringConcatFactory$MethodHandleInlineCopyStrategy::newArray (16 bytes)
Event: 4.840 Thread 0x0000021d27024800 nmethod 3343 0x0000021d112c6510 code [0x0000021d112c66e0, 0x0000021d112c68e8]

GC Heap History (10 events):
Event: 0.835 GC heap before
{Heap before GC invocations=0 (full 0):
 garbage-first heap   total 129024K, used 29696K [0x0000000080000000, 0x0000000100000000)
  region size 1024K, 24 young (24576K), 0 survivors (0K)
 Metaspace       used 9780K, capacity 9956K, committed 10112K, reserved 1058816K
  class space    used 1005K, capacity 1069K, committed 1152K, reserved 1048576K
}
Event: 0.841 GC heap after
{Heap after GC invocations=1 (full 0):
 garbage-first heap   total 129024K, used 9178K [0x0000000080000000, 0x0000000100000000)
  region size 1024K, 3 young (3072K), 3 survivors (3072K)
 Metaspace       used 9780K, capacity 9956K, committed 10112K, reserved 1058816K
  class space    used 1005K, capacity 1069K, committed 1152K, reserved 1048576K
}
Event: 2.274 GC heap before
{Heap before GC invocations=1 (full 0):
 garbage-first heap   total 129024K, used 82906K [0x0000000080000000, 0x0000000100000000)
  region size 1024K, 75 young (76800K), 3 survivors (3072K)
 Metaspace       used 17441K, capacity 17779K, committed 18048K, reserved 1064960K
  class space    used 2031K, capacity 2145K, committed 2176K, reserved 1048576K
}
Event: 2.281 GC heap after
{Heap after GC invocations=2 (full 0):
 garbage-first heap   total 129024K, used 16052K [0x0000000080000000, 0x0000000100000000)
  region size 1024K, 10 young (10240K), 10 survivors (10240K)
 Metaspace       used 17441K, capacity 17779K, committed 18048K, reserved 1064960K
  class space    used 2031K, capacity 2145K, committed 2176K, reserved 1048576K
}
Event: 2.631 GC heap before
{Heap before GC invocations=2 (full 0):
 garbage-first heap   total 129024K, used 46772K [0x0000000080000000, 0x0000000100000000)
  region size 1024K, 41 young (41984K), 10 survivors (10240K)
 Metaspace       used 20743K, capacity 21125K, committed 21296K, reserved 1069056K
  class space    used 2527K, capacity 2688K, committed 2688K, reserved 1048576K
}
Event: 2.639 GC heap after
{Heap after GC invocations=3 (full 0):
 garbage-first heap   total 129024K, used 17004K [0x0000000080000000, 0x0000000100000000)
  region size 1024K, 2 young (2048K), 2 survivors (2048K)
 Metaspace       used 20743K, capacity 21125K, committed 21296K, reserved 1069056K
  class space    used 2527K, capacity 2688K, committed 2688K, reserved 1048576K
}
Event: 3.295 GC heap before
{Heap before GC invocations=4 (full 0):
 garbage-first heap   total 129024K, used 71276K [0x0000000080000000, 0x0000000100000000)
  region size 1024K, 56 young (57344K), 2 survivors (2048K)
 Metaspace       used 26593K, capacity 27175K, committed 27264K, reserved 1073152K
  class space    used 3444K, capacity 3670K, committed 3712K, reserved 1048576K
}
Event: 3.300 GC heap after
{Heap after GC invocations=5 (full 0):
 garbage-first heap   total 129024K, used 18759K [0x0000000080000000, 0x0000000100000000)
  region size 1024K, 4 young (4096K), 4 survivors (4096K)
 Metaspace       used 26593K, capacity 27175K, committed 27264K, reserved 1073152K
  class space    used 3444K, capacity 3670K, committed 3712K, reserved 1048576K
}
Event: 4.272 GC heap before
{Heap before GC invocations=5 (full 0):
 garbage-first heap   total 129024K, used 78151K [0x0000000080000000, 0x0000000100000000)
  region size 1024K, 63 young (64512K), 4 survivors (4096K)
 Metaspace       used 35169K, capacity 35970K, committed 36048K, reserved 1081344K
  class space    used 4526K, capacity 4838K, committed 4864K, reserved 1048576K
}
Event: 4.287 GC heap after
{Heap after GC invocations=6 (full 0):
 garbage-first heap   total 129024K, used 22272K [0x0000000080000000, 0x0000000100000000)
  region size 1024K, 7 young (7168K), 7 survivors (7168K)
 Metaspace       used 35169K, capacity 35970K, committed 36048K, reserved 1081344K
  class space    used 4526K, capacity 4838K, committed 4864K, reserved 1048576K
}

Deoptimization events (20 events):
Event: 4.778 Thread 0x0000021d2a06a000 Uncommon trap: trap_request=0xffffffde fr.pc=0x0000021d182faf0c relative=0x000000000000046c
Event: 4.778 Thread 0x0000021d2a06a000 Uncommon trap: reason=class_check action=maybe_recompile pc=0x0000021d182faf0c method=java.util.regex.Pattern$Start.match(Ljava/util/regex/Matcher;ILjava/lang/CharSequence;)Z @ 44 c2
Event: 4.778 Thread 0x0000021d2a06a000 DEOPT PACKING pc=0x0000021d182faf0c sp=0x0000002b92df7780
Event: 4.778 Thread 0x0000021d2a06a000 DEOPT UNPACKING pc=0x0000021d106ca1af sp=0x0000002b92df7648 mode 2
Event: 4.778 Thread 0x0000021d2a06a000 Uncommon trap: trap_request=0xffffffde fr.pc=0x0000021d182faf0c relative=0x000000000000046c
Event: 4.778 Thread 0x0000021d2a06a000 Uncommon trap: reason=class_check action=maybe_recompile pc=0x0000021d182faf0c method=java.util.regex.Pattern$Start.match(Ljava/util/regex/Matcher;ILjava/lang/CharSequence;)Z @ 44 c2
Event: 4.778 Thread 0x0000021d2a06a000 DEOPT PACKING pc=0x0000021d182faf0c sp=0x0000002b92df7780
Event: 4.778 Thread 0x0000021d2a06a000 DEOPT UNPACKING pc=0x0000021d106ca1af sp=0x0000002b92df7648 mode 2
Event: 4.778 Thread 0x0000021d2a06a000 Uncommon trap: trap_request=0xffffffde fr.pc=0x0000021d182ea84c relative=0x000000000000044c
Event: 4.778 Thread 0x0000021d2a06a000 Uncommon trap: reason=class_check action=maybe_recompile pc=0x0000021d182ea84c method=java.util.regex.Pattern$Start.match(Ljava/util/regex/Matcher;ILjava/lang/CharSequence;)Z @ 44 c2
Event: 4.778 Thread 0x0000021d2a06a000 DEOPT PACKING pc=0x0000021d182ea84c sp=0x0000002b92df7700
Event: 4.778 Thread 0x0000021d2a06a000 DEOPT UNPACKING pc=0x0000021d106ca1af sp=0x0000002b92df7640 mode 2
Event: 4.779 Thread 0x0000021d2a06a000 Uncommon trap: trap_request=0xffffffde fr.pc=0x0000021d182ec844 relative=0x00000000000002e4
Event: 4.779 Thread 0x0000021d2a06a000 Uncommon trap: reason=class_check action=maybe_recompile pc=0x0000021d182ec844 method=java.util.regex.Pattern$Start.match(Ljava/util/regex/Matcher;ILjava/lang/CharSequence;)Z @ 44 c2
Event: 4.779 Thread 0x0000021d2a06a000 DEOPT PACKING pc=0x0000021d182ec844 sp=0x0000002b92df7680
Event: 4.779 Thread 0x0000021d2a06a000 DEOPT UNPACKING pc=0x0000021d106ca1af sp=0x0000002b92df7640 mode 2
Event: 4.786 Thread 0x0000021d2a06a000 Uncommon trap: trap_request=0xffffffbe fr.pc=0x0000021d182f5f3c relative=0x0000000000003c1c
Event: 4.786 Thread 0x0000021d2a06a000 Uncommon trap: reason=profile_predicate action=maybe_recompile pc=0x0000021d182f5f3c method=java.util.AbstractCollection.addAll(Ljava/util/Collection;)Z @ 15 c2
Event: 4.786 Thread 0x0000021d2a06a000 DEOPT PACKING pc=0x0000021d182f5f3c sp=0x0000002b92df9670
Event: 4.786 Thread 0x0000021d2a06a000 DEOPT UNPACKING pc=0x0000021d106ca1af sp=0x0000002b92df9688 mode 2

Classes redefined (0 events):
No events

Internal exceptions (20 events):
Event: 4.751 Thread 0x0000021d2a06a000 Exception <a 'java/lang/ClassNotFoundException'{0x0000000085c5fd80}: org/gradle/initialization/SettingsScriptBeanInfo> (0x0000000085c5fd80) thrown at [./src/hotspot/share/classfile/systemDictionary.cpp, line 231]
Event: 4.752 Thread 0x0000021d2a06a000 Exception <a 'java/lang/ClassNotFoundException'{0x0000000085c773b8}: org/gradle/plugin/use/internal/PluginsAwareScriptBeanInfo> (0x0000000085c773b8) thrown at [./src/hotspot/share/classfile/systemDictionary.cpp, line 231]
Event: 4.752 Thread 0x0000021d2a06a000 Exception <a 'java/lang/ClassNotFoundException'{0x0000000085c8db70}: org/gradle/groovy/scripts/DefaultScriptBeanInfo> (0x0000000085c8db70) thrown at [./src/hotspot/share/classfile/systemDictionary.cpp, line 231]
Event: 4.752 Thread 0x0000021d2a06a000 Exception <a 'java/lang/ClassNotFoundException'{0x0000000085ca3ef0}: org/gradle/groovy/scripts/BasicScriptBeanInfo> (0x0000000085ca3ef0) thrown at [./src/hotspot/share/classfile/systemDictionary.cpp, line 231]
Event: 4.753 Thread 0x0000021d2a06a000 Exception <a 'java/lang/ClassNotFoundException'{0x0000000085cb9110}: org/gradle/groovy/scripts/ScriptBeanInfo> (0x0000000085cb9110) thrown at [./src/hotspot/share/classfile/systemDictionary.cpp, line 231]
Event: 4.753 Thread 0x0000021d2a06a000 Exception <a 'java/lang/ClassNotFoundException'{0x0000000085cd9da8}: groovy/lang/ScriptBeanInfo> (0x0000000085cd9da8) thrown at [./src/hotspot/share/classfile/systemDictionary.cpp, line 231]
Event: 4.754 Thread 0x0000021d2a06a000 Exception <a 'java/lang/ClassNotFoundException'{0x0000000085cfb270}: groovy/lang/ScriptCustomizer> (0x0000000085cfb270) thrown at [./src/hotspot/share/classfile/systemDictionary.cpp, line 231]
Event: 4.755 Thread 0x0000021d2a06a000 Exception <a 'java/lang/ClassNotFoundException'{0x0000000085b18a68}: org/gradle/groovy/scripts/ScriptCustomizer> (0x0000000085b18a68) thrown at [./src/hotspot/share/classfile/systemDictionary.cpp, line 231]
Event: 4.755 Thread 0x0000021d2a06a000 Exception <a 'java/lang/ClassNotFoundException'{0x0000000085b35a20}: org/gradle/groovy/scripts/BasicScriptCustomizer> (0x0000000085b35a20) thrown at [./src/hotspot/share/classfile/systemDictionary.cpp, line 231]
Event: 4.757 Thread 0x0000021d2a06a000 Exception <a 'java/lang/ClassNotFoundException'{0x0000000085b58538}: org/gradle/groovy/scripts/DefaultScriptCustomizer> (0x0000000085b58538) thrown at [./src/hotspot/share/classfile/systemDictionary.cpp, line 231]
Event: 4.760 Thread 0x0000021d2a06a000 Exception <a 'java/lang/ClassNotFoundException'{0x0000000085ba9028}: org/gradle/plugin/use/internal/PluginsAwareScriptCustomizer> (0x0000000085ba9028) thrown at [./src/hotspot/share/classfile/systemDictionary.cpp, line 231]
Event: 4.761 Thread 0x0000021d2a06a000 Exception <a 'java/lang/ClassNotFoundException'{0x0000000085bc6ba8}: org/gradle/initialization/SettingsScriptCustomizer> (0x0000000085bc6ba8) thrown at [./src/hotspot/share/classfile/systemDictionary.cpp, line 231]
Event: 4.761 Thread 0x0000021d2a06a000 Exception <a 'java/lang/ClassNotFoundException'{0x0000000085bd9c18}: settings_141gpvd6tvljcuk1bg6eh1f2uCustomizer> (0x0000000085bd9c18) thrown at [./src/hotspot/share/classfile/systemDictionary.cpp, line 231]
Event: 4.776 Thread 0x0000021d2a06a000 Exception <a 'java/lang/ClassNotFoundException'{0x0000000085911810}: groovy/lang/Closure$1BeanInfo> (0x0000000085911810) thrown at [./src/hotspot/share/classfile/systemDictionary.cpp, line 231]
Event: 4.777 Thread 0x0000021d2a06a000 Exception <a 'java/lang/ClassNotFoundException'{0x0000000085944018}: groovy/lang/ClosureBeanInfo> (0x0000000085944018) thrown at [./src/hotspot/share/classfile/systemDictionary.cpp, line 231]
Event: 4.777 Thread 0x0000021d2a06a000 Exception <a 'java/lang/ClassNotFoundException'{0x00000000859768c8}: groovy/lang/ClosureCustomizer> (0x00000000859768c8) thrown at [./src/hotspot/share/classfile/systemDictionary.cpp, line 231]
Event: 4.780 Thread 0x0000021d2a06a000 Exception <a 'java/lang/ClassNotFoundException'{0x00000000859cc2b8}: groovy/lang/Closure$1Customizer> (0x00000000859cc2b8) thrown at [./src/hotspot/share/classfile/systemDictionary.cpp, line 231]
Event: 4.839 Thread 0x0000021d2a06a000 Exception <a 'java/lang/ClassNotFoundException'{0x00000000856288b0}: org/gradle/initialization/DefaultSettings_DecoratedBeanInfo> (0x00000000856288b0) thrown at [./src/hotspot/share/classfile/systemDictionary.cpp, line 231]
Event: 4.840 Thread 0x0000021d2a06a000 Exception <a 'java/lang/ClassNotFoundException'{0x000000008564bd18}: org/gradle/initialization/DefaultSettingsBeanInfo> (0x000000008564bd18) thrown at [./src/hotspot/share/classfile/systemDictionary.cpp, line 231]
Event: 4.840 Thread 0x0000021d2a06a000 Exception <a 'java/lang/ClassNotFoundException'{0x0000000085673110}: org/gradle/api/internal/project/AbstractPluginAwareBeanInfo> (0x0000000085673110) thrown at [./src/hotspot/share/classfile/systemDictionary.cpp, line 231]

Events (20 events):
Event: 4.839 loading class org/gradle/initialization/DefaultSettings_DecoratedBeanInfo
Event: 4.839 loading class org/gradle/initialization/DefaultSettings_DecoratedBeanInfo done
Event: 4.839 loading class org/gradle/initialization/DefaultSettingsBeanInfo
Event: 4.839 loading class org/gradle/initialization/DefaultSettingsBeanInfo done
Event: 4.839 loading class org/gradle/initialization/DefaultSettingsBeanInfo
Event: 4.839 loading class org/gradle/initialization/DefaultSettingsBeanInfo done
Event: 4.839 loading class org/gradle/initialization/DefaultSettingsBeanInfo
Event: 4.839 loading class org/gradle/initialization/DefaultSettingsBeanInfo done
Event: 4.840 loading class org/gradle/initialization/DefaultSettingsBeanInfo
Event: 4.840 loading class org/gradle/initialization/DefaultSettingsBeanInfo done
Event: 4.840 loading class org/gradle/api/internal/project/AbstractPluginAwareBeanInfo
Event: 4.840 loading class org/gradle/api/internal/project/AbstractPluginAwareBeanInfo done
Event: 4.840 loading class org/gradle/api/internal/project/AbstractPluginAwareBeanInfo
Event: 4.840 loading class org/gradle/api/internal/project/AbstractPluginAwareBeanInfo done
Event: 4.840 loading class org/gradle/api/internal/project/AbstractPluginAwareBeanInfo
Event: 4.840 loading class org/gradle/api/internal/project/AbstractPluginAwareBeanInfo done
Event: 4.840 loading class org/gradle/api/internal/project/AbstractPluginAwareBeanInfo
Event: 4.840 loading class org/gradle/api/internal/project/AbstractPluginAwareBeanInfo done
Event: 4.840 loading class org/gradle/api/internal/project/AbstractPluginAwareCustomizer
Event: 4.840 loading class org/gradle/api/internal/project/AbstractPluginAwareCustomizer done


Dynamic libraries:
0x00007ff73a650000 - 0x00007ff73a65a000 	C:\Program Files\Android\Android Studio\jre\bin\java.exe
0x00007ffcf0550000 - 0x00007ffcf0764000 	C:\WINDOWS\SYSTEM32\ntdll.dll
0x00007ffcefaf0000 - 0x00007ffcefbb3000 	C:\WINDOWS\System32\KERNEL32.DLL
0x00007ffceddd0000 - 0x00007ffcee16c000 	C:\WINDOWS\System32\KERNELBASE.dll
0x00007ffcee170000 - 0x00007ffcee281000 	C:\WINDOWS\System32\ucrtbase.dll
0x00007ffcdbb10000 - 0x00007ffcdbb29000 	C:\Program Files\Android\Android Studio\jre\bin\jli.dll
0x00007ffcdb970000 - 0x00007ffcdb987000 	C:\Program Files\Android\Android Studio\jre\bin\VCRUNTIME140.dll
0x00007ffcefbc0000 - 0x00007ffcefd6d000 	C:\WINDOWS\System32\USER32.dll
0x00007ffcd76e0000 - 0x00007ffcd796e000 	C:\WINDOWS\WinSxS\amd64_microsoft.windows.common-controls_6595b64144ccf1df_6.0.22621.608_none_a9444ca7c10bb01d\COMCTL32.dll
0x00007ffcee290000 - 0x00007ffcee2b6000 	C:\WINDOWS\System32\win32u.dll
0x00007ffcefd80000 - 0x00007ffcefe27000 	C:\WINDOWS\System32\msvcrt.dll
0x00007ffcf0140000 - 0x00007ffcf0169000 	C:\WINDOWS\System32\GDI32.dll
0x00007ffcedcb0000 - 0x00007ffceddc2000 	C:\WINDOWS\System32\gdi32full.dll
0x00007ffcee2c0000 - 0x00007ffcee35a000 	C:\WINDOWS\System32\msvcp_win.dll
0x00007ffceff50000 - 0x00007ffceff82000 	C:\WINDOWS\System32\IMM32.DLL
0x00007ffcd9080000 - 0x00007ffcd911d000 	C:\Program Files\Android\Android Studio\jre\bin\msvcp140.dll
0x00007ffca6320000 - 0x00007ffca6e22000 	C:\Program Files\Android\Android Studio\jre\bin\server\jvm.dll
0x00007ffcee3e0000 - 0x00007ffcee48e000 	C:\WINDOWS\System32\ADVAPI32.dll
0x00007ffcee4a0000 - 0x00007ffcee544000 	C:\WINDOWS\System32\sechost.dll
0x00007ffcef9d0000 - 0x00007ffcefae5000 	C:\WINDOWS\System32\RPCRT4.dll
0x00007ffcefd70000 - 0x00007ffcefd78000 	C:\WINDOWS\System32\PSAPI.DLL
0x00007ffce4ba0000 - 0x00007ffce4ba9000 	C:\WINDOWS\SYSTEM32\WSOCK32.dll
0x00007ffce2fe0000 - 0x00007ffce3014000 	C:\WINDOWS\SYSTEM32\WINMM.dll
0x00007ffce0200000 - 0x00007ffce020a000 	C:\WINDOWS\SYSTEM32\VERSION.dll
0x00007ffcee360000 - 0x00007ffcee3d1000 	C:\WINDOWS\System32\WS2_32.dll
0x00007ffcec9a0000 - 0x00007ffcec9b8000 	C:\WINDOWS\SYSTEM32\kernel.appcore.dll
0x00007ffcdc260000 - 0x00007ffcdc271000 	C:\Program Files\Android\Android Studio\jre\bin\verify.dll
0x00007ffceb330000 - 0x00007ffceb55e000 	C:\WINDOWS\SYSTEM32\DBGHELP.DLL
0x00007ffcef640000 - 0x00007ffcef9ca000 	C:\WINDOWS\System32\combase.dll
0x00007ffcee7b0000 - 0x00007ffcee887000 	C:\WINDOWS\System32\OLEAUT32.dll
0x00007ffcd46e0000 - 0x00007ffcd4712000 	C:\WINDOWS\SYSTEM32\dbgcore.DLL
0x00007ffcedb70000 - 0x00007ffcedbeb000 	C:\WINDOWS\System32\bcryptPrimitives.dll
0x00007ffcdb0f0000 - 0x00007ffcdb119000 	C:\Program Files\Android\Android Studio\jre\bin\java.dll
0x00007ffce3140000 - 0x00007ffce314b000 	C:\Program Files\Android\Android Studio\jre\bin\jimage.dll
0x00007ffcdb7b0000 - 0x00007ffcdb7c8000 	C:\Program Files\Android\Android Studio\jre\bin\zip.dll
0x00007ffcee890000 - 0x00007ffcef07f000 	C:\WINDOWS\System32\SHELL32.dll
0x00007ffceb960000 - 0x00007ffcec228000 	C:\WINDOWS\SYSTEM32\windows.storage.dll
0x00007ffceb820000 - 0x00007ffceb95e000 	C:\WINDOWS\SYSTEM32\wintypes.dll
0x00007ffcf0330000 - 0x00007ffcf0421000 	C:\WINDOWS\System32\SHCORE.dll
0x00007ffcf0490000 - 0x00007ffcf04ee000 	C:\WINDOWS\System32\shlwapi.dll
0x00007ffced8c0000 - 0x00007ffced8e1000 	C:\WINDOWS\SYSTEM32\profapi.dll
0x00007ffcd9e60000 - 0x00007ffcd9e7a000 	C:\Program Files\Android\Android Studio\jre\bin\net.dll
0x00007ffce2eb0000 - 0x00007ffce2fdf000 	C:\WINDOWS\SYSTEM32\WINHTTP.dll
0x00007ffcece00000 - 0x00007ffcece69000 	C:\WINDOWS\system32\mswsock.dll
0x00007ffcd9e10000 - 0x00007ffcd9e24000 	C:\Program Files\Android\Android Studio\jre\bin\nio.dll
0x00007ffcba510000 - 0x00007ffcba537000 	C:\Users\nguye\.gradle\native\e1d6ef7f7dcc3fd88c89a11ec53ec762bb8ba0a96d01ffa2cd45eb1d1d8dd5c5\windows-amd64\native-platform.dll
0x00007ffcbd100000 - 0x00007ffcbd244000 	C:\Users\nguye\.gradle\native\0d407fdbe67a94daf76414ababcb853783967236a71b16ec16e742cd7a986fd3\windows-amd64\native-platform-file-events.dll
0x00007ffcdc110000 - 0x00007ffcdc11a000 	C:\Program Files\Android\Android Studio\jre\bin\management.dll
0x00007ffcdb720000 - 0x00007ffcdb72d000 	C:\Program Files\Android\Android Studio\jre\bin\management_ext.dll
0x00007ffced120000 - 0x00007ffced13b000 	C:\WINDOWS\SYSTEM32\CRYPTSP.dll
0x00007ffcec910000 - 0x00007ffcec945000 	C:\WINDOWS\system32\rsaenh.dll
0x00007ffcecea0000 - 0x00007ffcecec8000 	C:\WINDOWS\SYSTEM32\USERENV.dll
0x00007ffced260000 - 0x00007ffced288000 	C:\WINDOWS\SYSTEM32\bcrypt.dll
0x00007ffced100000 - 0x00007ffced10c000 	C:\WINDOWS\SYSTEM32\CRYPTBASE.dll
0x00007ffcec480000 - 0x00007ffcec4ad000 	C:\WINDOWS\SYSTEM32\IPHLPAPI.DLL
0x00007ffcee490000 - 0x00007ffcee499000 	C:\WINDOWS\System32\NSI.dll
0x00007ffce42c0000 - 0x00007ffce42d9000 	C:\WINDOWS\SYSTEM32\dhcpcsvc6.DLL
0x00007ffce42a0000 - 0x00007ffce42bf000 	C:\WINDOWS\SYSTEM32\dhcpcsvc.DLL
0x00007ffcec4f0000 - 0x00007ffcec5e3000 	C:\WINDOWS\SYSTEM32\DNSAPI.dll

dbghelp: loaded successfully - version: 4.0.5 - missing functions: none
symbol engine: initialized successfully - sym options: 0x614 - pdb path: .;C:\Program Files\Android\Android Studio\jre\bin;C:\WINDOWS\SYSTEM32;C:\WINDOWS\WinSxS\amd64_microsoft.windows.common-controls_6595b64144ccf1df_6.0.22621.608_none_a9444ca7c10bb01d;C:\Program Files\Android\Android Studio\jre\bin\server;C:\Users\nguye\.gradle\native\e1d6ef7f7dcc3fd88c89a11ec53ec762bb8ba0a96d01ffa2cd45eb1d1d8dd5c5\windows-amd64;C:\Users\nguye\.gradle\native\0d407fdbe67a94daf76414ababcb853783967236a71b16ec16e742cd7a986fd3\windows-amd64

VM Arguments:
jvm_args: --add-opens=java.base/java.util=ALL-UNNAMED --add-opens=java.base/java.lang=ALL-UNNAMED --add-opens=java.base/java.lang.invoke=ALL-UNNAMED --add-opens=java.base/java.util=ALL-UNNAMED --add-opens=java.prefs/java.util.prefs=ALL-UNNAMED --add-opens=java.prefs/java.util.prefs=ALL-UNNAMED --add-opens=java.base/java.nio.charset=ALL-UNNAMED --add-opens=java.base/java.net=ALL-UNNAMED --add-opens=java.base/java.util.concurrent.atomic=ALL-UNNAMED -Xmx2048m -Dfile.encoding=UTF-8 -Duser.country=US -Duser.language=en -Duser.variant 
java_command: org.gradle.launcher.daemon.bootstrap.GradleDaemon 7.4
java_class_path (initial): C:\Users\nguye\.gradle\wrapper\dists\gradle-7.4-bin\c0gwcg53nkjbqw7r0h0umtfvt\gradle-7.4\lib\gradle-launcher-7.4.jar
Launcher Type: SUN_STANDARD

[Global flags]
     intx CICompilerCount                          = 4                                         {product} {ergonomic}
     uint ConcGCThreads                            = 2                                         {product} {ergonomic}
     uint G1ConcRefinementThreads                  = 8                                         {product} {ergonomic}
   size_t G1HeapRegionSize                         = 1048576                                   {product} {ergonomic}
    uintx GCDrainStackTargetSize                   = 64                                        {product} {ergonomic}
   size_t InitialHeapSize                          = 132120576                                 {product} {ergonomic}
   size_t MarkStackSize                            = 4194304                                   {product} {ergonomic}
   size_t MaxHeapSize                              = 2147483648                                {product} {command line}
   size_t MaxNewSize                               = 1287651328                                {product} {ergonomic}
   size_t MinHeapDeltaBytes                        = 1048576                                   {product} {ergonomic}
    uintx NonNMethodCodeHeapSize                   = 5836300                                {pd product} {ergonomic}
    uintx NonProfiledCodeHeapSize                  = 122910970                              {pd product} {ergonomic}
    uintx ProfiledCodeHeapSize                     = 122910970                              {pd product} {ergonomic}
    uintx ReservedCodeCacheSize                    = 251658240                              {pd product} {ergonomic}
     bool SegmentedCodeCache                       = true                                      {product} {ergonomic}
     bool UseCompressedClassPointers               = true                                 {lp64_product} {ergonomic}
     bool UseCompressedOops                        = true                                 {lp64_product} {ergonomic}
     bool UseG1GC                                  = true                                      {product} {ergonomic}
     bool UseLargePagesIndividualAllocation        = false                                  {pd product} {ergonomic}

Logging:
Log output configuration:
 #0: stdout all=warning uptime,level,tags
 #1: stderr all=off uptime,level,tags

Environment Variables:
PATH=C:\Program Files\Common Files\Oracle\Java\javapath;C:\WINDOWS\system32;C:\WINDOWS;C:\WINDOWS\System32\Wbem;C:\WINDOWS\System32\WindowsPowerShell\v1.0\;C:\WINDOWS\System32\OpenSSH\;C:\Program Files\dotnet\;C:\Program Files\Git\cmd;C:\ProgramData\chocolatey\bin;C:\Users\nguye\AppData\Roaming\nvm;C:\Program Files\nodejs;C:\Program Files\PowerShell\7\;C:\Users\nguye\AppData\Local\Pub\Cache\bin;D:\flutter\gite\;D:\TL\mongosh-1.6.2-win32-x64\bin;C:\Users\nguye\AppData\Local\Microsoft\WindowsApps;C:\Users\nguye\AppData\Roaming\npm;C:\Users\nguye\AppData\Local\Programs\Microsoft VS Code\bin;C:\tools\mysql\current\bin;C:\Users\nguye\AppData\Roaming\nvm;D:\flutter\flutter\bin;C:\Users\nguye\AppData\Local\Pub\Cache\bin;
USERNAME=nguye
OS=Windows_NT
PROCESSOR_IDENTIFIER=Intel64 Family 6 Model 142 Stepping 12, GenuineIntel



---------------  S Y S T E M  ---------------

OS: Windows 11 , 64 bit Build 22621 (10.0.22621.1194)
OS uptime: 18 days 23:22 hours
Hyper-V role detected

CPU:total 8 (initial active 8) (4 cores per cpu, 2 threads per core) family 6 model 142 stepping 12 microcode 0xde, cmov, cx8, fxsr, mmx, sse, sse2, sse3, ssse3, sse4.1, sse4.2, popcnt, avx, avx2, aes, clmul, erms, 3dnowpref, lzcnt, ht, tsc, tscinvbit, bmi1, bmi2, adx, fma

Memory: 4k page, system-wide physical 8032M (836M free)
TotalPageFile size 21369M (AvailPageFile size 5M)
current process WorkingSet (physical memory assigned to process): 267M, peak: 267M
current process commit charge ("private bytes"): 326M, peak: 327M

vm_info: OpenJDK 64-Bit Server VM (11.0.13+0-b1751.21-8125866) for windows-amd64 JRE (11.0.13+0-b1751.21-8125866), built on Feb  2 2022 03:00:22 by "builder" with MS VC++ 14.0 (VS2015)

END.
