#
# There is insufficient memory for the Java Runtime Environment to continue.
# Native memory allocation (malloc) failed to allocate 1838576 bytes for Chunk::new
# Possible reasons:
#   The system is out of physical RAM or swap space
#   The process is running with CompressedOops enabled, and the Java Heap may be blocking the growth of the native heap
# Possible solutions:
#   Reduce memory load on the system
#   Increase physical memory or swap space
#   Check if swap backing store is full
#   Decrease Java heap size (-Xmx/-Xms)
#   Decrease number of Java threads
#   Decrease Java thread stack sizes (-Xss)
#   Set larger code cache with -XX:ReservedCodeCacheSize=
#   JVM is running with Unscaled Compressed Oops mode in which the Java heap is
#     placed in the first 4GB address space. The Java Heap base address is the
#     maximum limit for the native heap growth. Please use -XX:HeapBaseMinAddress
#     to set the Java Heap base and to place the Java Heap above 4GB virtual address.
# This output file may be truncated or incomplete.
#
#  Out of Memory Error (./src/hotspot/share/memory/arena.cpp:197), pid=4840, tid=2340
#
# JRE version: OpenJDK Runtime Environment (11.0.13) (build 11.0.13+0-b1751.21-8125866)
# Java VM: OpenJDK 64-Bit Server VM (11.0.13+0-b1751.21-8125866, mixed mode, tiered, compressed oops, g1 gc, windows-amd64)
# No core dump will be written. Minidumps are not enabled by default on client versions of Windows
#

---------------  S U M M A R Y ------------

Command Line: --add-opens=java.base/java.util=ALL-UNNAMED --add-opens=java.base/java.lang=ALL-UNNAMED --add-opens=java.base/java.lang.invoke=ALL-UNNAMED --add-opens=java.base/java.util=ALL-UNNAMED --add-opens=java.prefs/java.util.prefs=ALL-UNNAMED --add-opens=java.prefs/java.util.prefs=ALL-UNNAMED --add-opens=java.base/java.nio.charset=ALL-UNNAMED --add-opens=java.base/java.net=ALL-UNNAMED --add-opens=java.base/java.util.concurrent.atomic=ALL-UNNAMED -Xmx2048m -Dfile.encoding=UTF-8 -Duser.country=US -Duser.language=en -Duser.variant org.gradle.launcher.daemon.bootstrap.GradleDaemon 7.4

Host: Intel(R) Core(TM) i5-10210U CPU @ 1.60GHz, 8 cores, 7G,  Windows 11 , 64 bit Build 22621 (10.0.22621.1194)
Time: Thu Mar  9 08:55:01 2023 SE Asia Standard Time elapsed time: 6.289013 seconds (0d 0h 0m 6s)

---------------  T H R E A D  ---------------

Current thread (0x00000238d3e5d000):  JavaThread "C2 CompilerThread1" daemon [_thread_in_native, id=2340, stack(0x000000cf23d00000,0x000000cf23e00000)]


Current CompileTask:
C2:   6289 3562   !   4       java.net.URLClassLoader$1::run (81 bytes)

Stack: [0x000000cf23d00000,0x000000cf23e00000]
Native frames: (J=compiled Java code, j=interpreted, Vv=VM code, C=native code)
V  [jvm.dll+0x6100fa]
V  [jvm.dll+0x747090]
V  [jvm.dll+0x7486ad]
V  [jvm.dll+0x748d83]
V  [jvm.dll+0x24ab48]
V  [jvm.dll+0xc04dc]
V  [jvm.dll+0xc0a0c]
V  [jvm.dll+0x35eb5b]
V  [jvm.dll+0x32b833]
V  [jvm.dll+0x32ad2a]
V  [jvm.dll+0x2032b2]
V  [jvm.dll+0x202437]
V  [jvm.dll+0x188e01]
V  [jvm.dll+0x21106b]
V  [jvm.dll+0x20f8c1]
V  [jvm.dll+0x70de0f]
V  [jvm.dll+0x706a75]
V  [jvm.dll+0x60ed66]
C  [ucrtbase.dll+0x29363]
C  [KERNEL32.DLL+0x126bd]
C  [ntdll.dll+0x5dfb8]


---------------  P R O C E S S  ---------------

Threads class SMR info:
_java_thread_list=0x00000238d7548d80, length=35, elements={
0x00000238b7078800, 0x00000238d1536000, 0x00000238d1538000, 0x00000238d1d91000,
0x00000238d1d92000, 0x00000238d1d96000, 0x00000238d1d9b000, 0x00000238d1d9c000,
0x00000238d1d9d800, 0x00000238d1f37000, 0x00000238d4139800, 0x00000238d2137000,
0x00000238d313e000, 0x00000238d432e800, 0x00000238d40af000, 0x00000238d42cc000,
0x00000238d47eb800, 0x00000238d459d800, 0x00000238d3e5d000, 0x00000238d3c7c800,
0x00000238d47e6000, 0x00000238d47e3000, 0x00000238d47e3800, 0x00000238d47e4800,
0x00000238d47e5800, 0x00000238d47e7000, 0x00000238d47e1800, 0x00000238d47e8000,
0x00000238d47e2000, 0x00000238d4e49800, 0x00000238d4e48000, 0x00000238d4e49000,
0x00000238d4e45800, 0x00000238d4e4d000, 0x00000238d4e4e800
}

Java Threads: ( => current thread )
  0x00000238b7078800 JavaThread "main" [_thread_blocked, id=18408, stack(0x000000cf22200000,0x000000cf22300000)]
  0x00000238d1536000 JavaThread "Reference Handler" daemon [_thread_blocked, id=11396, stack(0x000000cf22900000,0x000000cf22a00000)]
  0x00000238d1538000 JavaThread "Finalizer" daemon [_thread_blocked, id=10368, stack(0x000000cf22a00000,0x000000cf22b00000)]
  0x00000238d1d91000 JavaThread "Signal Dispatcher" daemon [_thread_blocked, id=13900, stack(0x000000cf22b00000,0x000000cf22c00000)]
  0x00000238d1d92000 JavaThread "Attach Listener" daemon [_thread_blocked, id=11376, stack(0x000000cf22c00000,0x000000cf22d00000)]
  0x00000238d1d96000 JavaThread "Service Thread" daemon [_thread_blocked, id=5240, stack(0x000000cf22d00000,0x000000cf22e00000)]
  0x00000238d1d9b000 JavaThread "C2 CompilerThread0" daemon [_thread_in_native, id=8540, stack(0x000000cf22e00000,0x000000cf22f00000)]
  0x00000238d1d9c000 JavaThread "C1 CompilerThread0" daemon [_thread_blocked, id=14452, stack(0x000000cf22f00000,0x000000cf23000000)]
  0x00000238d1d9d800 JavaThread "Sweeper thread" daemon [_thread_blocked, id=7116, stack(0x000000cf23000000,0x000000cf23100000)]
  0x00000238d1f37000 JavaThread "Common-Cleaner" daemon [_thread_blocked, id=11076, stack(0x000000cf23100000,0x000000cf23200000)]
  0x00000238d4139800 JavaThread "Daemon health stats" [_thread_blocked, id=17304, stack(0x000000cf23600000,0x000000cf23700000)]
  0x00000238d2137000 JavaThread "Incoming local TCP Connector on port 60460" [_thread_in_native, id=2016, stack(0x000000cf23300000,0x000000cf23400000)]
  0x00000238d313e000 JavaThread "Daemon periodic checks" [_thread_blocked, id=16420, stack(0x000000cf23700000,0x000000cf23800000)]
  0x00000238d432e800 JavaThread "Daemon" [_thread_blocked, id=18260, stack(0x000000cf23800000,0x000000cf23900000)]
  0x00000238d40af000 JavaThread "Handler for socket connection from /127.0.0.1:60460 to /127.0.0.1:60461" [_thread_in_native, id=16584, stack(0x000000cf23900000,0x000000cf23a00000)]
  0x00000238d42cc000 JavaThread "Cancel handler" [_thread_blocked, id=18156, stack(0x000000cf23a00000,0x000000cf23b00000)]
  0x00000238d47eb800 JavaThread "Daemon worker" [_thread_in_native, id=5496, stack(0x000000cf23b00000,0x000000cf23c00000)]
  0x00000238d459d800 JavaThread "Asynchronous log dispatcher for DefaultDaemonConnection: socket connection from /127.0.0.1:60460 to /127.0.0.1:60461" [_thread_blocked, id=9980, stack(0x000000cf23c00000,0x000000cf23d00000)]
=>0x00000238d3e5d000 JavaThread "C2 CompilerThread1" daemon [_thread_in_native, id=2340, stack(0x000000cf23d00000,0x000000cf23e00000)]
  0x00000238d3c7c800 JavaThread "Stdin handler" [_thread_blocked, id=17696, stack(0x000000cf23e00000,0x000000cf23f00000)]
  0x00000238d47e6000 JavaThread "Daemon client event forwarder" [_thread_blocked, id=8400, stack(0x000000cf23f00000,0x000000cf24000000)]
  0x00000238d47e3000 JavaThread "Cache worker for journal cache (C:\Users\nguye\.gradle\caches\journal-1)" [_thread_blocked, id=18452, stack(0x000000cf24500000,0x000000cf24600000)]
  0x00000238d47e3800 JavaThread "File lock request listener" [_thread_in_native, id=19224, stack(0x000000cf24600000,0x000000cf24700000)]
  0x00000238d47e4800 JavaThread "Cache worker for file hash cache (C:\Users\nguye\.gradle\caches\7.4\fileHashes)" [_thread_blocked, id=17604, stack(0x000000cf24700000,0x000000cf24800000)]
  0x00000238d47e5800 JavaThread "File watcher server" daemon [_thread_in_native, id=4868, stack(0x000000cf24900000,0x000000cf24a00000)]
  0x00000238d47e7000 JavaThread "File watcher consumer" daemon [_thread_blocked, id=10532, stack(0x000000cf24a00000,0x000000cf24b00000)]
  0x00000238d47e1800 JavaThread "Cache worker for checksums cache (D:\Appication\prm392_mgmt\.gradle\7.4\checksums)" [_thread_blocked, id=3188, stack(0x000000cf24b00000,0x000000cf24c00000)]
  0x00000238d47e8000 JavaThread "Cache worker for cache directory md-rule (C:\Users\nguye\.gradle\caches\7.4\md-rule)" [_thread_blocked, id=9784, stack(0x000000cf24c00000,0x000000cf24d00000)]
  0x00000238d47e2000 JavaThread "Cache worker for file hash cache (D:\Appication\prm392_mgmt\.gradle\7.4\fileHashes)" [_thread_blocked, id=2112, stack(0x000000cf24d00000,0x000000cf24e00000)]
  0x00000238d4e49800 JavaThread "Cache worker for cache directory md-supplier (C:\Users\nguye\.gradle\caches\7.4\md-supplier)" [_thread_blocked, id=17368, stack(0x000000cf24e00000,0x000000cf24f00000)]
  0x00000238d4e48000 JavaThread "Cache worker for execution history cache (C:\Users\nguye\.gradle\caches\7.4\executionHistory)" [_thread_blocked, id=18876, stack(0x000000cf24f00000,0x000000cf25000000)]
  0x00000238d4e49000 JavaThread "jar transforms" [_thread_blocked, id=320, stack(0x000000cf25000000,0x000000cf25100000)]
  0x00000238d4e45800 JavaThread "Cache worker for file content cache (C:\Users\nguye\.gradle\caches\7.4\fileContent)" [_thread_blocked, id=3812, stack(0x000000cf25100000,0x000000cf25200000)]
  0x00000238d4e4d000 JavaThread "jar transforms Thread 2" [_thread_blocked, id=17948, stack(0x000000cf25200000,0x000000cf25300000)]
  0x00000238d4e4e800 JavaThread "Cache worker for dependencies-accessors (D:\Appication\prm392_mgmt\.gradle\7.4\dependencies-accessors)" [_thread_blocked, id=4136, stack(0x000000cf25300000,0x000000cf25400000)]

Other Threads:
  0x00000238d1d46800 VMThread "VM Thread" [stack: 0x000000cf22800000,0x000000cf22900000] [id=8740]
  0x00000238d1f75000 WatcherThread [stack: 0x000000cf23200000,0x000000cf23300000] [id=15816]
  0x00000238b7092800 GCTaskThread "GC Thread#0" [stack: 0x000000cf22300000,0x000000cf22400000] [id=11804]
  0x00000238d2305000 GCTaskThread "GC Thread#1" [stack: 0x000000cf23400000,0x000000cf23500000] [id=12880]
  0x00000238d2ba9800 GCTaskThread "GC Thread#2" [stack: 0x000000cf23500000,0x000000cf23600000] [id=5860]
  0x00000238d4484800 GCTaskThread "GC Thread#3" [stack: 0x000000cf24000000,0x000000cf24100000] [id=11244]
  0x00000238d3ff9000 GCTaskThread "GC Thread#4" [stack: 0x000000cf24100000,0x000000cf24200000] [id=10592]
  0x00000238d4b8b800 GCTaskThread "GC Thread#5" [stack: 0x000000cf24200000,0x000000cf24300000] [id=6396]
  0x00000238d4496800 GCTaskThread "GC Thread#6" [stack: 0x000000cf24300000,0x000000cf24400000] [id=10228]
  0x00000238d400a000 GCTaskThread "GC Thread#7" [stack: 0x000000cf24400000,0x000000cf24500000] [id=7924]
  0x00000238b70ff800 ConcurrentGCThread "G1 Main Marker" [stack: 0x000000cf22400000,0x000000cf22500000] [id=14072]
  0x00000238b7100800 ConcurrentGCThread "G1 Conc#0" [stack: 0x000000cf22500000,0x000000cf22600000] [id=4896]
  0x00000238d43b1800 ConcurrentGCThread "G1 Conc#1" [stack: 0x000000cf24800000,0x000000cf24900000] [id=11016]
  0x00000238d1377800 ConcurrentGCThread "G1 Refine#0" [stack: 0x000000cf22600000,0x000000cf22700000] [id=10804]
  0x00000238d1378800 ConcurrentGCThread "G1 Young RemSet Sampling" [stack: 0x000000cf22700000,0x000000cf22800000] [id=8284]

Threads with active compile tasks:
C2 CompilerThread0   6319 3561       4       java.net.URLClassLoader$1::run (5 bytes)
C2 CompilerThread1   6319 3562   !   4       java.net.URLClassLoader$1::run (81 bytes)

VM state:not at safepoint (normal execution)

VM Mutex/Monitor currently owned by a thread: None

Heap address: 0x0000000080000000, size: 2048 MB, Compressed Oops mode: 32-bit
Narrow klass base: 0x0000000000000000, Narrow klass shift: 3
Compressed class space size: 1073741824 Address: 0x0000000100000000

Heap:
 garbage-first heap   total 155648K, used 55318K [0x0000000080000000, 0x0000000100000000)
  region size 1024K, 37 young (37888K), 9 survivors (9216K)
 Metaspace       used 42707K, capacity 43682K, committed 43984K, reserved 1087488K
  class space    used 5456K, capacity 5838K, committed 5888K, reserved 1048576K
Heap Regions: E=young(eden), S=young(survivor), O=old, HS=humongous(starts), HC=humongous(continues), CS=collection set, F=free, A=archive, TAMS=top-at-mark-start (previous, next)
|   0|0x0000000080000000, 0x0000000080100000, 0x0000000080100000|100%| O|  |TAMS 0x0000000080100000, 0x0000000080000000| Untracked 
|   1|0x0000000080100000, 0x0000000080200000, 0x0000000080200000|100%| O|  |TAMS 0x0000000080200000, 0x0000000080100000| Untracked 
|   2|0x0000000080200000, 0x0000000080300000, 0x0000000080300000|100%| O|  |TAMS 0x0000000080300000, 0x0000000080200000| Untracked 
|   3|0x0000000080300000, 0x0000000080400000, 0x0000000080400000|100%|HS|  |TAMS 0x0000000080400000, 0x0000000080300000| Complete 
|   4|0x0000000080400000, 0x0000000080500000, 0x0000000080500000|100%|HC|  |TAMS 0x0000000080500000, 0x0000000080400000| Complete 
|   5|0x0000000080500000, 0x0000000080600000, 0x0000000080600000|100%|HC|  |TAMS 0x0000000080600000, 0x0000000080500000| Complete 
|   6|0x0000000080600000, 0x0000000080700000, 0x0000000080700000|100%| O|  |TAMS 0x0000000080700000, 0x0000000080600000| Untracked 
|   7|0x0000000080700000, 0x0000000080800000, 0x0000000080800000|100%| O|  |TAMS 0x0000000080800000, 0x0000000080700000| Untracked 
|   8|0x0000000080800000, 0x0000000080900000, 0x0000000080900000|100%| O|  |TAMS 0x0000000080900000, 0x0000000080800000| Untracked 
|   9|0x0000000080900000, 0x0000000080a00000, 0x0000000080a00000|100%| O|  |TAMS 0x0000000080a00000, 0x0000000080900000| Untracked 
|  10|0x0000000080a00000, 0x0000000080b00000, 0x0000000080b00000|100%| O|  |TAMS 0x0000000080b00000, 0x0000000080a00000| Untracked 
|  11|0x0000000080b00000, 0x0000000080c00000, 0x0000000080c00000|100%| O|  |TAMS 0x0000000080c00000, 0x0000000080b00000| Untracked 
|  12|0x0000000080c00000, 0x0000000080d00000, 0x0000000080d00000|100%| O|  |TAMS 0x0000000080d00000, 0x0000000080c00000| Untracked 
|  13|0x0000000080d00000, 0x0000000080e00000, 0x0000000080e00000|100%| O|  |TAMS 0x0000000080e00000, 0x0000000080d00000| Untracked 
|  14|0x0000000080e00000, 0x0000000080f00000, 0x0000000080f00000|100%| O|  |TAMS 0x0000000080f00000, 0x0000000080e00000| Untracked 
|  15|0x0000000080f00000, 0x0000000081000000, 0x0000000081000000|100%| O|  |TAMS 0x0000000081000000, 0x0000000080f00000| Untracked 
|  16|0x0000000081000000, 0x0000000081100000, 0x0000000081100000|100%| O|  |TAMS 0x0000000081100000, 0x0000000081000000| Untracked 
|  17|0x0000000081100000, 0x0000000081200000, 0x0000000081200000|100%| O|  |TAMS 0x0000000081200000, 0x0000000081100000| Untracked 
|  18|0x0000000081200000, 0x0000000081277a00, 0x0000000081300000| 46%| O|  |TAMS 0x0000000081277a00, 0x0000000081200000| Untracked 
|  19|0x0000000081300000, 0x0000000081300000, 0x0000000081400000|  0%| F|  |TAMS 0x0000000081300000, 0x0000000081300000| Untracked 
|  20|0x0000000081400000, 0x0000000081400000, 0x0000000081500000|  0%| F|  |TAMS 0x0000000081400000, 0x0000000081400000| Untracked 
|  21|0x0000000081500000, 0x0000000081500000, 0x0000000081600000|  0%| F|  |TAMS 0x0000000081500000, 0x0000000081500000| Untracked 
|  22|0x0000000081600000, 0x0000000081600000, 0x0000000081700000|  0%| F|  |TAMS 0x0000000081600000, 0x0000000081600000| Untracked 
|  23|0x0000000081700000, 0x0000000081700000, 0x0000000081800000|  0%| F|  |TAMS 0x0000000081700000, 0x0000000081700000| Untracked 
|  24|0x0000000081800000, 0x0000000081800000, 0x0000000081900000|  0%| F|  |TAMS 0x0000000081800000, 0x0000000081800000| Untracked 
|  25|0x0000000081900000, 0x0000000081900000, 0x0000000081a00000|  0%| F|  |TAMS 0x0000000081900000, 0x0000000081900000| Untracked 
|  26|0x0000000081a00000, 0x0000000081a00000, 0x0000000081b00000|  0%| F|  |TAMS 0x0000000081a00000, 0x0000000081a00000| Untracked 
|  27|0x0000000081b00000, 0x0000000081b00000, 0x0000000081c00000|  0%| F|  |TAMS 0x0000000081b00000, 0x0000000081b00000| Untracked 
|  28|0x0000000081c00000, 0x0000000081c00000, 0x0000000081d00000|  0%| F|  |TAMS 0x0000000081c00000, 0x0000000081c00000| Untracked 
|  29|0x0000000081d00000, 0x0000000081d00000, 0x0000000081e00000|  0%| F|  |TAMS 0x0000000081d00000, 0x0000000081d00000| Untracked 
|  30|0x0000000081e00000, 0x0000000081e00000, 0x0000000081f00000|  0%| F|  |TAMS 0x0000000081e00000, 0x0000000081e00000| Untracked 
|  31|0x0000000081f00000, 0x0000000081f00000, 0x0000000082000000|  0%| F|  |TAMS 0x0000000081f00000, 0x0000000081f00000| Untracked 
|  32|0x0000000082000000, 0x0000000082000000, 0x0000000082100000|  0%| F|  |TAMS 0x0000000082000000, 0x0000000082000000| Untracked 
|  33|0x0000000082100000, 0x0000000082100000, 0x0000000082200000|  0%| F|  |TAMS 0x0000000082100000, 0x0000000082100000| Untracked 
|  34|0x0000000082200000, 0x0000000082200000, 0x0000000082300000|  0%| F|  |TAMS 0x0000000082200000, 0x0000000082200000| Untracked 
|  35|0x0000000082300000, 0x0000000082300000, 0x0000000082400000|  0%| F|  |TAMS 0x0000000082300000, 0x0000000082300000| Untracked 
|  36|0x0000000082400000, 0x0000000082400000, 0x0000000082500000|  0%| F|  |TAMS 0x0000000082400000, 0x0000000082400000| Untracked 
|  37|0x0000000082500000, 0x0000000082500000, 0x0000000082600000|  0%| F|  |TAMS 0x0000000082500000, 0x0000000082500000| Untracked 
|  38|0x0000000082600000, 0x0000000082600000, 0x0000000082700000|  0%| F|  |TAMS 0x0000000082600000, 0x0000000082600000| Untracked 
|  39|0x0000000082700000, 0x0000000082700000, 0x0000000082800000|  0%| F|  |TAMS 0x0000000082700000, 0x0000000082700000| Untracked 
|  40|0x0000000082800000, 0x0000000082800000, 0x0000000082900000|  0%| F|  |TAMS 0x0000000082800000, 0x0000000082800000| Untracked 
|  41|0x0000000082900000, 0x0000000082900000, 0x0000000082a00000|  0%| F|  |TAMS 0x0000000082900000, 0x0000000082900000| Untracked 
|  42|0x0000000082a00000, 0x0000000082a00000, 0x0000000082b00000|  0%| F|  |TAMS 0x0000000082a00000, 0x0000000082a00000| Untracked 
|  43|0x0000000082b00000, 0x0000000082b00000, 0x0000000082c00000|  0%| F|  |TAMS 0x0000000082b00000, 0x0000000082b00000| Untracked 
|  44|0x0000000082c00000, 0x0000000082c00000, 0x0000000082d00000|  0%| F|  |TAMS 0x0000000082c00000, 0x0000000082c00000| Untracked 
|  45|0x0000000082d00000, 0x0000000082d00000, 0x0000000082e00000|  0%| F|  |TAMS 0x0000000082d00000, 0x0000000082d00000| Untracked 
|  46|0x0000000082e00000, 0x0000000082e00000, 0x0000000082f00000|  0%| F|  |TAMS 0x0000000082e00000, 0x0000000082e00000| Untracked 
|  47|0x0000000082f00000, 0x0000000082f00000, 0x0000000083000000|  0%| F|  |TAMS 0x0000000082f00000, 0x0000000082f00000| Untracked 
|  48|0x0000000083000000, 0x0000000083000000, 0x0000000083100000|  0%| F|  |TAMS 0x0000000083000000, 0x0000000083000000| Untracked 
|  49|0x0000000083100000, 0x0000000083100000, 0x0000000083200000|  0%| F|  |TAMS 0x0000000083100000, 0x0000000083100000| Untracked 
|  50|0x0000000083200000, 0x0000000083200000, 0x0000000083300000|  0%| F|  |TAMS 0x0000000083200000, 0x0000000083200000| Untracked 
|  51|0x0000000083300000, 0x000000008338dff8, 0x0000000083400000| 55%| S|CS|TAMS 0x0000000083300000, 0x0000000083300000| Complete 
|  52|0x0000000083400000, 0x0000000083500000, 0x0000000083500000|100%| S|CS|TAMS 0x0000000083400000, 0x0000000083400000| Complete 
|  53|0x0000000083500000, 0x0000000083600000, 0x0000000083600000|100%| S|CS|TAMS 0x0000000083500000, 0x0000000083500000| Complete 
|  54|0x0000000083600000, 0x0000000083700000, 0x0000000083700000|100%| S|CS|TAMS 0x0000000083600000, 0x0000000083600000| Complete 
|  55|0x0000000083700000, 0x0000000083800000, 0x0000000083800000|100%| S|CS|TAMS 0x0000000083700000, 0x0000000083700000| Complete 
|  56|0x0000000083800000, 0x0000000083900000, 0x0000000083900000|100%| S|CS|TAMS 0x0000000083800000, 0x0000000083800000| Complete 
|  57|0x0000000083900000, 0x0000000083a00000, 0x0000000083a00000|100%| S|CS|TAMS 0x0000000083900000, 0x0000000083900000| Complete 
|  58|0x0000000083a00000, 0x0000000083b00000, 0x0000000083b00000|100%| S|CS|TAMS 0x0000000083a00000, 0x0000000083a00000| Complete 
|  59|0x0000000083b00000, 0x0000000083c00000, 0x0000000083c00000|100%| S|CS|TAMS 0x0000000083b00000, 0x0000000083b00000| Complete 
|  60|0x0000000083c00000, 0x0000000083c00000, 0x0000000083d00000|  0%| F|  |TAMS 0x0000000083c00000, 0x0000000083c00000| Untracked 
|  61|0x0000000083d00000, 0x0000000083d00000, 0x0000000083e00000|  0%| F|  |TAMS 0x0000000083d00000, 0x0000000083d00000| Untracked 
|  62|0x0000000083e00000, 0x0000000083e00000, 0x0000000083f00000|  0%| F|  |TAMS 0x0000000083e00000, 0x0000000083e00000| Untracked 
|  63|0x0000000083f00000, 0x0000000083f00000, 0x0000000084000000|  0%| F|  |TAMS 0x0000000083f00000, 0x0000000083f00000| Untracked 
|  64|0x0000000084000000, 0x0000000084000000, 0x0000000084100000|  0%| F|  |TAMS 0x0000000084000000, 0x0000000084000000| Untracked 
|  65|0x0000000084100000, 0x0000000084100000, 0x0000000084200000|  0%| F|  |TAMS 0x0000000084100000, 0x0000000084100000| Untracked 
|  66|0x0000000084200000, 0x0000000084200000, 0x0000000084300000|  0%| F|  |TAMS 0x0000000084200000, 0x0000000084200000| Untracked 
|  67|0x0000000084300000, 0x0000000084300000, 0x0000000084400000|  0%| F|  |TAMS 0x0000000084300000, 0x0000000084300000| Untracked 
|  68|0x0000000084400000, 0x0000000084400000, 0x0000000084500000|  0%| F|  |TAMS 0x0000000084400000, 0x0000000084400000| Untracked 
|  69|0x0000000084500000, 0x0000000084500000, 0x0000000084600000|  0%| F|  |TAMS 0x0000000084500000, 0x0000000084500000| Untracked 
|  70|0x0000000084600000, 0x0000000084600000, 0x0000000084700000|  0%| F|  |TAMS 0x0000000084600000, 0x0000000084600000| Untracked 
|  71|0x0000000084700000, 0x0000000084700000, 0x0000000084800000|  0%| F|  |TAMS 0x0000000084700000, 0x0000000084700000| Untracked 
|  72|0x0000000084800000, 0x0000000084800000, 0x0000000084900000|  0%| F|  |TAMS 0x0000000084800000, 0x0000000084800000| Untracked 
|  73|0x0000000084900000, 0x0000000084900000, 0x0000000084a00000|  0%| F|  |TAMS 0x0000000084900000, 0x0000000084900000| Untracked 
|  74|0x0000000084a00000, 0x0000000084a00000, 0x0000000084b00000|  0%| F|  |TAMS 0x0000000084a00000, 0x0000000084a00000| Untracked 
|  75|0x0000000084b00000, 0x0000000084b00000, 0x0000000084c00000|  0%| F|  |TAMS 0x0000000084b00000, 0x0000000084b00000| Untracked 
|  76|0x0000000084c00000, 0x0000000084c00000, 0x0000000084d00000|  0%| F|  |TAMS 0x0000000084c00000, 0x0000000084c00000| Untracked 
|  77|0x0000000084d00000, 0x0000000084d00000, 0x0000000084e00000|  0%| F|  |TAMS 0x0000000084d00000, 0x0000000084d00000| Untracked 
|  78|0x0000000084e00000, 0x0000000084e00000, 0x0000000084f00000|  0%| F|  |TAMS 0x0000000084e00000, 0x0000000084e00000| Untracked 
|  79|0x0000000084f00000, 0x0000000084f00000, 0x0000000085000000|  0%| F|  |TAMS 0x0000000084f00000, 0x0000000084f00000| Untracked 
|  80|0x0000000085000000, 0x0000000085000000, 0x0000000085100000|  0%| F|  |TAMS 0x0000000085000000, 0x0000000085000000| Untracked 
|  81|0x0000000085100000, 0x0000000085100000, 0x0000000085200000|  0%| F|  |TAMS 0x0000000085100000, 0x0000000085100000| Untracked 
|  82|0x0000000085200000, 0x0000000085200000, 0x0000000085300000|  0%| F|  |TAMS 0x0000000085200000, 0x0000000085200000| Untracked 
|  83|0x0000000085300000, 0x0000000085300000, 0x0000000085400000|  0%| F|  |TAMS 0x0000000085300000, 0x0000000085300000| Untracked 
|  84|0x0000000085400000, 0x0000000085400000, 0x0000000085500000|  0%| F|  |TAMS 0x0000000085400000, 0x0000000085400000| Untracked 
|  85|0x0000000085500000, 0x0000000085500000, 0x0000000085600000|  0%| F|  |TAMS 0x0000000085500000, 0x0000000085500000| Untracked 
|  86|0x0000000085600000, 0x0000000085600000, 0x0000000085700000|  0%| F|  |TAMS 0x0000000085600000, 0x0000000085600000| Untracked 
|  87|0x0000000085700000, 0x0000000085700000, 0x0000000085800000|  0%| F|  |TAMS 0x0000000085700000, 0x0000000085700000| Untracked 
|  88|0x0000000085800000, 0x0000000085800000, 0x0000000085900000|  0%| F|  |TAMS 0x0000000085800000, 0x0000000085800000| Untracked 
|  89|0x0000000085900000, 0x0000000085900000, 0x0000000085a00000|  0%| F|  |TAMS 0x0000000085900000, 0x0000000085900000| Untracked 
|  90|0x0000000085a00000, 0x0000000085a00000, 0x0000000085b00000|  0%| F|  |TAMS 0x0000000085a00000, 0x0000000085a00000| Untracked 
|  91|0x0000000085b00000, 0x0000000085b00000, 0x0000000085c00000|  0%| F|  |TAMS 0x0000000085b00000, 0x0000000085b00000| Untracked 
|  92|0x0000000085c00000, 0x0000000085c00000, 0x0000000085d00000|  0%| F|  |TAMS 0x0000000085c00000, 0x0000000085c00000| Untracked 
|  93|0x0000000085d00000, 0x0000000085d00000, 0x0000000085e00000|  0%| F|  |TAMS 0x0000000085d00000, 0x0000000085d00000| Untracked 
|  94|0x0000000085e00000, 0x0000000085e00000, 0x0000000085f00000|  0%| F|  |TAMS 0x0000000085e00000, 0x0000000085e00000| Untracked 
|  95|0x0000000085f00000, 0x0000000085f00000, 0x0000000086000000|  0%| F|  |TAMS 0x0000000085f00000, 0x0000000085f00000| Untracked 
|  96|0x0000000086000000, 0x0000000086000000, 0x0000000086100000|  0%| F|  |TAMS 0x0000000086000000, 0x0000000086000000| Untracked 
|  97|0x0000000086100000, 0x0000000086100000, 0x0000000086200000|  0%| F|  |TAMS 0x0000000086100000, 0x0000000086100000| Untracked 
|  98|0x0000000086200000, 0x0000000086200000, 0x0000000086300000|  0%| F|  |TAMS 0x0000000086200000, 0x0000000086200000| Untracked 
|  99|0x0000000086300000, 0x0000000086300000, 0x0000000086400000|  0%| F|  |TAMS 0x0000000086300000, 0x0000000086300000| Untracked 
| 100|0x0000000086400000, 0x0000000086400000, 0x0000000086500000|  0%| F|  |TAMS 0x0000000086400000, 0x0000000086400000| Untracked 
| 101|0x0000000086500000, 0x0000000086500000, 0x0000000086600000|  0%| F|  |TAMS 0x0000000086500000, 0x0000000086500000| Untracked 
| 102|0x0000000086600000, 0x0000000086600000, 0x0000000086700000|  0%| F|  |TAMS 0x0000000086600000, 0x0000000086600000| Untracked 
| 103|0x0000000086700000, 0x0000000086700000, 0x0000000086800000|  0%| F|  |TAMS 0x0000000086700000, 0x0000000086700000| Untracked 
| 104|0x0000000086800000, 0x0000000086800000, 0x0000000086900000|  0%| F|  |TAMS 0x0000000086800000, 0x0000000086800000| Untracked 
| 105|0x0000000086900000, 0x0000000086900000, 0x0000000086a00000|  0%| F|  |TAMS 0x0000000086900000, 0x0000000086900000| Untracked 
| 106|0x0000000086a00000, 0x0000000086a00000, 0x0000000086b00000|  0%| F|  |TAMS 0x0000000086a00000, 0x0000000086a00000| Untracked 
| 107|0x0000000086b00000, 0x0000000086b00000, 0x0000000086c00000|  0%| F|  |TAMS 0x0000000086b00000, 0x0000000086b00000| Untracked 
| 108|0x0000000086c00000, 0x0000000086c00000, 0x0000000086d00000|  0%| F|  |TAMS 0x0000000086c00000, 0x0000000086c00000| Untracked 
| 109|0x0000000086d00000, 0x0000000086d00000, 0x0000000086e00000|  0%| F|  |TAMS 0x0000000086d00000, 0x0000000086d00000| Untracked 
| 110|0x0000000086e00000, 0x0000000086e00000, 0x0000000086f00000|  0%| F|  |TAMS 0x0000000086e00000, 0x0000000086e00000| Untracked 
| 111|0x0000000086f00000, 0x0000000086f00000, 0x0000000087000000|  0%| F|  |TAMS 0x0000000086f00000, 0x0000000086f00000| Untracked 
| 112|0x0000000087000000, 0x0000000087000000, 0x0000000087100000|  0%| F|  |TAMS 0x0000000087000000, 0x0000000087000000| Untracked 
| 113|0x0000000087100000, 0x0000000087100000, 0x0000000087200000|  0%| F|  |TAMS 0x0000000087100000, 0x0000000087100000| Untracked 
| 114|0x0000000087200000, 0x0000000087200000, 0x0000000087300000|  0%| F|  |TAMS 0x0000000087200000, 0x0000000087200000| Untracked 
| 115|0x0000000087300000, 0x0000000087300000, 0x0000000087400000|  0%| F|  |TAMS 0x0000000087300000, 0x0000000087300000| Untracked 
| 116|0x0000000087400000, 0x0000000087400000, 0x0000000087500000|  0%| F|  |TAMS 0x0000000087400000, 0x0000000087400000| Untracked 
| 117|0x0000000087500000, 0x0000000087500000, 0x0000000087600000|  0%| F|  |TAMS 0x0000000087500000, 0x0000000087500000| Untracked 
| 118|0x0000000087600000, 0x0000000087600000, 0x0000000087700000|  0%| F|  |TAMS 0x0000000087600000, 0x0000000087600000| Untracked 
| 119|0x0000000087700000, 0x0000000087700000, 0x0000000087800000|  0%| F|  |TAMS 0x0000000087700000, 0x0000000087700000| Untracked 
| 120|0x0000000087800000, 0x0000000087800000, 0x0000000087900000|  0%| F|  |TAMS 0x0000000087800000, 0x0000000087800000| Untracked 
| 121|0x0000000087900000, 0x0000000087900000, 0x0000000087a00000|  0%| F|  |TAMS 0x0000000087900000, 0x0000000087900000| Untracked 
| 122|0x0000000087a00000, 0x0000000087a00000, 0x0000000087b00000|  0%| F|  |TAMS 0x0000000087a00000, 0x0000000087a00000| Untracked 
| 123|0x0000000087b00000, 0x0000000087b80800, 0x0000000087c00000| 50%| E|  |TAMS 0x0000000087b00000, 0x0000000087b00000| Complete 
| 124|0x0000000087c00000, 0x0000000087d00000, 0x0000000087d00000|100%| E|CS|TAMS 0x0000000087c00000, 0x0000000087c00000| Complete 
| 125|0x0000000087d00000, 0x0000000087e00000, 0x0000000087e00000|100%| E|CS|TAMS 0x0000000087d00000, 0x0000000087d00000| Complete 
| 126|0x0000000087e00000, 0x0000000087f00000, 0x0000000087f00000|100%| E|CS|TAMS 0x0000000087e00000, 0x0000000087e00000| Complete 
| 127|0x0000000087f00000, 0x0000000088000000, 0x0000000088000000|100%| E|CS|TAMS 0x0000000087f00000, 0x0000000087f00000| Complete 
| 128|0x0000000088000000, 0x0000000088100000, 0x0000000088100000|100%| E|CS|TAMS 0x0000000088000000, 0x0000000088000000| Complete 
| 129|0x0000000088100000, 0x0000000088200000, 0x0000000088200000|100%| E|CS|TAMS 0x0000000088100000, 0x0000000088100000| Complete 
| 130|0x0000000088200000, 0x0000000088300000, 0x0000000088300000|100%| E|CS|TAMS 0x0000000088200000, 0x0000000088200000| Complete 
| 131|0x0000000088300000, 0x0000000088400000, 0x0000000088400000|100%| E|CS|TAMS 0x0000000088300000, 0x0000000088300000| Complete 
| 132|0x0000000088400000, 0x0000000088500000, 0x0000000088500000|100%| E|CS|TAMS 0x0000000088400000, 0x0000000088400000| Complete 
| 133|0x0000000088500000, 0x0000000088600000, 0x0000000088600000|100%| E|CS|TAMS 0x0000000088500000, 0x0000000088500000| Complete 
| 134|0x0000000088600000, 0x0000000088700000, 0x0000000088700000|100%| E|CS|TAMS 0x0000000088600000, 0x0000000088600000| Complete 
| 135|0x0000000088700000, 0x0000000088800000, 0x0000000088800000|100%| E|CS|TAMS 0x0000000088700000, 0x0000000088700000| Complete 
| 136|0x0000000088800000, 0x0000000088900000, 0x0000000088900000|100%| E|CS|TAMS 0x0000000088800000, 0x0000000088800000| Complete 
| 137|0x0000000088900000, 0x0000000088a00000, 0x0000000088a00000|100%| E|CS|TAMS 0x0000000088900000, 0x0000000088900000| Complete 
| 138|0x0000000088a00000, 0x0000000088b00000, 0x0000000088b00000|100%| E|CS|TAMS 0x0000000088a00000, 0x0000000088a00000| Complete 
| 139|0x0000000088b00000, 0x0000000088c00000, 0x0000000088c00000|100%| E|CS|TAMS 0x0000000088b00000, 0x0000000088b00000| Complete 
| 140|0x0000000088c00000, 0x0000000088d00000, 0x0000000088d00000|100%| E|CS|TAMS 0x0000000088c00000, 0x0000000088c00000| Complete 
| 141|0x0000000088d00000, 0x0000000088e00000, 0x0000000088e00000|100%| E|CS|TAMS 0x0000000088d00000, 0x0000000088d00000| Complete 
| 142|0x0000000088e00000, 0x0000000088f00000, 0x0000000088f00000|100%| E|CS|TAMS 0x0000000088e00000, 0x0000000088e00000| Complete 
| 143|0x0000000088f00000, 0x0000000089000000, 0x0000000089000000|100%| E|CS|TAMS 0x0000000088f00000, 0x0000000088f00000| Complete 
| 144|0x0000000089000000, 0x0000000089100000, 0x0000000089100000|100%| E|CS|TAMS 0x0000000089000000, 0x0000000089000000| Complete 
| 145|0x0000000089100000, 0x0000000089200000, 0x0000000089200000|100%| E|CS|TAMS 0x0000000089100000, 0x0000000089100000| Complete 
| 146|0x0000000089200000, 0x0000000089300000, 0x0000000089300000|100%| E|CS|TAMS 0x0000000089200000, 0x0000000089200000| Complete 
| 147|0x0000000089300000, 0x0000000089400000, 0x0000000089400000|100%| E|CS|TAMS 0x0000000089300000, 0x0000000089300000| Complete 
| 148|0x0000000089400000, 0x0000000089500000, 0x0000000089500000|100%| E|CS|TAMS 0x0000000089400000, 0x0000000089400000| Complete 
| 149|0x0000000089500000, 0x0000000089600000, 0x0000000089600000|100%| E|CS|TAMS 0x0000000089500000, 0x0000000089500000| Complete 
| 150|0x0000000089600000, 0x0000000089700000, 0x0000000089700000|100%| E|CS|TAMS 0x0000000089600000, 0x0000000089600000| Complete 
| 151|0x0000000089700000, 0x0000000089800000, 0x0000000089800000|100%| E|CS|TAMS 0x0000000089700000, 0x0000000089700000| Complete 

Card table byte_map: [0x00000238ca2c0000,0x00000238ca6c0000] _byte_map_base: 0x00000238c9ec0000

Marking Bits (Prev, Next): (CMBitMap*) 0x00000238b70bd588, (CMBitMap*) 0x00000238b70bd5c0
 Prev Bits: [0x00000238caac0000, 0x00000238ccac0000)
 Next Bits: [0x00000238ccac0000, 0x00000238ceac0000)

Polling page: 0x00000238b6850000

Metaspace:

Usage:
  Non-class:     37.02 MB capacity,    36.39 MB ( 98%) used,   538.91 KB (  1%) free+waste,   101.25 KB ( <1%) overhead. 
      Class:      5.70 MB capacity,     5.33 MB ( 94%) used,   331.07 KB (  6%) free+waste,    48.38 KB ( <1%) overhead. 
       Both:     42.72 MB capacity,    41.72 MB ( 98%) used,   869.98 KB (  2%) free+waste,   149.63 KB ( <1%) overhead. 

Virtual space:
  Non-class space:       38.00 MB reserved,      37.20 MB ( 98%) committed 
      Class space:        1.00 GB reserved,       5.75 MB ( <1%) committed 
             Both:        1.04 GB reserved,      42.95 MB (  4%) committed 

Chunk freelists:
   Non-Class:  60.00 KB
       Class:  18.00 KB
        Both:  78.00 KB

MaxMetaspaceSize: 17179869184.00 GB
CompressedClassSpaceSize: 1.00 GB
Initial GC threshold: 20.80 MB
Current GC threshold: 59.09 MB
CDS: off

CodeHeap 'non-profiled nmethods': size=120000Kb used=1866Kb max_used=1866Kb free=118134Kb
 bounds [0x00000238c2660000, 0x00000238c28d0000, 0x00000238c9b90000]
CodeHeap 'profiled nmethods': size=120000Kb used=7544Kb max_used=7544Kb free=112455Kb
 bounds [0x00000238bb130000, 0x00000238bb890000, 0x00000238c2660000]
CodeHeap 'non-nmethods': size=5760Kb used=2272Kb max_used=2307Kb free=3487Kb
 bounds [0x00000238bab90000, 0x00000238bae00000, 0x00000238bb130000]
 total_blobs=4361 nmethods=3596 adapters=676
 compilation: enabled
              stopped_count=0, restarted_count=0
 full_count=0

Compilation events (20 events):
Event: 6.270 Thread 0x00000238d1d9c000 nmethod 3602 0x00000238bb878810 code [0x00000238bb878a00, 0x00000238bb878e68]
Event: 6.276 Thread 0x00000238d1d9c000 3604       1       org.gradle.internal.operations.BuildOperationDescriptor::getParentId (5 bytes)
Event: 6.277 Thread 0x00000238d1d9c000 nmethod 3604 0x00000238c2831f10 code [0x00000238c28320c0, 0x00000238c2832178]
Event: 6.279 Thread 0x00000238d1d9c000 3605       3       org.gradle.internal.logging.slf4j.OutputEventListenerBackedLogger::isDebugEnabled (5 bytes)
Event: 6.279 Thread 0x00000238d1d9c000 nmethod 3605 0x00000238bb879090 code [0x00000238bb879280, 0x00000238bb879668]
Event: 6.279 Thread 0x00000238d1d9c000 3606       3       org.gradle.internal.logging.slf4j.BuildOperationAwareLogger::isDebugEnabled (8 bytes)
Event: 6.279 Thread 0x00000238d1d9c000 nmethod 3606 0x00000238bb879810 code [0x00000238bb8799c0, 0x00000238bb879b88]
Event: 6.279 Thread 0x00000238d1d9c000 3607       3       java.lang.ThreadLocal::set (30 bytes)
Event: 6.280 Thread 0x00000238d1d9c000 nmethod 3607 0x00000238bb879c10 code [0x00000238bb879e00, 0x00000238bb87a148]
Event: 6.281 Thread 0x00000238d1d9c000 3608       3       org.gradle.internal.time.TimeSource$1::nanoTime (4 bytes)
Event: 6.281 Thread 0x00000238d1d9c000 nmethod 3608 0x00000238bb87a290 code [0x00000238bb87a440, 0x00000238bb87a558]
Event: 6.286 Thread 0x00000238d1d9c000 3611       3       org.gradle.internal.instantiation.generator.AbstractClassGenerator$PropertyMetadata::addGetter (129 bytes)
Event: 6.287 Thread 0x00000238d1d9c000 nmethod 3611 0x00000238bb87a610 code [0x00000238bb87a8e0, 0x00000238bb87ba08]
Event: 6.287 Thread 0x00000238d1d9c000 3610       1       sun.reflect.generics.tree.Wildcard::getUpperBounds (5 bytes)
Event: 6.287 Thread 0x00000238d1d9c000 nmethod 3610 0x00000238c2832210 code [0x00000238c28323c0, 0x00000238c2832478]
Event: 6.287 Thread 0x00000238d1d9c000 3612       3       com.google.common.collect.Hashing::smearedHash (16 bytes)
Event: 6.287 Thread 0x00000238d1d9c000 nmethod 3612 0x00000238bb87be10 code [0x00000238bb87bfe0, 0x00000238bb87c2c8]
Event: 6.287 Thread 0x00000238d1d9c000 3613       1       com.google.common.collect.LinkedHashMultimap$ValueEntry::getSuccessorInValueSet (5 bytes)
Event: 6.287 Thread 0x00000238d1d9c000 nmethod 3613 0x00000238c2832510 code [0x00000238c28326c0, 0x00000238c2832778]
Event: 6.287 Thread 0x00000238d1d9c000 3614       3       org.objectweb.asm.SymbolTable::addConstant (330 bytes)

GC Heap History (14 events):
Event: 0.797 GC heap before
{Heap before GC invocations=0 (full 0):
 garbage-first heap   total 129024K, used 29696K [0x0000000080000000, 0x0000000100000000)
  region size 1024K, 24 young (24576K), 0 survivors (0K)
 Metaspace       used 9743K, capacity 9956K, committed 10112K, reserved 1058816K
  class space    used 1000K, capacity 1069K, committed 1152K, reserved 1048576K
}
Event: 0.802 GC heap after
{Heap after GC invocations=1 (full 0):
 garbage-first heap   total 129024K, used 9344K [0x0000000080000000, 0x0000000100000000)
  region size 1024K, 3 young (3072K), 3 survivors (3072K)
 Metaspace       used 9743K, capacity 9956K, committed 10112K, reserved 1058816K
  class space    used 1000K, capacity 1069K, committed 1152K, reserved 1048576K
}
Event: 2.538 GC heap before
{Heap before GC invocations=1 (full 0):
 garbage-first heap   total 129024K, used 83072K [0x0000000080000000, 0x0000000100000000)
  region size 1024K, 75 young (76800K), 3 survivors (3072K)
 Metaspace       used 17492K, capacity 17939K, committed 18176K, reserved 1064960K
  class space    used 2035K, capacity 2177K, committed 2304K, reserved 1048576K
}
Event: 2.548 GC heap after
{Heap after GC invocations=2 (full 0):
 garbage-first heap   total 129024K, used 16386K [0x0000000080000000, 0x0000000100000000)
  region size 1024K, 10 young (10240K), 10 survivors (10240K)
 Metaspace       used 17492K, capacity 17939K, committed 18176K, reserved 1064960K
  class space    used 2035K, capacity 2177K, committed 2304K, reserved 1048576K
}
Event: 3.135 GC heap before
{Heap before GC invocations=2 (full 0):
 garbage-first heap   total 129024K, used 46082K [0x0000000080000000, 0x0000000100000000)
  region size 1024K, 40 young (40960K), 10 survivors (10240K)
 Metaspace       used 20796K, capacity 21189K, committed 21296K, reserved 1069056K
  class space    used 2527K, capacity 2688K, committed 2688K, reserved 1048576K
}
Event: 3.147 GC heap after
{Heap after GC invocations=3 (full 0):
 garbage-first heap   total 129024K, used 17327K [0x0000000080000000, 0x0000000100000000)
  region size 1024K, 2 young (2048K), 2 survivors (2048K)
 Metaspace       used 20796K, capacity 21189K, committed 21296K, reserved 1069056K
  class space    used 2527K, capacity 2688K, committed 2688K, reserved 1048576K
}
Event: 4.175 GC heap before
{Heap before GC invocations=4 (full 0):
 garbage-first heap   total 129024K, used 70575K [0x0000000080000000, 0x0000000100000000)
  region size 1024K, 55 young (56320K), 2 survivors (2048K)
 Metaspace       used 26493K, capacity 27143K, committed 27264K, reserved 1073152K
  class space    used 3427K, capacity 3638K, committed 3712K, reserved 1048576K
}
Event: 4.179 GC heap after
{Heap after GC invocations=5 (full 0):
 garbage-first heap   total 129024K, used 19070K [0x0000000080000000, 0x0000000100000000)
  region size 1024K, 4 young (4096K), 4 survivors (4096K)
 Metaspace       used 26493K, capacity 27143K, committed 27264K, reserved 1073152K
  class space    used 3427K, capacity 3638K, committed 3712K, reserved 1048576K
}
Event: 5.106 GC heap before
{Heap before GC invocations=5 (full 0):
 garbage-first heap   total 129024K, used 78462K [0x0000000080000000, 0x0000000100000000)
  region size 1024K, 62 young (63488K), 4 survivors (4096K)
 Metaspace       used 34971K, capacity 35759K, committed 35840K, reserved 1081344K
  class space    used 4485K, capacity 4788K, committed 4864K, reserved 1048576K
}
Event: 5.112 GC heap after
{Heap after GC invocations=6 (full 0):
 garbage-first heap   total 129024K, used 22352K [0x0000000080000000, 0x0000000100000000)
  region size 1024K, 7 young (7168K), 7 survivors (7168K)
 Metaspace       used 34971K, capacity 35759K, committed 35840K, reserved 1081344K
  class space    used 4485K, capacity 4788K, committed 4864K, reserved 1048576K
}
Event: 5.136 GC heap before
{Heap before GC invocations=6 (full 0):
 garbage-first heap   total 129024K, used 24400K [0x0000000080000000, 0x0000000100000000)
  region size 1024K, 10 young (10240K), 7 survivors (7168K)
 Metaspace       used 35168K, capacity 35938K, committed 36048K, reserved 1081344K
  class space    used 4513K, capacity 4806K, committed 4864K, reserved 1048576K
}
Event: 5.144 GC heap after
{Heap after GC invocations=7 (full 0):
 garbage-first heap   total 129024K, used 22636K [0x0000000080000000, 0x0000000100000000)
  region size 1024K, 4 young (4096K), 4 survivors (4096K)
 Metaspace       used 35168K, capacity 35938K, committed 36048K, reserved 1081344K
  class space    used 4513K, capacity 4806K, committed 4864K, reserved 1048576K
}
Event: 5.889 GC heap before
{Heap before GC invocations=8 (full 0):
 garbage-first heap   total 129024K, used 88172K [0x0000000080000000, 0x0000000100000000)
  region size 1024K, 66 young (67584K), 4 survivors (4096K)
 Metaspace       used 39869K, capacity 40832K, committed 41040K, reserved 1085440K
  class space    used 5047K, capacity 5407K, committed 5504K, reserved 1048576K
}
Event: 5.898 GC heap after
{Heap after GC invocations=9 (full 0):
 garbage-first heap   total 155648K, used 27670K [0x0000000080000000, 0x0000000100000000)
  region size 1024K, 9 young (9216K), 9 survivors (9216K)
 Metaspace       used 39869K, capacity 40832K, committed 41040K, reserved 1085440K
  class space    used 5047K, capacity 5407K, committed 5504K, reserved 1048576K
}

Deoptimization events (20 events):
Event: 6.244 Thread 0x00000238d47eb800 Uncommon trap: trap_request=0xffffff4d fr.pc=0x00000238c273b404 relative=0x00000000000001c4
Event: 6.244 Thread 0x00000238d47eb800 Uncommon trap: reason=unstable_if action=reinterpret pc=0x00000238c273b404 method=java.util.HashMap.getNode(ILjava/lang/Object;)Ljava/util/HashMap$Node; @ 53 c2
Event: 6.244 Thread 0x00000238d47eb800 DEOPT PACKING pc=0x00000238c273b404 sp=0x000000cf23bf8b20
Event: 6.244 Thread 0x00000238d47eb800 DEOPT UNPACKING pc=0x00000238babda1af sp=0x000000cf23bf8aa8 mode 2
Event: 6.244 Thread 0x00000238d47eb800 Uncommon trap: trap_request=0xffffff4d fr.pc=0x00000238c26c3494 relative=0x00000000000000d4
Event: 6.244 Thread 0x00000238d47eb800 Uncommon trap: reason=unstable_if action=reinterpret pc=0x00000238c26c3494 method=java.util.HashMap.hash(Ljava/lang/Object;)I @ 1 c2
Event: 6.244 Thread 0x00000238d47eb800 DEOPT PACKING pc=0x00000238c26c3494 sp=0x000000cf23bf8ba0
Event: 6.244 Thread 0x00000238d47eb800 DEOPT UNPACKING pc=0x00000238babda1af sp=0x000000cf23bf8ae0 mode 2
Event: 6.244 Thread 0x00000238d47eb800 Uncommon trap: trap_request=0xffffff4d fr.pc=0x00000238c27e9044 relative=0x00000000000006c4
Event: 6.244 Thread 0x00000238d47eb800 Uncommon trap: reason=unstable_if action=reinterpret pc=0x00000238c27e9044 method=java.util.HashMap.putVal(ILjava/lang/Object;Ljava/lang/Object;ZZ)Ljava/lang/Object; @ 85 c2
Event: 6.244 Thread 0x00000238d47eb800 DEOPT PACKING pc=0x00000238c27e9044 sp=0x000000cf23bf8ad0
Event: 6.244 Thread 0x00000238d47eb800 DEOPT UNPACKING pc=0x00000238babda1af sp=0x000000cf23bf8a88 mode 2
Event: 6.248 Thread 0x00000238d47eb800 Uncommon trap: trap_request=0xffffff4d fr.pc=0x00000238c27b8f68 relative=0x0000000000000308
Event: 6.248 Thread 0x00000238d47eb800 Uncommon trap: reason=unstable_if action=reinterpret pc=0x00000238c27b8f68 method=org.gradle.internal.reflect.PropertyAccessorType.isGetGetterName(Ljava/lang/String;)Z @ 14 c2
Event: 6.248 Thread 0x00000238d47eb800 DEOPT PACKING pc=0x00000238c27b8f68 sp=0x000000cf23bf95f0
Event: 6.248 Thread 0x00000238d47eb800 DEOPT UNPACKING pc=0x00000238babda1af sp=0x000000cf23bf9548 mode 2
Event: 6.268 Thread 0x00000238d47eb800 Uncommon trap: trap_request=0xffffff4d fr.pc=0x00000238c27b3408 relative=0x00000000000000e8
Event: 6.268 Thread 0x00000238d47eb800 Uncommon trap: reason=unstable_if action=reinterpret pc=0x00000238c27b3408 method=org.objectweb.asm.ByteVector.putShort(I)Lorg/objectweb/asm/ByteVector; @ 13 c2
Event: 6.268 Thread 0x00000238d47eb800 DEOPT PACKING pc=0x00000238c27b3408 sp=0x000000cf23bf9030
Event: 6.268 Thread 0x00000238d47eb800 DEOPT UNPACKING pc=0x00000238babda1af sp=0x000000cf23bf8fc8 mode 2

Classes redefined (0 events):
No events

Internal exceptions (20 events):
Event: 5.862 Thread 0x00000238d47eb800 Exception <a 'java/lang/ClassNotFoundException'{0x0000000083e74a98}: org/gradle/api/initialization/resolve/RepositoriesModeBeanInfo> (0x0000000083e74a98) thrown at [./src/hotspot/share/classfile/systemDictionary.cpp, line 231]
Event: 5.862 Thread 0x00000238d47eb800 Exception <a 'java/lang/ClassNotFoundException'{0x0000000083e79960}: java/lang/EnumBeanInfo> (0x0000000083e79960) thrown at [./src/hotspot/share/classfile/systemDictionary.cpp, line 231]
Event: 5.862 Thread 0x00000238d47eb800 Exception <a 'java/lang/ClassNotFoundException'{0x0000000083e7e848}: java/lang/EnumCustomizer> (0x0000000083e7e848) thrown at [./src/hotspot/share/classfile/systemDictionary.cpp, line 231]
Event: 5.863 Thread 0x00000238d47eb800 Exception <a 'java/lang/ClassNotFoundException'{0x0000000083ead8b8}: org/gradle/api/initialization/resolve/RepositoriesModeCustomizer> (0x0000000083ead8b8) thrown at [./src/hotspot/share/classfile/systemDictionary.cpp, line 231]
Event: 5.869 Thread 0x00000238d47eb800 Exception <a 'java/lang/ClassNotFoundException'{0x0000000083d39b78}: org/gradle/api/internal/provider/DefaultPropertyBeanInfo> (0x0000000083d39b78) thrown at [./src/hotspot/share/classfile/systemDictionary.cpp, line 231]
Event: 5.870 Thread 0x00000238d47eb800 Exception <a 'java/lang/ClassNotFoundException'{0x0000000083d60290}: org/gradle/api/internal/provider/AbstractPropertyBeanInfo> (0x0000000083d60290) thrown at [./src/hotspot/share/classfile/systemDictionary.cpp, line 231]
Event: 5.871 Thread 0x00000238d47eb800 Exception <a 'java/lang/ClassNotFoundException'{0x0000000083d89918}: org/gradle/api/internal/provider/AbstractMinimalProviderBeanInfo> (0x0000000083d89918) thrown at [./src/hotspot/share/classfile/systemDictionary.cpp, line 231]
Event: 5.871 Thread 0x00000238d47eb800 Exception <a 'java/lang/ClassNotFoundException'{0x0000000083db2d30}: org/gradle/api/internal/provider/AbstractMinimalProviderCustomizer> (0x0000000083db2d30) thrown at [./src/hotspot/share/classfile/systemDictionary.cpp, line 231]
Event: 5.875 Thread 0x00000238d47eb800 Exception <a 'java/lang/ClassNotFoundException'{0x0000000083c14818}: org/gradle/api/internal/provider/AbstractPropertyCustomizer> (0x0000000083c14818) thrown at [./src/hotspot/share/classfile/systemDictionary.cpp, line 231]
Event: 5.876 Thread 0x00000238d47eb800 Exception <a 'java/lang/ClassNotFoundException'{0x0000000083c47628}: org/gradle/api/internal/provider/DefaultPropertyCustomizer> (0x0000000083c47628) thrown at [./src/hotspot/share/classfile/systemDictionary.cpp, line 231]
Event: 5.932 Thread 0x00000238d47eb800 Exception <a 'java/lang/ClassNotFoundException'{0x00000000896518c0}: org/gradle/initialization/DefaultProjectDescriptorBeanInfo> (0x00000000896518c0) thrown at [./src/hotspot/share/classfile/systemDictionary.cpp, line 231]
Event: 5.933 Thread 0x00000238d47eb800 Exception <a 'java/lang/ClassNotFoundException'{0x0000000089677e00}: org/gradle/initialization/DefaultProjectDescriptorCustomizer> (0x0000000089677e00) thrown at [./src/hotspot/share/classfile/systemDictionary.cpp, line 231]
Event: 5.937 Thread 0x00000238d47eb800 Implicit null exception at 0x00000238c27d806c to 0x00000238c27d8114
Event: 6.104 Thread 0x00000238d47e6000 Exception <a 'java/lang/NoSuchMethodError'{0x000000008970edb8}: <clinit>> (0x000000008970edb8) thrown at [./src/hotspot/share/prims/jni.cpp, line 1366]
Event: 6.105 Thread 0x00000238d47e6000 Exception <a 'java/lang/NoSuchMethodError'{0x00000000897104a8}: <clinit>> (0x00000000897104a8) thrown at [./src/hotspot/share/prims/jni.cpp, line 1366]
Event: 6.107 Thread 0x00000238d47e6000 Exception <a 'java/lang/NoSuchMethodError'{0x0000000088a0dff8}: <clinit>> (0x0000000088a0dff8) thrown at [./src/hotspot/share/prims/jni.cpp, line 1366]
Event: 6.107 Thread 0x00000238d47e6000 Exception <a 'java/lang/NoSuchMethodError'{0x0000000088a10380}: <clinit>> (0x0000000088a10380) thrown at [./src/hotspot/share/prims/jni.cpp, line 1366]
Event: 6.110 Thread 0x00000238d47e6000 Exception <a 'java/lang/NoSuchMethodError'{0x0000000088a20318}: <clinit>> (0x0000000088a20318) thrown at [./src/hotspot/share/prims/jni.cpp, line 1366]
Event: 6.244 Thread 0x00000238d47eb800 Implicit null exception at 0x00000238c27510f4 to 0x00000238c2751304
Event: 6.244 Thread 0x00000238d47eb800 Implicit null exception at 0x00000238c26c33f8 to 0x00000238c26c348a

Events (20 events):
Event: 6.280 loading class org/gradle/api/reporting/components/ComponentReport
Event: 6.280 loading class org/gradle/api/reporting/components/ComponentReport done
Event: 6.281 loading class org/gradle/api/reporting/model/ModelReport
Event: 6.281 loading class org/gradle/api/reporting/model/ModelReport done
Event: 6.281 loading class org/gradle/api/reporting/dependents/DependentComponentsReport
Event: 6.281 loading class org/gradle/api/reporting/dependents/DependentComponentsReport done
Event: 6.282 loading class org/gradle/api/tasks/diagnostics/OutgoingVariantsReportTask
Event: 6.282 loading class org/gradle/api/tasks/diagnostics/OutgoingVariantsReportTask done
Event: 6.282 loading class org/gradle/api/tasks/diagnostics/OutgoingVariantsReportTask
Event: 6.282 loading class org/gradle/api/tasks/diagnostics/OutgoingVariantsReportTask done
Event: 6.283 loading class org/gradle/api/Action
Event: 6.283 loading class org/gradle/api/Action done
Event: 6.283 loading class org/gradle/api/internal/tasks/DefaultRealizableTaskCollection
Event: 6.283 loading class org/gradle/api/internal/tasks/DefaultRealizableTaskCollection done
Event: 6.284 loading class org/gradle/api/specs/Specs
Event: 6.284 loading class org/gradle/api/specs/Specs done
Event: 6.285 loading class org/gradle/api/specs/Specs$1
Event: 6.285 loading class org/gradle/api/specs/Specs$1 done
Event: 6.285 loading class org/gradle/api/specs/Specs$2
Event: 6.285 loading class org/gradle/api/specs/Specs$2 done


Dynamic libraries:
0x00007ff73a650000 - 0x00007ff73a65a000 	C:\Program Files\Android\Android Studio\jre\bin\java.exe
0x00007ffcf0550000 - 0x00007ffcf0764000 	C:\WINDOWS\SYSTEM32\ntdll.dll
0x00007ffcefaf0000 - 0x00007ffcefbb3000 	C:\WINDOWS\System32\KERNEL32.DLL
0x00007ffceddd0000 - 0x00007ffcee16c000 	C:\WINDOWS\System32\KERNELBASE.dll
0x00007ffcee170000 - 0x00007ffcee281000 	C:\WINDOWS\System32\ucrtbase.dll
0x00007ffcb94b0000 - 0x00007ffcb94c9000 	C:\Program Files\Android\Android Studio\jre\bin\jli.dll
0x00007ffcb9490000 - 0x00007ffcb94a7000 	C:\Program Files\Android\Android Studio\jre\bin\VCRUNTIME140.dll
0x00007ffcefbc0000 - 0x00007ffcefd6d000 	C:\WINDOWS\System32\USER32.dll
0x00007ffcee290000 - 0x00007ffcee2b6000 	C:\WINDOWS\System32\win32u.dll
0x00007ffcd76e0000 - 0x00007ffcd796e000 	C:\WINDOWS\WinSxS\amd64_microsoft.windows.common-controls_6595b64144ccf1df_6.0.22621.608_none_a9444ca7c10bb01d\COMCTL32.dll
0x00007ffcf0140000 - 0x00007ffcf0169000 	C:\WINDOWS\System32\GDI32.dll
0x00007ffcefd80000 - 0x00007ffcefe27000 	C:\WINDOWS\System32\msvcrt.dll
0x00007ffcedcb0000 - 0x00007ffceddc2000 	C:\WINDOWS\System32\gdi32full.dll
0x00007ffcee2c0000 - 0x00007ffcee35a000 	C:\WINDOWS\System32\msvcp_win.dll
0x00007ffceff50000 - 0x00007ffceff82000 	C:\WINDOWS\System32\IMM32.DLL
0x00007ffc993b0000 - 0x00007ffc9944d000 	C:\Program Files\Android\Android Studio\jre\bin\msvcp140.dll
0x00007ffca6320000 - 0x00007ffca6e22000 	C:\Program Files\Android\Android Studio\jre\bin\server\jvm.dll
0x00007ffcee3e0000 - 0x00007ffcee48e000 	C:\WINDOWS\System32\ADVAPI32.dll
0x00007ffcee4a0000 - 0x00007ffcee544000 	C:\WINDOWS\System32\sechost.dll
0x00007ffcef9d0000 - 0x00007ffcefae5000 	C:\WINDOWS\System32\RPCRT4.dll
0x00007ffcefd70000 - 0x00007ffcefd78000 	C:\WINDOWS\System32\PSAPI.DLL
0x00007ffce4ba0000 - 0x00007ffce4ba9000 	C:\WINDOWS\SYSTEM32\WSOCK32.dll
0x00007ffce2fe0000 - 0x00007ffce3014000 	C:\WINDOWS\SYSTEM32\WINMM.dll
0x00007ffce0200000 - 0x00007ffce020a000 	C:\WINDOWS\SYSTEM32\VERSION.dll
0x00007ffcee360000 - 0x00007ffcee3d1000 	C:\WINDOWS\System32\WS2_32.dll
0x00007ffcec9a0000 - 0x00007ffcec9b8000 	C:\WINDOWS\SYSTEM32\kernel.appcore.dll
0x00007ffcdc260000 - 0x00007ffcdc271000 	C:\Program Files\Android\Android Studio\jre\bin\verify.dll
0x00007ffceb330000 - 0x00007ffceb55e000 	C:\WINDOWS\SYSTEM32\DBGHELP.DLL
0x00007ffcef640000 - 0x00007ffcef9ca000 	C:\WINDOWS\System32\combase.dll
0x00007ffcee7b0000 - 0x00007ffcee887000 	C:\WINDOWS\System32\OLEAUT32.dll
0x00007ffcd46e0000 - 0x00007ffcd4712000 	C:\WINDOWS\SYSTEM32\dbgcore.DLL
0x00007ffcedb70000 - 0x00007ffcedbeb000 	C:\WINDOWS\System32\bcryptPrimitives.dll
0x00007ffcdb0f0000 - 0x00007ffcdb119000 	C:\Program Files\Android\Android Studio\jre\bin\java.dll
0x00007ffce3140000 - 0x00007ffce314b000 	C:\Program Files\Android\Android Studio\jre\bin\jimage.dll
0x00007ffcdb7b0000 - 0x00007ffcdb7c8000 	C:\Program Files\Android\Android Studio\jre\bin\zip.dll
0x00007ffcee890000 - 0x00007ffcef07f000 	C:\WINDOWS\System32\SHELL32.dll
0x00007ffceb960000 - 0x00007ffcec228000 	C:\WINDOWS\SYSTEM32\windows.storage.dll
0x00007ffceb820000 - 0x00007ffceb95e000 	C:\WINDOWS\SYSTEM32\wintypes.dll
0x00007ffcf0330000 - 0x00007ffcf0421000 	C:\WINDOWS\System32\SHCORE.dll
0x00007ffcf0490000 - 0x00007ffcf04ee000 	C:\WINDOWS\System32\shlwapi.dll
0x00007ffced8c0000 - 0x00007ffced8e1000 	C:\WINDOWS\SYSTEM32\profapi.dll
0x00007ffcd9e60000 - 0x00007ffcd9e7a000 	C:\Program Files\Android\Android Studio\jre\bin\net.dll
0x00007ffce2eb0000 - 0x00007ffce2fdf000 	C:\WINDOWS\SYSTEM32\WINHTTP.dll
0x00007ffcece00000 - 0x00007ffcece69000 	C:\WINDOWS\system32\mswsock.dll
0x00007ffcd9e10000 - 0x00007ffcd9e24000 	C:\Program Files\Android\Android Studio\jre\bin\nio.dll
0x00007ffcba510000 - 0x00007ffcba537000 	C:\Users\nguye\.gradle\native\e1d6ef7f7dcc3fd88c89a11ec53ec762bb8ba0a96d01ffa2cd45eb1d1d8dd5c5\windows-amd64\native-platform.dll
0x00007ffc96d30000 - 0x00007ffc96e74000 	C:\Users\nguye\.gradle\native\0d407fdbe67a94daf76414ababcb853783967236a71b16ec16e742cd7a986fd3\windows-amd64\native-platform-file-events.dll
0x00007ffcdc110000 - 0x00007ffcdc11a000 	C:\Program Files\Android\Android Studio\jre\bin\management.dll
0x00007ffcdb720000 - 0x00007ffcdb72d000 	C:\Program Files\Android\Android Studio\jre\bin\management_ext.dll
0x00007ffced120000 - 0x00007ffced13b000 	C:\WINDOWS\SYSTEM32\CRYPTSP.dll
0x00007ffcec910000 - 0x00007ffcec945000 	C:\WINDOWS\system32\rsaenh.dll
0x00007ffcecea0000 - 0x00007ffcecec8000 	C:\WINDOWS\SYSTEM32\USERENV.dll
0x00007ffced260000 - 0x00007ffced288000 	C:\WINDOWS\SYSTEM32\bcrypt.dll
0x00007ffced100000 - 0x00007ffced10c000 	C:\WINDOWS\SYSTEM32\CRYPTBASE.dll
0x00007ffcec480000 - 0x00007ffcec4ad000 	C:\WINDOWS\SYSTEM32\IPHLPAPI.DLL
0x00007ffcee490000 - 0x00007ffcee499000 	C:\WINDOWS\System32\NSI.dll
0x00007ffce42c0000 - 0x00007ffce42d9000 	C:\WINDOWS\SYSTEM32\dhcpcsvc6.DLL
0x00007ffce42a0000 - 0x00007ffce42bf000 	C:\WINDOWS\SYSTEM32\dhcpcsvc.DLL
0x00007ffcec4f0000 - 0x00007ffcec5e3000 	C:\WINDOWS\SYSTEM32\DNSAPI.dll

dbghelp: loaded successfully - version: 4.0.5 - missing functions: none
symbol engine: initialized successfully - sym options: 0x614 - pdb path: .;C:\Program Files\Android\Android Studio\jre\bin;C:\WINDOWS\SYSTEM32;C:\WINDOWS\WinSxS\amd64_microsoft.windows.common-controls_6595b64144ccf1df_6.0.22621.608_none_a9444ca7c10bb01d;C:\Program Files\Android\Android Studio\jre\bin\server;C:\Users\nguye\.gradle\native\e1d6ef7f7dcc3fd88c89a11ec53ec762bb8ba0a96d01ffa2cd45eb1d1d8dd5c5\windows-amd64;C:\Users\nguye\.gradle\native\0d407fdbe67a94daf76414ababcb853783967236a71b16ec16e742cd7a986fd3\windows-amd64

VM Arguments:
jvm_args: --add-opens=java.base/java.util=ALL-UNNAMED --add-opens=java.base/java.lang=ALL-UNNAMED --add-opens=java.base/java.lang.invoke=ALL-UNNAMED --add-opens=java.base/java.util=ALL-UNNAMED --add-opens=java.prefs/java.util.prefs=ALL-UNNAMED --add-opens=java.prefs/java.util.prefs=ALL-UNNAMED --add-opens=java.base/java.nio.charset=ALL-UNNAMED --add-opens=java.base/java.net=ALL-UNNAMED --add-opens=java.base/java.util.concurrent.atomic=ALL-UNNAMED -Xmx2048m -Dfile.encoding=UTF-8 -Duser.country=US -Duser.language=en -Duser.variant 
java_command: org.gradle.launcher.daemon.bootstrap.GradleDaemon 7.4
java_class_path (initial): C:\Users\nguye\.gradle\wrapper\dists\gradle-7.4-bin\c0gwcg53nkjbqw7r0h0umtfvt\gradle-7.4\lib\gradle-launcher-7.4.jar
Launcher Type: SUN_STANDARD

[Global flags]
     intx CICompilerCount                          = 4                                         {product} {ergonomic}
     uint ConcGCThreads                            = 2                                         {product} {ergonomic}
     uint G1ConcRefinementThreads                  = 8                                         {product} {ergonomic}
   size_t G1HeapRegionSize                         = 1048576                                   {product} {ergonomic}
    uintx GCDrainStackTargetSize                   = 64                                        {product} {ergonomic}
   size_t InitialHeapSize                          = 132120576                                 {product} {ergonomic}
   size_t MarkStackSize                            = 4194304                                   {product} {ergonomic}
   size_t MaxHeapSize                              = 2147483648                                {product} {command line}
   size_t MaxNewSize                               = 1287651328                                {product} {ergonomic}
   size_t MinHeapDeltaBytes                        = 1048576                                   {product} {ergonomic}
    uintx NonNMethodCodeHeapSize                   = 5836300                                {pd product} {ergonomic}
    uintx NonProfiledCodeHeapSize                  = 122910970                              {pd product} {ergonomic}
    uintx ProfiledCodeHeapSize                     = 122910970                              {pd product} {ergonomic}
    uintx ReservedCodeCacheSize                    = 251658240                              {pd product} {ergonomic}
     bool SegmentedCodeCache                       = true                                      {product} {ergonomic}
     bool UseCompressedClassPointers               = true                                 {lp64_product} {ergonomic}
     bool UseCompressedOops                        = true                                 {lp64_product} {ergonomic}
     bool UseG1GC                                  = true                                      {product} {ergonomic}
     bool UseLargePagesIndividualAllocation        = false                                  {pd product} {ergonomic}

Logging:
Log output configuration:
 #0: stdout all=warning uptime,level,tags
 #1: stderr all=off uptime,level,tags

Environment Variables:
PATH=C:\Program Files\Common Files\Oracle\Java\javapath;C:\WINDOWS\system32;C:\WINDOWS;C:\WINDOWS\System32\Wbem;C:\WINDOWS\System32\WindowsPowerShell\v1.0\;C:\WINDOWS\System32\OpenSSH\;C:\Program Files\dotnet\;C:\Program Files\Git\cmd;C:\ProgramData\chocolatey\bin;C:\Users\nguye\AppData\Roaming\nvm;C:\Program Files\nodejs;C:\Program Files\PowerShell\7\;C:\Users\nguye\AppData\Local\Pub\Cache\bin;D:\flutter\gite\;D:\TL\mongosh-1.6.2-win32-x64\bin;C:\Users\nguye\AppData\Local\Microsoft\WindowsApps;C:\Users\nguye\AppData\Roaming\npm;C:\Users\nguye\AppData\Local\Programs\Microsoft VS Code\bin;C:\tools\mysql\current\bin;C:\Users\nguye\AppData\Roaming\nvm;D:\flutter\flutter\bin;C:\Users\nguye\AppData\Local\Pub\Cache\bin;
USERNAME=nguye
OS=Windows_NT
PROCESSOR_IDENTIFIER=Intel64 Family 6 Model 142 Stepping 12, GenuineIntel



---------------  S Y S T E M  ---------------

OS: Windows 11 , 64 bit Build 22621 (10.0.22621.1194)
OS uptime: 18 days 23:21 hours
Hyper-V role detected

CPU:total 8 (initial active 8) (4 cores per cpu, 2 threads per core) family 6 model 142 stepping 12 microcode 0xde, cmov, cx8, fxsr, mmx, sse, sse2, sse3, ssse3, sse4.1, sse4.2, popcnt, avx, avx2, aes, clmul, erms, 3dnowpref, lzcnt, ht, tsc, tscinvbit, bmi1, bmi2, adx, fma

Memory: 4k page, system-wide physical 8032M (360M free)
TotalPageFile size 21369M (AvailPageFile size 5M)
current process WorkingSet (physical memory assigned to process): 297M, peak: 297M
current process commit charge ("private bytes"): 352M, peak: 354M

vm_info: OpenJDK 64-Bit Server VM (11.0.13+0-b1751.21-8125866) for windows-amd64 JRE (11.0.13+0-b1751.21-8125866), built on Feb  2 2022 03:00:22 by "builder" with MS VC++ 14.0 (VS2015)

END.
