#
# There is insufficient memory for the Java Runtime Environment to continue.
# Native memory allocation (mmap) failed to map 32505856 bytes for Failed to commit area from 0x0000000089800000 to 0x000000008b700000 of length 32505856.
# Possible reasons:
#   The system is out of physical RAM or swap space
#   The process is running with CompressedOops enabled, and the Java Heap may be blocking the growth of the native heap
# Possible solutions:
#   Reduce memory load on the system
#   Increase physical memory or swap space
#   Check if swap backing store is full
#   Decrease Java heap size (-Xmx/-Xms)
#   Decrease number of Java threads
#   Decrease Java thread stack sizes (-Xss)
#   Set larger code cache with -XX:ReservedCodeCacheSize=
#   JVM is running with Unscaled Compressed Oops mode in which the Java heap is
#     placed in the first 4GB address space. The Java Heap base address is the
#     maximum limit for the native heap growth. Please use -XX:HeapBaseMinAddress
#     to set the Java Heap base and to place the Java Heap above 4GB virtual address.
# This output file may be truncated or incomplete.
#
#  Out of Memory Error (./src/hotspot/os/windows/os_windows.cpp:3619), pid=16856, tid=584
#
# JRE version: OpenJDK Runtime Environment (11.0.13) (build 11.0.13+0-b1751.21-8125866)
# Java VM: OpenJDK 64-Bit Server VM (11.0.13+0-b1751.21-8125866, mixed mode, tiered, compressed oops, g1 gc, windows-amd64)
# No core dump will be written. Minidumps are not enabled by default on client versions of Windows
#

---------------  S U M M A R Y ------------

Command Line: --add-opens=java.base/java.util=ALL-UNNAMED --add-opens=java.base/java.lang=ALL-UNNAMED --add-opens=java.base/java.lang.invoke=ALL-UNNAMED --add-opens=java.base/java.util=ALL-UNNAMED --add-opens=java.prefs/java.util.prefs=ALL-UNNAMED --add-opens=java.prefs/java.util.prefs=ALL-UNNAMED --add-opens=java.base/java.nio.charset=ALL-UNNAMED --add-opens=java.base/java.net=ALL-UNNAMED --add-opens=java.base/java.util.concurrent.atomic=ALL-UNNAMED -Xmx2048m -Dfile.encoding=UTF-8 -Duser.country=US -Duser.language=en -Duser.variant org.gradle.launcher.daemon.bootstrap.GradleDaemon 7.4

Host: Intel(R) Core(TM) i5-10210U CPU @ 1.60GHz, 8 cores, 7G,  Windows 11 , 64 bit Build 22621 (10.0.22621.1194)
Time: Thu Mar  9 08:55:32 2023 SE Asia Standard Time elapsed time: 13.649587 seconds (0d 0h 0m 13s)

---------------  T H R E A D  ---------------

Current thread (0x000001d97eda2800):  VMThread "VM Thread" [stack: 0x0000004997100000,0x0000004997200000] [id=584]

Stack: [0x0000004997100000,0x0000004997200000]
[error occurred during error reporting (printing stack bounds), id 0xc0000005, EXCEPTION_ACCESS_VIOLATION (0xc0000005) at pc=0x000001d96c3f112d]

Native frames: (J=compiled Java code, j=interpreted, Vv=VM code, C=native code)
V  [jvm.dll+0x6100fa]
V  [jvm.dll+0x747090]
V  [jvm.dll+0x7486ad]
V  [jvm.dll+0x748ce5]
V  [jvm.dll+0x748c9b]
V  [jvm.dll+0x60f224]
V  [jvm.dll+0x60f9b8]
C  [ntdll.dll+0xa3eaf]
C  [ntdll.dll+0x1eae6]
C  [ntdll.dll+0xa2e9e]
C  0x000001d96c3f112d

VM_Operation (0x000000499f9f6440): G1CollectForAllocation, mode: safepoint, requested by thread 0x000001d906abb000


---------------  P R O C E S S  ---------------

Threads class SMR info:
_java_thread_list=0x000001d906c30060, length=143, elements={
0x000001d9666dc000, 0x000001d97f5c1800, 0x000001d97f5c2000, 0x000001d97edaf800,
0x000001d97edb0800, 0x000001d97edb4800, 0x000001d97edb9000, 0x000001d97edba000,
0x000001d97edbb000, 0x000001d97f77c000, 0x000001d905955800, 0x000001d97f99a800,
0x000001d904571000, 0x000001d905e9c800, 0x000001d904c40800, 0x000001d9061b6800,
0x000001d9057fc800, 0x000001d905148800, 0x000001d905ebf000, 0x000001d906125800,
0x000001d906059000, 0x000001d906382800, 0x000001d906384000, 0x000001d906383800,
0x000001d906385000, 0x000001d906381000, 0x000001d90637f800, 0x000001d906386000,
0x000001d906380000, 0x000001d906381800, 0x000001d9089c2800, 0x000001d90747c800,
0x000001d9089c9000, 0x000001d9089c4800, 0x000001d9089c5800, 0x000001d9089c4000,
0x000001d9089c8000, 0x000001d9089c3000, 0x000001d9089c9800, 0x000001d9089ca800,
0x000001d9089c6800, 0x000001d9089ce800, 0x000001d9089cd000, 0x000001d9089cf800,
0x000001d9089d1000, 0x000001d9089cc000, 0x000001d9089cb800, 0x000001d9089d0000,
0x000001d9089cd800, 0x000001d90978c800, 0x000001d909787800, 0x000001d909789000,
0x000001d909788800, 0x000001d90978a000, 0x000001d90978a800, 0x000001d90978b800,
0x000001d90978e000, 0x000001d90978d000, 0x000001d9041fd800, 0x000001d9041f9000,
0x000001d9041fc000, 0x000001d9041f9800, 0x000001d9041f8000, 0x000001d9041fe800,
0x000001d9041fa800, 0x000001d9041fb800, 0x000001d9041fd000, 0x000001d908d36000,
0x000001d908d38800, 0x000001d908d34000, 0x000001d908d36800, 0x000001d908d37800,
0x000001d908d39000, 0x000001d908d3a000, 0x000001d908d35000, 0x000001d908d40800,
0x000001d908d3e000, 0x000001d908d3c800, 0x000001d908d3b800, 0x000001d908d3a800,
0x000001d908d43000, 0x000001d908d3f000, 0x000001d908d3f800, 0x000001d908d41800,
0x000001d908d42000, 0x000001d908d3d000, 0x000001d90944d800, 0x000001d90944e000,
0x000001d90944f000, 0x000001d909449800, 0x000001d90944b000, 0x000001d909450000,
0x000001d90944b800, 0x000001d90944c800, 0x000001d90944a000, 0x000001d908bc8800,
0x000001d908bc9800, 0x000001d908bc6000, 0x000001d908bcb000, 0x000001d908bc7000,
0x000001d908bc7800, 0x000001d908bc5800, 0x000001d908bcc000, 0x000001d908bca000,
0x000001d908bce800, 0x000001d908bd1800, 0x000001d908bd0800, 0x000001d908bcf000,
0x000001d908bd2800, 0x000001d908bcc800, 0x000001d908bd0000, 0x000001d908bd3000,
0x000001d908bcd800, 0x000001d908bd4000, 0x000001d906ab2800, 0x000001d906aaf800,
0x000001d906aad000, 0x000001d906ab0000, 0x000001d906ab2000, 0x000001d906aae800,
0x000001d906ab1000, 0x000001d906ab3800, 0x000001d906aad800, 0x000001d906ab7800,
0x000001d906ab9000, 0x000001d906aba000, 0x000001d906ab4800, 0x000001d906abb000,
0x000001d906abb800, 0x000001d906ab6000, 0x000001d906ab8800, 0x000001d906ab6800,
0x000001d90c5d8000, 0x000001d90c5d3000, 0x000001d90c5d2800, 0x000001d90c5d9800,
0x000001d90c5d4000, 0x000001d90c5da800, 0x000001d90c5d4800, 0x000001d90c5db000,
0x000001d90c5d5800, 0x000001d90c5d9000, 0x000001d90c5dc000
}

Java Threads: ( => current thread )
  0x000001d9666dc000 JavaThread "main" [_thread_blocked, id=13332, stack(0x0000004996b00000,0x0000004996c00000)]
  0x000001d97f5c1800 JavaThread "Reference Handler" daemon [_thread_blocked, id=10972, stack(0x0000004997200000,0x0000004997300000)]
  0x000001d97f5c2000 JavaThread "Finalizer" daemon [_thread_blocked, id=7200, stack(0x0000004997300000,0x0000004997400000)]
  0x000001d97edaf800 JavaThread "Signal Dispatcher" daemon [_thread_blocked, id=8228, stack(0x0000004997400000,0x0000004997500000)]
  0x000001d97edb0800 JavaThread "Attach Listener" daemon [_thread_blocked, id=5300, stack(0x0000004997500000,0x0000004997600000)]
  0x000001d97edb4800 JavaThread "Service Thread" daemon [_thread_blocked, id=15228, stack(0x0000004997600000,0x0000004997700000)]
  0x000001d97edb9000 JavaThread "C2 CompilerThread0" daemon [_thread_blocked, id=18108, stack(0x0000004997700000,0x0000004997800000)]
  0x000001d97edba000 JavaThread "C1 CompilerThread0" daemon [_thread_blocked, id=15264, stack(0x0000004997800000,0x0000004997900000)]
  0x000001d97edbb000 JavaThread "Sweeper thread" daemon [_thread_blocked, id=7892, stack(0x0000004997900000,0x0000004997a00000)]
  0x000001d97f77c000 JavaThread "Common-Cleaner" daemon [_thread_blocked, id=15224, stack(0x0000004997a00000,0x0000004997b00000)]
  0x000001d905955800 JavaThread "Daemon health stats" [_thread_blocked, id=12276, stack(0x0000004998000000,0x0000004998100000)]
  0x000001d97f99a800 JavaThread "Incoming local TCP Connector on port 60483" [_thread_in_native, id=4276, stack(0x0000004997c00000,0x0000004997d00000)]
  0x000001d904571000 JavaThread "Daemon periodic checks" [_thread_blocked, id=5428, stack(0x0000004997d00000,0x0000004997e00000)]
  0x000001d905e9c800 JavaThread "Daemon" [_thread_blocked, id=4248, stack(0x0000004998100000,0x0000004998200000)]
  0x000001d904c40800 JavaThread "Handler for socket connection from /127.0.0.1:60483 to /127.0.0.1:60484" [_thread_in_native, id=2228, stack(0x0000004998200000,0x0000004998300000)]
  0x000001d9061b6800 JavaThread "Cancel handler" [_thread_blocked, id=13088, stack(0x0000004998300000,0x0000004998400000)]
  0x000001d9057fc800 JavaThread "Daemon worker" [_thread_blocked, id=8000, stack(0x0000004998400000,0x0000004998500000)]
  0x000001d905148800 JavaThread "Asynchronous log dispatcher for DefaultDaemonConnection: socket connection from /127.0.0.1:60483 to /127.0.0.1:60484" [_thread_blocked, id=12988, stack(0x0000004998500000,0x0000004998600000)]
  0x000001d905ebf000 JavaThread "Stdin handler" [_thread_blocked, id=1888, stack(0x0000004998600000,0x0000004998700000)]
  0x000001d906125800 JavaThread "Daemon client event forwarder" [_thread_blocked, id=16228, stack(0x0000004998700000,0x0000004998800000)]
  0x000001d906059000 JavaThread "C2 CompilerThread1" daemon [_thread_blocked, id=12824, stack(0x0000004998800000,0x0000004998900000)]
  0x000001d906382800 JavaThread "Cache worker for journal cache (C:\Users\nguye\.gradle\caches\journal-1)" [_thread_blocked, id=11384, stack(0x0000004998e00000,0x0000004998f00000)]
  0x000001d906384000 JavaThread "File lock request listener" [_thread_in_native, id=1892, stack(0x0000004998f00000,0x0000004999000000)]
  0x000001d906383800 JavaThread "Cache worker for file hash cache (C:\Users\nguye\.gradle\caches\7.4\fileHashes)" [_thread_blocked, id=17156, stack(0x0000004999000000,0x0000004999100000)]
  0x000001d906385000 JavaThread "File watcher server" daemon [_thread_blocked, id=17380, stack(0x0000004999200000,0x0000004999300000)]
  0x000001d906381000 JavaThread "File watcher consumer" daemon [_thread_blocked, id=4392, stack(0x0000004999300000,0x0000004999400000)]
  0x000001d90637f800 JavaThread "Cache worker for checksums cache (D:\Appication\prm392_mgmt\.gradle\7.4\checksums)" [_thread_blocked, id=14372, stack(0x0000004999400000,0x0000004999500000)]
  0x000001d906386000 JavaThread "Cache worker for cache directory md-rule (C:\Users\nguye\.gradle\caches\7.4\md-rule)" [_thread_blocked, id=10260, stack(0x0000004999500000,0x0000004999600000)]
  0x000001d906380000 JavaThread "Cache worker for file hash cache (D:\Appication\prm392_mgmt\.gradle\7.4\fileHashes)" [_thread_blocked, id=17600, stack(0x0000004999600000,0x0000004999700000)]
  0x000001d906381800 JavaThread "Cache worker for cache directory md-supplier (C:\Users\nguye\.gradle\caches\7.4\md-supplier)" [_thread_blocked, id=9036, stack(0x0000004999700000,0x0000004999800000)]
  0x000001d9089c2800 JavaThread "Cache worker for execution history cache (C:\Users\nguye\.gradle\caches\7.4\executionHistory)" [_thread_blocked, id=11504, stack(0x0000004999800000,0x0000004999900000)]
  0x000001d90747c800 JavaThread "C2 CompilerThread2" daemon [_thread_blocked, id=9864, stack(0x0000004999900000,0x0000004999a00000)]
  0x000001d9089c9000 JavaThread "jar transforms" [_thread_blocked, id=6656, stack(0x0000004999a00000,0x0000004999b00000)]
  0x000001d9089c4800 JavaThread "Cache worker for file content cache (C:\Users\nguye\.gradle\caches\7.4\fileContent)" [_thread_blocked, id=3064, stack(0x0000004999b00000,0x0000004999c00000)]
  0x000001d9089c5800 JavaThread "jar transforms Thread 2" [_thread_blocked, id=16548, stack(0x0000004999c00000,0x0000004999d00000)]
  0x000001d9089c4000 JavaThread "Cache worker for dependencies-accessors (D:\Appication\prm392_mgmt\.gradle\7.4\dependencies-accessors)" [_thread_blocked, id=15864, stack(0x0000004999d00000,0x0000004999e00000)]
  0x000001d9089c8000 JavaThread "jar transforms Thread 3" [_thread_blocked, id=7676, stack(0x0000004999e00000,0x0000004999f00000)]
  0x000001d9089c3000 JavaThread "Cache worker for Build Output Cleanup Cache (D:\Appication\prm392_mgmt\.gradle\buildOutputCleanup)" [_thread_blocked, id=15148, stack(0x0000004999f00000,0x000000499a000000)]
  0x000001d9089c9800 JavaThread "Unconstrained build operations" [_thread_blocked, id=6264, stack(0x000000499a000000,0x000000499a100000)]
  0x000001d9089ca800 JavaThread "Unconstrained build operations Thread 2" [_thread_blocked, id=6524, stack(0x000000499a100000,0x000000499a200000)]
  0x000001d9089c6800 JavaThread "Unconstrained build operations Thread 3" [_thread_blocked, id=19448, stack(0x000000499a200000,0x000000499a300000)]
  0x000001d9089ce800 JavaThread "Unconstrained build operations Thread 4" [_thread_blocked, id=8628, stack(0x000000499a300000,0x000000499a400000)]
  0x000001d9089cd000 JavaThread "Unconstrained build operations Thread 5" [_thread_blocked, id=2236, stack(0x000000499a400000,0x000000499a500000)]
  0x000001d9089cf800 JavaThread "Unconstrained build operations Thread 6" [_thread_blocked, id=10204, stack(0x000000499a500000,0x000000499a600000)]
  0x000001d9089d1000 JavaThread "Unconstrained build operations Thread 7" [_thread_blocked, id=18020, stack(0x000000499a600000,0x000000499a700000)]
  0x000001d9089cc000 JavaThread "Unconstrained build operations Thread 8" [_thread_blocked, id=3468, stack(0x000000499a700000,0x000000499a800000)]
  0x000001d9089cb800 JavaThread "Unconstrained build operations Thread 9" [_thread_blocked, id=1612, stack(0x000000499a800000,0x000000499a900000)]
  0x000001d9089d0000 JavaThread "Unconstrained build operations Thread 10" [_thread_blocked, id=9548, stack(0x000000499a900000,0x000000499aa00000)]
  0x000001d9089cd800 JavaThread "Unconstrained build operations Thread 11" [_thread_blocked, id=9092, stack(0x000000499aa00000,0x000000499ab00000)]
  0x000001d90978c800 JavaThread "Unconstrained build operations Thread 12" [_thread_blocked, id=18540, stack(0x000000499ab00000,0x000000499ac00000)]
  0x000001d909787800 JavaThread "Unconstrained build operations Thread 13" [_thread_blocked, id=3408, stack(0x000000499ac00000,0x000000499ad00000)]
  0x000001d909789000 JavaThread "Unconstrained build operations Thread 14" [_thread_blocked, id=408, stack(0x000000499ad00000,0x000000499ae00000)]
  0x000001d909788800 JavaThread "Unconstrained build operations Thread 15" [_thread_blocked, id=13512, stack(0x000000499ae00000,0x000000499af00000)]
  0x000001d90978a000 JavaThread "Unconstrained build operations Thread 16" [_thread_blocked, id=7172, stack(0x000000499af00000,0x000000499b000000)]
  0x000001d90978a800 JavaThread "Unconstrained build operations Thread 17" [_thread_blocked, id=684, stack(0x000000499b000000,0x000000499b100000)]
  0x000001d90978b800 JavaThread "Unconstrained build operations Thread 18" [_thread_blocked, id=17852, stack(0x000000499b100000,0x000000499b200000)]
  0x000001d90978e000 JavaThread "Unconstrained build operations Thread 19" [_thread_blocked, id=12668, stack(0x000000499b200000,0x000000499b300000)]
  0x000001d90978d000 JavaThread "Unconstrained build operations Thread 20" [_thread_blocked, id=1212, stack(0x000000499b300000,0x000000499b400000)]
  0x000001d9041fd800 JavaThread "Unconstrained build operations Thread 21" [_thread_blocked, id=16556, stack(0x000000499b400000,0x000000499b500000)]
  0x000001d9041f9000 JavaThread "Unconstrained build operations Thread 22" [_thread_blocked, id=10400, stack(0x000000499b500000,0x000000499b600000)]
  0x000001d9041fc000 JavaThread "Unconstrained build operations Thread 23" [_thread_blocked, id=13060, stack(0x000000499b600000,0x000000499b700000)]
  0x000001d9041f9800 JavaThread "Unconstrained build operations Thread 24" [_thread_blocked, id=3992, stack(0x000000499b700000,0x000000499b800000)]
  0x000001d9041f8000 JavaThread "Unconstrained build operations Thread 25" [_thread_blocked, id=6128, stack(0x000000499b800000,0x000000499b900000)]
  0x000001d9041fe800 JavaThread "Unconstrained build operations Thread 26" [_thread_blocked, id=13672, stack(0x000000499b900000,0x000000499ba00000)]
  0x000001d9041fa800 JavaThread "Unconstrained build operations Thread 27" [_thread_blocked, id=2484, stack(0x000000499ba00000,0x000000499bb00000)]
  0x000001d9041fb800 JavaThread "Unconstrained build operations Thread 28" [_thread_blocked, id=2624, stack(0x000000499bb00000,0x000000499bc00000)]
  0x000001d9041fd000 JavaThread "Unconstrained build operations Thread 29" [_thread_blocked, id=16564, stack(0x000000499bc00000,0x000000499bd00000)]
  0x000001d908d36000 JavaThread "Unconstrained build operations Thread 30" [_thread_blocked, id=4468, stack(0x000000499bd00000,0x000000499be00000)]
  0x000001d908d38800 JavaThread "Unconstrained build operations Thread 31" [_thread_blocked, id=1640, stack(0x000000499be00000,0x000000499bf00000)]
  0x000001d908d34000 JavaThread "Unconstrained build operations Thread 32" [_thread_blocked, id=1696, stack(0x000000499bf00000,0x000000499c000000)]
  0x000001d908d36800 JavaThread "Unconstrained build operations Thread 33" [_thread_blocked, id=16012, stack(0x000000499c000000,0x000000499c100000)]
  0x000001d908d37800 JavaThread "Unconstrained build operations Thread 34" [_thread_blocked, id=8136, stack(0x000000499c100000,0x000000499c200000)]
  0x000001d908d39000 JavaThread "Unconstrained build operations Thread 35" [_thread_blocked, id=7620, stack(0x000000499c200000,0x000000499c300000)]
  0x000001d908d3a000 JavaThread "Unconstrained build operations Thread 36" [_thread_blocked, id=12644, stack(0x000000499c300000,0x000000499c400000)]
  0x000001d908d35000 JavaThread "Unconstrained build operations Thread 37" [_thread_blocked, id=18840, stack(0x000000499c400000,0x000000499c500000)]
  0x000001d908d40800 JavaThread "Unconstrained build operations Thread 38" [_thread_blocked, id=10320, stack(0x000000499c500000,0x000000499c600000)]
  0x000001d908d3e000 JavaThread "Unconstrained build operations Thread 39" [_thread_blocked, id=5144, stack(0x000000499c600000,0x000000499c700000)]
  0x000001d908d3c800 JavaThread "Unconstrained build operations Thread 40" [_thread_blocked, id=16976, stack(0x000000499c700000,0x000000499c800000)]
  0x000001d908d3b800 JavaThread "Unconstrained build operations Thread 41" [_thread_blocked, id=3344, stack(0x000000499c800000,0x000000499c900000)]
  0x000001d908d3a800 JavaThread "Unconstrained build operations Thread 42" [_thread_blocked, id=16512, stack(0x000000499c900000,0x000000499ca00000)]
  0x000001d908d43000 JavaThread "Unconstrained build operations Thread 43" [_thread_blocked, id=16888, stack(0x000000499ca00000,0x000000499cb00000)]
  0x000001d908d3f000 JavaThread "Unconstrained build operations Thread 44" [_thread_blocked, id=6540, stack(0x000000499cb00000,0x000000499cc00000)]
  0x000001d908d3f800 JavaThread "Unconstrained build operations Thread 45" [_thread_blocked, id=6696, stack(0x000000499cc00000,0x000000499cd00000)]
  0x000001d908d41800 JavaThread "Unconstrained build operations Thread 46" [_thread_blocked, id=15476, stack(0x000000499cd00000,0x000000499ce00000)]
  0x000001d908d42000 JavaThread "Unconstrained build operations Thread 47" [_thread_blocked, id=6040, stack(0x000000499ce00000,0x000000499cf00000)]
  0x000001d908d3d000 JavaThread "Unconstrained build operations Thread 48" [_thread_blocked, id=10436, stack(0x000000499cf00000,0x000000499d000000)]
  0x000001d90944d800 JavaThread "Unconstrained build operations Thread 49" [_thread_blocked, id=12256, stack(0x000000499d000000,0x000000499d100000)]
  0x000001d90944e000 JavaThread "Unconstrained build operations Thread 50" [_thread_blocked, id=11796, stack(0x000000499d100000,0x000000499d200000)]
  0x000001d90944f000 JavaThread "Unconstrained build operations Thread 51" [_thread_blocked, id=3508, stack(0x000000499d200000,0x000000499d300000)]
  0x000001d909449800 JavaThread "Unconstrained build operations Thread 52" [_thread_blocked, id=19152, stack(0x000000499d300000,0x000000499d400000)]
  0x000001d90944b000 JavaThread "Unconstrained build operations Thread 53" [_thread_blocked, id=13820, stack(0x000000499d400000,0x000000499d500000)]
  0x000001d909450000 JavaThread "Unconstrained build operations Thread 54" [_thread_blocked, id=17224, stack(0x000000499d500000,0x000000499d600000)]
  0x000001d90944b800 JavaThread "Unconstrained build operations Thread 55" [_thread_blocked, id=4788, stack(0x000000499d600000,0x000000499d700000)]
  0x000001d90944c800 JavaThread "Unconstrained build operations Thread 56" [_thread_blocked, id=17568, stack(0x000000499d700000,0x000000499d800000)]
  0x000001d90944a000 JavaThread "Unconstrained build operations Thread 57" [_thread_blocked, id=5196, stack(0x000000499d800000,0x000000499d900000)]
  0x000001d908bc8800 JavaThread "Unconstrained build operations Thread 58" [_thread_blocked, id=10560, stack(0x000000499d900000,0x000000499da00000)]
  0x000001d908bc9800 JavaThread "Unconstrained build operations Thread 59" [_thread_blocked, id=3732, stack(0x000000499da00000,0x000000499db00000)]
  0x000001d908bc6000 JavaThread "Unconstrained build operations Thread 60" [_thread_blocked, id=7124, stack(0x000000499db00000,0x000000499dc00000)]
  0x000001d908bcb000 JavaThread "Unconstrained build operations Thread 61" [_thread_blocked, id=10836, stack(0x000000499dc00000,0x000000499dd00000)]
  0x000001d908bc7000 JavaThread "Unconstrained build operations Thread 62" [_thread_blocked, id=10300, stack(0x000000499dd00000,0x000000499de00000)]
  0x000001d908bc7800 JavaThread "Unconstrained build operations Thread 63" [_thread_blocked, id=17016, stack(0x000000499de00000,0x000000499df00000)]
  0x000001d908bc5800 JavaThread "Unconstrained build operations Thread 64" [_thread_blocked, id=18344, stack(0x000000499df00000,0x000000499e000000)]
  0x000001d908bcc000 JavaThread "Unconstrained build operations Thread 65" [_thread_blocked, id=13600, stack(0x000000499e000000,0x000000499e100000)]
  0x000001d908bca000 JavaThread "Unconstrained build operations Thread 66" [_thread_blocked, id=12436, stack(0x000000499e100000,0x000000499e200000)]
  0x000001d908bce800 JavaThread "Unconstrained build operations Thread 67" [_thread_blocked, id=5640, stack(0x000000499e200000,0x000000499e300000)]
  0x000001d908bd1800 JavaThread "Unconstrained build operations Thread 68" [_thread_blocked, id=10100, stack(0x000000499e300000,0x000000499e400000)]
  0x000001d908bd0800 JavaThread "Unconstrained build operations Thread 69" [_thread_blocked, id=9008, stack(0x000000499e400000,0x000000499e500000)]
  0x000001d908bcf000 JavaThread "Unconstrained build operations Thread 70" [_thread_blocked, id=13372, stack(0x000000499e500000,0x000000499e600000)]
  0x000001d908bd2800 JavaThread "Unconstrained build operations Thread 71" [_thread_blocked, id=7476, stack(0x000000499e600000,0x000000499e700000)]
  0x000001d908bcc800 JavaThread "Unconstrained build operations Thread 72" [_thread_blocked, id=10148, stack(0x000000499e700000,0x000000499e800000)]
  0x000001d908bd0000 JavaThread "Unconstrained build operations Thread 73" [_thread_blocked, id=8568, stack(0x000000499e800000,0x000000499e900000)]
  0x000001d908bd3000 JavaThread "Unconstrained build operations Thread 74" [_thread_blocked, id=10284, stack(0x000000499e900000,0x000000499ea00000)]
  0x000001d908bcd800 JavaThread "Unconstrained build operations Thread 75" [_thread_blocked, id=2968, stack(0x000000499ea00000,0x000000499eb00000)]
  0x000001d908bd4000 JavaThread "Unconstrained build operations Thread 76" [_thread_blocked, id=7908, stack(0x000000499eb00000,0x000000499ec00000)]
  0x000001d906ab2800 JavaThread "Unconstrained build operations Thread 77" [_thread_blocked, id=3224, stack(0x000000499ec00000,0x000000499ed00000)]
  0x000001d906aaf800 JavaThread "Unconstrained build operations Thread 78" [_thread_blocked, id=3352, stack(0x000000499ed00000,0x000000499ee00000)]
  0x000001d906aad000 JavaThread "Unconstrained build operations Thread 79" [_thread_blocked, id=1688, stack(0x000000499ee00000,0x000000499ef00000)]
  0x000001d906ab0000 JavaThread "Unconstrained build operations Thread 80" [_thread_blocked, id=7876, stack(0x000000499ef00000,0x000000499f000000)]
  0x000001d906ab2000 JavaThread "jar transforms Thread 4" [_thread_blocked, id=12508, stack(0x000000499f000000,0x000000499f100000)]
  0x000001d906aae800 JavaThread "jar transforms Thread 5" [_thread_blocked, id=16008, stack(0x000000499f100000,0x000000499f200000)]
  0x000001d906ab1000 JavaThread "jar transforms Thread 6" [_thread_blocked, id=10160, stack(0x000000499f200000,0x000000499f300000)]
  0x000001d906ab3800 JavaThread "jar transforms Thread 7" [_thread_blocked, id=13464, stack(0x000000499f300000,0x000000499f400000)]
  0x000001d906aad800 JavaThread "jar transforms Thread 8" [_thread_blocked, id=10328, stack(0x000000499f400000,0x000000499f500000)]
  0x000001d906ab7800 JavaThread "Memory manager" [_thread_blocked, id=13876, stack(0x000000499f500000,0x000000499f600000)]
  0x000001d906ab9000 JavaThread "build event listener" [_thread_blocked, id=13204, stack(0x000000499f600000,0x000000499f700000)]
  0x000001d906aba000 JavaThread "included builds" [_thread_blocked, id=6196, stack(0x000000499f700000,0x000000499f800000)]
  0x000001d906ab4800 JavaThread "Execution worker for ':'" [_thread_blocked, id=12832, stack(0x000000499f800000,0x000000499f900000)]
  0x000001d906abb000 JavaThread "Execution worker for ':' Thread 2" [_thread_blocked, id=2180, stack(0x000000499f900000,0x000000499fa00000)]
  0x000001d906abb800 JavaThread "Execution worker for ':' Thread 3" [_thread_blocked, id=6668, stack(0x000000499fa00000,0x000000499fb00000)]
  0x000001d906ab6000 JavaThread "Execution worker for ':' Thread 4" [_thread_blocked, id=10700, stack(0x000000499fb00000,0x000000499fc00000)]
  0x000001d906ab8800 JavaThread "Execution worker for ':' Thread 5" [_thread_blocked, id=17432, stack(0x000000499fc00000,0x000000499fd00000)]
  0x000001d906ab6800 JavaThread "Execution worker for ':' Thread 6" [_thread_blocked, id=2232, stack(0x000000499fd00000,0x000000499fe00000)]
  0x000001d90c5d8000 JavaThread "Execution worker for ':' Thread 7" [_thread_blocked, id=15976, stack(0x000000499fe00000,0x000000499ff00000)]
  0x000001d90c5d3000 JavaThread "Cache worker for execution history cache (D:\Appication\prm392_mgmt\.gradle\7.4\executionHistory)" [_thread_blocked, id=14948, stack(0x000000499ff00000,0x00000049a0000000)]
  0x000001d90c5d2800 JavaThread "Cache worker for Java compile cache (C:\Users\nguye\.gradle\caches\7.4\javaCompile)" [_thread_blocked, id=2860, stack(0x00000049a0000000,0x00000049a0100000)]
  0x000001d90c5d9800 JavaThread "Build operations" [_thread_blocked, id=18064, stack(0x00000049a0100000,0x00000049a0200000)]
  0x000001d90c5d4000 JavaThread "Build operations Thread 2" [_thread_blocked, id=5692, stack(0x00000049a0200000,0x00000049a0300000)]
  0x000001d90c5da800 JavaThread "Build operations Thread 3" [_thread_blocked, id=17704, stack(0x00000049a0300000,0x00000049a0400000)]
  0x000001d90c5d4800 JavaThread "Build operations Thread 4" [_thread_blocked, id=7492, stack(0x00000049a0400000,0x00000049a0500000)]
  0x000001d90c5db000 JavaThread "Build operations Thread 5" [_thread_blocked, id=3676, stack(0x00000049a0500000,0x00000049a0600000)]
  0x000001d90c5d5800 JavaThread "Build operations Thread 6" [_thread_blocked, id=13220, stack(0x00000049a0600000,0x00000049a0700000)]
  0x000001d90c5d9000 JavaThread "Build operations Thread 7" [_thread_blocked, id=18160, stack(0x00000049a0700000,0x00000049a0800000)]
  0x000001d90c5dc000 JavaThread "Build operations Thread 8" [_thread_blocked, id=18176, stack(0x00000049a0800000,0x00000049a0900000)]

Other Threads:
=>0x000001d97eda2800 VMThread "VM Thread" [stack: 0x0000004997100000,0x0000004997200000] [id=584]
  0x000001d97f78f000 WatcherThread [stack: 0x0000004997b00000,0x0000004997c00000] [id=1440]
  0x000001d9688f3000 GCTaskThread "GC Thread#0" [stack: 0x0000004996c00000,0x0000004996d00000] [id=18128]
  0x000001d904c09800 GCTaskThread "GC Thread#1" [stack: 0x0000004997e00000,0x0000004997f00000] [id=1792]
  0x000001d904987000 GCTaskThread "GC Thread#2" [stack: 0x0000004997f00000,0x0000004998000000] [id=12036]
  0x000001d9065c2800 GCTaskThread "GC Thread#3" [stack: 0x0000004998900000,0x0000004998a00000] [id=1760]
  0x000001d904f28800 GCTaskThread "GC Thread#4" [stack: 0x0000004998a00000,0x0000004998b00000] [id=9512]
  0x000001d904f29800 GCTaskThread "GC Thread#5" [stack: 0x0000004998b00000,0x0000004998c00000] [id=7412]
  0x000001d90621d000 GCTaskThread "GC Thread#6" [stack: 0x0000004998c00000,0x0000004998d00000] [id=10944]
  0x000001d90621e000 GCTaskThread "GC Thread#7" [stack: 0x0000004998d00000,0x0000004998e00000] [id=17936]
  0x000001d96895c000 ConcurrentGCThread "G1 Main Marker" [stack: 0x0000004996d00000,0x0000004996e00000] [id=12944]
  0x000001d96895d000 ConcurrentGCThread "G1 Conc#0" [stack: 0x0000004996e00000,0x0000004996f00000] [id=12972]
  0x000001d9041c4800 ConcurrentGCThread "G1 Conc#1" [stack: 0x0000004999100000,0x0000004999200000] [id=8492]
  0x000001d9689ae000 ConcurrentGCThread "G1 Refine#0" [stack: 0x0000004996f00000,0x0000004997000000] [id=17868]
  0x000001d97ebf5800 ConcurrentGCThread "G1 Young RemSet Sampling" [stack: 0x0000004997000000,0x0000004997100000] [id=9496]

Threads with active compile tasks:
C2 CompilerThread0  13660 9805       4       java.util.zip.ZipFile$Source::initCEN (697 bytes)

VM state:at safepoint (normal execution)

VM Mutex/Monitor currently owned by a thread:  ([mutex/lock_event])
[0x000001d9688d91a0] Threads_lock - owner thread: 0x000001d97eda2800
[0x000001d9688d9b30] Heap_lock - owner thread: 0x000001d906abb000

Heap address: 0x0000000080000000, size: 2048 MB, Compressed Oops mode: 32-bit
Narrow klass base: 0x0000000000000000, Narrow klass shift: 3
Compressed class space size: 1073741824 Address: 0x0000000100000000

Heap:
 garbage-first heap   total 187392K, used 76317K [0x0000000080000000, 0x0000000100000000)
  region size 1024K, 5 young (5120K), 5 survivors (5120K)
 Metaspace       used 86508K, capacity 88888K, committed 89000K, reserved 1126400K
  class space    used 11276K, capacity 12165K, committed 12248K, reserved 1048576K
Heap Regions: E=young(eden), S=young(survivor), O=old, HS=humongous(starts), HC=humongous(continues), CS=collection set, F=free, A=archive, TAMS=top-at-mark-start (previous, next)
|   0|0x0000000080000000, 0x0000000080100000, 0x0000000080100000|100%| O|  |TAMS 0x0000000080100000, 0x0000000080000000| Untracked 
|   1|0x0000000080100000, 0x0000000080200000, 0x0000000080200000|100%| O|  |TAMS 0x0000000080200000, 0x0000000080100000| Untracked 
|   2|0x0000000080200000, 0x0000000080300000, 0x0000000080300000|100%| O|  |TAMS 0x0000000080300000, 0x0000000080200000| Untracked 
|   3|0x0000000080300000, 0x0000000080400000, 0x0000000080400000|100%|HS|  |TAMS 0x0000000080400000, 0x0000000080300000| Complete 
|   4|0x0000000080400000, 0x0000000080500000, 0x0000000080500000|100%|HC|  |TAMS 0x0000000080500000, 0x0000000080400000| Complete 
|   5|0x0000000080500000, 0x0000000080600000, 0x0000000080600000|100%|HC|  |TAMS 0x0000000080600000, 0x0000000080500000| Complete 
|   6|0x0000000080600000, 0x0000000080700000, 0x0000000080700000|100%| O|  |TAMS 0x0000000080700000, 0x0000000080600000| Untracked 
|   7|0x0000000080700000, 0x0000000080800000, 0x0000000080800000|100%| O|  |TAMS 0x0000000080800000, 0x0000000080700000| Untracked 
|   8|0x0000000080800000, 0x0000000080900000, 0x0000000080900000|100%| O|  |TAMS 0x0000000080900000, 0x0000000080800000| Untracked 
|   9|0x0000000080900000, 0x0000000080a00000, 0x0000000080a00000|100%| O|  |TAMS 0x0000000080a00000, 0x0000000080900000| Untracked 
|  10|0x0000000080a00000, 0x0000000080b00000, 0x0000000080b00000|100%| O|  |TAMS 0x0000000080b00000, 0x0000000080a00000| Untracked 
|  11|0x0000000080b00000, 0x0000000080c00000, 0x0000000080c00000|100%| O|  |TAMS 0x0000000080c00000, 0x0000000080b00000| Untracked 
|  12|0x0000000080c00000, 0x0000000080d00000, 0x0000000080d00000|100%| O|  |TAMS 0x0000000080d00000, 0x0000000080c00000| Untracked 
|  13|0x0000000080d00000, 0x0000000080e00000, 0x0000000080e00000|100%| O|  |TAMS 0x0000000080e00000, 0x0000000080d00000| Untracked 
|  14|0x0000000080e00000, 0x0000000080f00000, 0x0000000080f00000|100%| O|  |TAMS 0x0000000080f00000, 0x0000000080e00000| Untracked 
|  15|0x0000000080f00000, 0x0000000081000000, 0x0000000081000000|100%| O|  |TAMS 0x0000000081000000, 0x0000000080f00000| Untracked 
|  16|0x0000000081000000, 0x0000000081100000, 0x0000000081100000|100%|HS|  |TAMS 0x0000000081100000, 0x0000000081000000| Complete 
|  17|0x0000000081100000, 0x0000000081200000, 0x0000000081200000|100%| O|  |TAMS 0x0000000081200000, 0x0000000081100000| Untracked 
|  18|0x0000000081200000, 0x0000000081300000, 0x0000000081300000|100%| O|  |TAMS 0x0000000081300000, 0x0000000081200000| Untracked 
|  19|0x0000000081300000, 0x0000000081400000, 0x0000000081400000|100%| O|  |TAMS 0x0000000081400000, 0x0000000081300000| Untracked 
|  20|0x0000000081400000, 0x0000000081500000, 0x0000000081500000|100%| O|  |TAMS 0x0000000081500000, 0x0000000081400000| Untracked 
|  21|0x0000000081500000, 0x0000000081600000, 0x0000000081600000|100%| O|  |TAMS 0x0000000081600000, 0x0000000081500000| Untracked 
|  22|0x0000000081600000, 0x0000000081700000, 0x0000000081700000|100%| O|  |TAMS 0x0000000081700000, 0x0000000081600000| Untracked 
|  23|0x0000000081700000, 0x0000000081800000, 0x0000000081800000|100%|HS|  |TAMS 0x0000000081800000, 0x0000000081700000| Complete 
|  24|0x0000000081800000, 0x0000000081900000, 0x0000000081900000|100%| O|  |TAMS 0x0000000081900000, 0x0000000081800000| Untracked 
|  25|0x0000000081900000, 0x0000000081a00000, 0x0000000081a00000|100%|HS|  |TAMS 0x0000000081a00000, 0x0000000081900000| Complete 
|  26|0x0000000081a00000, 0x0000000081b00000, 0x0000000081b00000|100%|HC|  |TAMS 0x0000000081b00000, 0x0000000081a00000| Complete 
|  27|0x0000000081b00000, 0x0000000081c00000, 0x0000000081c00000|100%| O|  |TAMS 0x0000000081c00000, 0x0000000081b00000| Untracked 
|  28|0x0000000081c00000, 0x0000000081d00000, 0x0000000081d00000|100%| O|  |TAMS 0x0000000081d00000, 0x0000000081c00000| Untracked 
|  29|0x0000000081d00000, 0x0000000081e00000, 0x0000000081e00000|100%| O|  |TAMS 0x0000000081e00000, 0x0000000081d00000| Untracked 
|  30|0x0000000081e00000, 0x0000000081f00000, 0x0000000081f00000|100%| O|  |TAMS 0x0000000081f00000, 0x0000000081e00000| Untracked 
|  31|0x0000000081f00000, 0x0000000082000000, 0x0000000082000000|100%| O|  |TAMS 0x0000000082000000, 0x0000000081f00000| Untracked 
|  32|0x0000000082000000, 0x0000000082100000, 0x0000000082100000|100%| O|  |TAMS 0x0000000082100000, 0x0000000082000000| Untracked 
|  33|0x0000000082100000, 0x0000000082200000, 0x0000000082200000|100%| O|  |TAMS 0x0000000082200000, 0x0000000082100000| Untracked 
|  34|0x0000000082200000, 0x0000000082300000, 0x0000000082300000|100%| O|  |TAMS 0x0000000082300000, 0x0000000082200000| Untracked 
|  35|0x0000000082300000, 0x0000000082400000, 0x0000000082400000|100%| O|  |TAMS 0x0000000082400000, 0x0000000082300000| Untracked 
|  36|0x0000000082400000, 0x0000000082500000, 0x0000000082500000|100%| O|  |TAMS 0x0000000082500000, 0x0000000082400000| Untracked 
|  37|0x0000000082500000, 0x0000000082600000, 0x0000000082600000|100%| O|  |TAMS 0x0000000082600000, 0x0000000082500000| Untracked 
|  38|0x0000000082600000, 0x0000000082700000, 0x0000000082700000|100%| O|  |TAMS 0x0000000082700000, 0x0000000082600000| Untracked 
|  39|0x0000000082700000, 0x0000000082800000, 0x0000000082800000|100%| O|  |TAMS 0x0000000082800000, 0x0000000082700000| Untracked 
|  40|0x0000000082800000, 0x0000000082900000, 0x0000000082900000|100%| O|  |TAMS 0x0000000082900000, 0x0000000082800000| Untracked 
|  41|0x0000000082900000, 0x0000000082a00000, 0x0000000082a00000|100%| O|  |TAMS 0x0000000082a00000, 0x0000000082900000| Untracked 
|  42|0x0000000082a00000, 0x0000000082b00000, 0x0000000082b00000|100%| O|  |TAMS 0x0000000082aa3c00, 0x0000000082a00000| Untracked 
|  43|0x0000000082b00000, 0x0000000082c00000, 0x0000000082c00000|100%| O|  |TAMS 0x0000000082b00000, 0x0000000082b00000| Untracked 
|  44|0x0000000082c00000, 0x0000000082d00000, 0x0000000082d00000|100%| O|  |TAMS 0x0000000082c00000, 0x0000000082c00000| Untracked 
|  45|0x0000000082d00000, 0x0000000082e00000, 0x0000000082e00000|100%| O|  |TAMS 0x0000000082d00000, 0x0000000082d00000| Untracked 
|  46|0x0000000082e00000, 0x0000000082f00000, 0x0000000082f00000|100%| O|  |TAMS 0x0000000082e00000, 0x0000000082e00000| Untracked 
|  47|0x0000000082f00000, 0x0000000083000000, 0x0000000083000000|100%| O|  |TAMS 0x0000000082f00000, 0x0000000082f00000| Untracked 
|  48|0x0000000083000000, 0x0000000083100000, 0x0000000083100000|100%| O|  |TAMS 0x0000000083000000, 0x0000000083000000| Untracked 
|  49|0x0000000083100000, 0x0000000083200000, 0x0000000083200000|100%| O|  |TAMS 0x0000000083100000, 0x0000000083100000| Untracked 
|  50|0x0000000083200000, 0x0000000083300000, 0x0000000083300000|100%| O|  |TAMS 0x0000000083200000, 0x0000000083200000| Untracked 
|  51|0x0000000083300000, 0x0000000083400000, 0x0000000083400000|100%| O|  |TAMS 0x0000000083300000, 0x0000000083300000| Untracked 
|  52|0x0000000083400000, 0x0000000083500000, 0x0000000083500000|100%| O|  |TAMS 0x0000000083400000, 0x0000000083400000| Untracked 
|  53|0x0000000083500000, 0x0000000083600000, 0x0000000083600000|100%| O|  |TAMS 0x0000000083500000, 0x0000000083500000| Untracked 
|  54|0x0000000083600000, 0x0000000083700000, 0x0000000083700000|100%| O|  |TAMS 0x0000000083600000, 0x0000000083600000| Untracked 
|  55|0x0000000083700000, 0x0000000083800000, 0x0000000083800000|100%| O|  |TAMS 0x0000000083700000, 0x0000000083700000| Untracked 
|  56|0x0000000083800000, 0x0000000083900000, 0x0000000083900000|100%| O|  |TAMS 0x0000000083800000, 0x0000000083800000| Untracked 
|  57|0x0000000083900000, 0x0000000083a00000, 0x0000000083a00000|100%| O|  |TAMS 0x0000000083900000, 0x0000000083900000| Untracked 
|  58|0x0000000083a00000, 0x0000000083b00000, 0x0000000083b00000|100%| O|  |TAMS 0x0000000083a00000, 0x0000000083a00000| Untracked 
|  59|0x0000000083b00000, 0x0000000083c00000, 0x0000000083c00000|100%| O|  |TAMS 0x0000000083b00000, 0x0000000083b00000| Untracked 
|  60|0x0000000083c00000, 0x0000000083d00000, 0x0000000083d00000|100%| O|  |TAMS 0x0000000083c00000, 0x0000000083c00000| Untracked 
|  61|0x0000000083d00000, 0x0000000083e00000, 0x0000000083e00000|100%| O|  |TAMS 0x0000000083d00000, 0x0000000083d00000| Untracked 
|  62|0x0000000083e00000, 0x0000000083f00000, 0x0000000083f00000|100%| O|  |TAMS 0x0000000083e00000, 0x0000000083e00000| Untracked 
|  63|0x0000000083f00000, 0x0000000084000000, 0x0000000084000000|100%| O|  |TAMS 0x0000000083f00000, 0x0000000083f00000| Untracked 
|  64|0x0000000084000000, 0x0000000084100000, 0x0000000084100000|100%| O|  |TAMS 0x0000000084000000, 0x0000000084000000| Untracked 
|  65|0x0000000084100000, 0x0000000084200000, 0x0000000084200000|100%| O|  |TAMS 0x0000000084100000, 0x0000000084100000| Untracked 
|  66|0x0000000084200000, 0x0000000084300000, 0x0000000084300000|100%| O|  |TAMS 0x0000000084200000, 0x0000000084200000| Untracked 
|  67|0x0000000084300000, 0x0000000084400000, 0x0000000084400000|100%| O|  |TAMS 0x0000000084300000, 0x0000000084300000| Untracked 
|  68|0x0000000084400000, 0x0000000084500000, 0x0000000084500000|100%| O|  |TAMS 0x0000000084400000, 0x0000000084400000| Untracked 
|  69|0x0000000084500000, 0x0000000084600000, 0x0000000084600000|100%| O|  |TAMS 0x0000000084500000, 0x0000000084500000| Untracked 
|  70|0x0000000084600000, 0x0000000084628600, 0x0000000084700000| 15%| O|  |TAMS 0x0000000084600000, 0x0000000084600000| Untracked 
|  71|0x0000000084700000, 0x0000000084700000, 0x0000000084800000|  0%| F|  |TAMS 0x0000000084700000, 0x0000000084700000| Untracked 
|  72|0x0000000084800000, 0x0000000084800000, 0x0000000084900000|  0%| F|  |TAMS 0x0000000084800000, 0x0000000084800000| Untracked 
|  73|0x0000000084900000, 0x0000000084900000, 0x0000000084a00000|  0%| F|  |TAMS 0x0000000084900000, 0x0000000084900000| Untracked 
|  74|0x0000000084a00000, 0x0000000084a00000, 0x0000000084b00000|  0%| F|  |TAMS 0x0000000084a00000, 0x0000000084a00000| Untracked 
|  75|0x0000000084b00000, 0x0000000084b00000, 0x0000000084c00000|  0%| F|  |TAMS 0x0000000084b00000, 0x0000000084b00000| Untracked 
|  76|0x0000000084c00000, 0x0000000084c00000, 0x0000000084d00000|  0%| F|  |TAMS 0x0000000084c00000, 0x0000000084c00000| Untracked 
|  77|0x0000000084d00000, 0x0000000084d00000, 0x0000000084e00000|  0%| F|  |TAMS 0x0000000084d00000, 0x0000000084d00000| Untracked 
|  78|0x0000000084e00000, 0x0000000084e00000, 0x0000000084f00000|  0%| F|  |TAMS 0x0000000084e00000, 0x0000000084e00000| Untracked 
|  79|0x0000000084f00000, 0x0000000084f00000, 0x0000000085000000|  0%| F|  |TAMS 0x0000000084f00000, 0x0000000084f00000| Untracked 
|  80|0x0000000085000000, 0x0000000085000000, 0x0000000085100000|  0%| F|  |TAMS 0x0000000085000000, 0x0000000085000000| Untracked 
|  81|0x0000000085100000, 0x0000000085100000, 0x0000000085200000|  0%| F|  |TAMS 0x0000000085100000, 0x0000000085100000| Untracked 
|  82|0x0000000085200000, 0x0000000085200000, 0x0000000085300000|  0%| F|  |TAMS 0x0000000085200000, 0x0000000085200000| Untracked 
|  83|0x0000000085300000, 0x0000000085300000, 0x0000000085400000|  0%| F|  |TAMS 0x0000000085300000, 0x0000000085300000| Untracked 
|  84|0x0000000085400000, 0x0000000085400000, 0x0000000085500000|  0%| F|  |TAMS 0x0000000085400000, 0x0000000085400000| Untracked 
|  85|0x0000000085500000, 0x0000000085500000, 0x0000000085600000|  0%| F|  |TAMS 0x0000000085500000, 0x0000000085500000| Untracked 
|  86|0x0000000085600000, 0x0000000085600000, 0x0000000085700000|  0%| F|  |TAMS 0x0000000085600000, 0x0000000085600000| Untracked 
|  87|0x0000000085700000, 0x0000000085700000, 0x0000000085800000|  0%| F|  |TAMS 0x0000000085700000, 0x0000000085700000| Untracked 
|  88|0x0000000085800000, 0x0000000085800000, 0x0000000085900000|  0%| F|  |TAMS 0x0000000085800000, 0x0000000085800000| Untracked 
|  89|0x0000000085900000, 0x0000000085900000, 0x0000000085a00000|  0%| F|  |TAMS 0x0000000085900000, 0x0000000085900000| Untracked 
|  90|0x0000000085a00000, 0x0000000085a00000, 0x0000000085b00000|  0%| F|  |TAMS 0x0000000085a00000, 0x0000000085a00000| Untracked 
|  91|0x0000000085b00000, 0x0000000085b00000, 0x0000000085c00000|  0%| F|  |TAMS 0x0000000085b00000, 0x0000000085b00000| Untracked 
|  92|0x0000000085c00000, 0x0000000085c5ee48, 0x0000000085d00000| 37%| S|CS|TAMS 0x0000000085c00000, 0x0000000085c00000| Complete 
|  93|0x0000000085d00000, 0x0000000085e00000, 0x0000000085e00000|100%| S|CS|TAMS 0x0000000085d00000, 0x0000000085d00000| Complete 
|  94|0x0000000085e00000, 0x0000000085f00000, 0x0000000085f00000|100%| S|CS|TAMS 0x0000000085e00000, 0x0000000085e00000| Complete 
|  95|0x0000000085f00000, 0x0000000085f00000, 0x0000000086000000|  0%| F|  |TAMS 0x0000000085f00000, 0x0000000085f00000| Untracked 
|  96|0x0000000086000000, 0x0000000086000000, 0x0000000086100000|  0%| F|  |TAMS 0x0000000086000000, 0x0000000086000000| Untracked 
|  97|0x0000000086100000, 0x0000000086200000, 0x0000000086200000|100%| S|CS|TAMS 0x0000000086100000, 0x0000000086100000| Complete 
|  98|0x0000000086200000, 0x0000000086300000, 0x0000000086300000|100%| S|CS|TAMS 0x0000000086200000, 0x0000000086200000| Complete 
|  99|0x0000000086300000, 0x0000000086300000, 0x0000000086400000|  0%| F|  |TAMS 0x0000000086300000, 0x0000000086300000| Untracked 
| 100|0x0000000086400000, 0x0000000086400000, 0x0000000086500000|  0%| F|  |TAMS 0x0000000086400000, 0x0000000086400000| Untracked 
| 101|0x0000000086500000, 0x0000000086500000, 0x0000000086600000|  0%| F|  |TAMS 0x0000000086500000, 0x0000000086500000| Untracked 
| 102|0x0000000086600000, 0x0000000086600000, 0x0000000086700000|  0%| F|  |TAMS 0x0000000086600000, 0x0000000086600000| Untracked 
| 103|0x0000000086700000, 0x0000000086700000, 0x0000000086800000|  0%| F|  |TAMS 0x0000000086700000, 0x0000000086700000| Untracked 
| 104|0x0000000086800000, 0x0000000086800000, 0x0000000086900000|  0%| F|  |TAMS 0x0000000086800000, 0x0000000086800000| Untracked 
| 105|0x0000000086900000, 0x0000000086900000, 0x0000000086a00000|  0%| F|  |TAMS 0x0000000086900000, 0x0000000086900000| Untracked 
| 106|0x0000000086a00000, 0x0000000086a00000, 0x0000000086b00000|  0%| F|  |TAMS 0x0000000086a00000, 0x0000000086a00000| Untracked 
| 107|0x0000000086b00000, 0x0000000086b00000, 0x0000000086c00000|  0%| F|  |TAMS 0x0000000086b00000, 0x0000000086b00000| Untracked 
| 108|0x0000000086c00000, 0x0000000086c00000, 0x0000000086d00000|  0%| F|  |TAMS 0x0000000086c00000, 0x0000000086c00000| Untracked 
| 109|0x0000000086d00000, 0x0000000086d00000, 0x0000000086e00000|  0%| F|  |TAMS 0x0000000086d00000, 0x0000000086d00000| Untracked 
| 110|0x0000000086e00000, 0x0000000086e00000, 0x0000000086f00000|  0%| F|  |TAMS 0x0000000086e00000, 0x0000000086e00000| Untracked 
| 111|0x0000000086f00000, 0x0000000086f00000, 0x0000000087000000|  0%| F|  |TAMS 0x0000000086f00000, 0x0000000086f00000| Untracked 
| 112|0x0000000087000000, 0x0000000087000000, 0x0000000087100000|  0%| F|  |TAMS 0x0000000087000000, 0x0000000087000000| Untracked 
| 113|0x0000000087100000, 0x0000000087100000, 0x0000000087200000|  0%| F|  |TAMS 0x0000000087100000, 0x0000000087100000| Untracked 
| 114|0x0000000087200000, 0x0000000087200000, 0x0000000087300000|  0%| F|  |TAMS 0x0000000087200000, 0x0000000087200000| Untracked 
| 115|0x0000000087300000, 0x0000000087300000, 0x0000000087400000|  0%| F|  |TAMS 0x0000000087300000, 0x0000000087300000| Untracked 
| 116|0x0000000087400000, 0x0000000087400000, 0x0000000087500000|  0%| F|  |TAMS 0x0000000087400000, 0x0000000087400000| Untracked 
| 117|0x0000000087500000, 0x0000000087500000, 0x0000000087600000|  0%| F|  |TAMS 0x0000000087500000, 0x0000000087500000| Untracked 
| 118|0x0000000087600000, 0x0000000087600000, 0x0000000087700000|  0%| F|  |TAMS 0x0000000087600000, 0x0000000087600000| Untracked 
| 119|0x0000000087700000, 0x0000000087700000, 0x0000000087800000|  0%| F|  |TAMS 0x0000000087700000, 0x0000000087700000| Untracked 
| 120|0x0000000087800000, 0x0000000087800000, 0x0000000087900000|  0%| F|  |TAMS 0x0000000087800000, 0x0000000087800000| Untracked 
| 121|0x0000000087900000, 0x0000000087900000, 0x0000000087a00000|  0%| F|  |TAMS 0x0000000087900000, 0x0000000087900000| Untracked 
| 122|0x0000000087a00000, 0x0000000087a00000, 0x0000000087b00000|  0%| F|  |TAMS 0x0000000087a00000, 0x0000000087a00000| Untracked 
| 123|0x0000000087b00000, 0x0000000087b00000, 0x0000000087c00000|  0%| F|  |TAMS 0x0000000087b00000, 0x0000000087b00000| Untracked 
| 124|0x0000000087c00000, 0x0000000087c00000, 0x0000000087d00000|  0%| F|  |TAMS 0x0000000087c00000, 0x0000000087c00000| Untracked 
| 125|0x0000000087d00000, 0x0000000087d00000, 0x0000000087e00000|  0%| F|  |TAMS 0x0000000087d00000, 0x0000000087d00000| Untracked 
| 126|0x0000000087e00000, 0x0000000087e00000, 0x0000000087f00000|  0%| F|  |TAMS 0x0000000087e00000, 0x0000000087e00000| Untracked 
| 127|0x0000000087f00000, 0x0000000087f00000, 0x0000000088000000|  0%| F|  |TAMS 0x0000000087f00000, 0x0000000087f00000| Untracked 
| 128|0x0000000088000000, 0x0000000088000000, 0x0000000088100000|  0%| F|  |TAMS 0x0000000088000000, 0x0000000088000000| Untracked 
| 129|0x0000000088100000, 0x0000000088100000, 0x0000000088200000|  0%| F|  |TAMS 0x0000000088100000, 0x0000000088100000| Untracked 
| 130|0x0000000088200000, 0x0000000088200000, 0x0000000088300000|  0%| F|  |TAMS 0x0000000088200000, 0x0000000088200000| Untracked 
| 131|0x0000000088300000, 0x0000000088300000, 0x0000000088400000|  0%| F|  |TAMS 0x0000000088300000, 0x0000000088300000| Untracked 
| 132|0x0000000088400000, 0x0000000088400000, 0x0000000088500000|  0%| F|  |TAMS 0x0000000088400000, 0x0000000088400000| Untracked 
| 133|0x0000000088500000, 0x0000000088500000, 0x0000000088600000|  0%| F|  |TAMS 0x0000000088500000, 0x0000000088500000| Untracked 
| 134|0x0000000088600000, 0x0000000088600000, 0x0000000088700000|  0%| F|  |TAMS 0x0000000088600000, 0x0000000088600000| Untracked 
| 135|0x0000000088700000, 0x0000000088700000, 0x0000000088800000|  0%| F|  |TAMS 0x0000000088700000, 0x0000000088700000| Untracked 
| 136|0x0000000088800000, 0x0000000088800000, 0x0000000088900000|  0%| F|  |TAMS 0x0000000088800000, 0x0000000088800000| Untracked 
| 137|0x0000000088900000, 0x0000000088900000, 0x0000000088a00000|  0%| F|  |TAMS 0x0000000088900000, 0x0000000088900000| Untracked 
| 138|0x0000000088a00000, 0x0000000088a00000, 0x0000000088b00000|  0%| F|  |TAMS 0x0000000088a00000, 0x0000000088a00000| Untracked 
| 139|0x0000000088b00000, 0x0000000088b00000, 0x0000000088c00000|  0%| F|  |TAMS 0x0000000088b00000, 0x0000000088b00000| Untracked 
| 140|0x0000000088c00000, 0x0000000088c00000, 0x0000000088d00000|  0%| F|  |TAMS 0x0000000088c00000, 0x0000000088c00000| Untracked 
| 141|0x0000000088d00000, 0x0000000088d00000, 0x0000000088e00000|  0%| F|  |TAMS 0x0000000088d00000, 0x0000000088d00000| Untracked 
| 142|0x0000000088e00000, 0x0000000088e00000, 0x0000000088f00000|  0%| F|  |TAMS 0x0000000088e00000, 0x0000000088e00000| Untracked 
| 143|0x0000000088f00000, 0x0000000088f00000, 0x0000000089000000|  0%| F|  |TAMS 0x0000000088f00000, 0x0000000088f00000| Untracked 
| 144|0x0000000089000000, 0x0000000089000000, 0x0000000089100000|  0%| F|  |TAMS 0x0000000089000000, 0x0000000089000000| Untracked 
| 145|0x0000000089100000, 0x0000000089100000, 0x0000000089200000|  0%| F|  |TAMS 0x0000000089100000, 0x0000000089100000| Untracked 
| 146|0x0000000089200000, 0x0000000089200000, 0x0000000089300000|  0%| F|  |TAMS 0x0000000089200000, 0x0000000089200000| Untracked 
| 147|0x0000000089300000, 0x0000000089300000, 0x0000000089400000|  0%| F|  |TAMS 0x0000000089300000, 0x0000000089300000| Untracked 
| 148|0x0000000089400000, 0x0000000089400000, 0x0000000089500000|  0%| F|  |TAMS 0x0000000089400000, 0x0000000089400000| Untracked 
| 149|0x0000000089500000, 0x0000000089500000, 0x0000000089600000|  0%| F|  |TAMS 0x0000000089500000, 0x0000000089500000| Untracked 
| 150|0x0000000089600000, 0x0000000089600000, 0x0000000089700000|  0%| F|  |TAMS 0x0000000089600000, 0x0000000089600000| Untracked 
| 151|0x0000000089700000, 0x0000000089700000, 0x0000000089800000|  0%| F|  |TAMS 0x0000000089700000, 0x0000000089700000| Untracked 

Card table byte_map: [0x000001d97bb20000,0x000001d97bf20000] _byte_map_base: 0x000001d97b720000

Marking Bits (Prev, Next): (CMBitMap*) 0x000001d96895b148, (CMBitMap*) 0x000001d96895b180
 Prev Bits: [0x000001d97c320000, 0x000001d97e320000)
 Next Bits: [0x000001d900000000, 0x000001d902000000)

Polling page: 0x000001d966840000

Metaspace:

Usage:
  Non-class:     74.92 MB capacity,    73.47 MB ( 98%) used,     1.20 MB (  2%) free+waste,   264.06 KB ( <1%) overhead. 
      Class:     11.88 MB capacity,    11.01 MB ( 93%) used,   767.05 KB (  6%) free+waste,   121.13 KB ( <1%) overhead. 
       Both:     86.80 MB capacity,    84.48 MB ( 97%) used,     1.95 MB (  2%) free+waste,   385.19 KB ( <1%) overhead. 

Virtual space:
  Non-class space:       76.00 MB reserved,      74.95 MB ( 99%) committed 
      Class space:        1.00 GB reserved,      11.96 MB (  1%) committed 
             Both:        1.07 GB reserved,      86.91 MB (  8%) committed 

Chunk freelists:
   Non-Class:  29.00 KB
       Class:  27.00 KB
        Both:  56.00 KB

MaxMetaspaceSize: 17179869184.00 GB
CompressedClassSpaceSize: 1.00 GB
Initial GC threshold: 20.80 MB
Current GC threshold: 107.15 MB
CDS: off

CodeHeap 'non-profiled nmethods': size=120000Kb used=6295Kb max_used=6295Kb free=113704Kb
 bounds [0x000001d973ec0000, 0x000001d9744f0000, 0x000001d97b3f0000]
CodeHeap 'profiled nmethods': size=120000Kb used=20970Kb max_used=20970Kb free=99029Kb
 bounds [0x000001d96c990000, 0x000001d96de10000, 0x000001d973ec0000]
CodeHeap 'non-nmethods': size=5760Kb used=2364Kb max_used=2422Kb free=3395Kb
 bounds [0x000001d96c3f0000, 0x000001d96c660000, 0x000001d96c990000]
 total_blobs=10692 nmethods=9807 adapters=797
 compilation: enabled
              stopped_count=0, restarted_count=0
 full_count=0

Compilation events (20 events):
Event: 13.618 Thread 0x000001d97edba000 9822       3       jdk.internal.jimage.ImageBufferCache$BufferReference::<init> (14 bytes)
Event: 13.618 Thread 0x000001d90747c800 nmethod 9674 0x000001d9744d8b90 code [0x000001d9744d90c0, 0x000001d9744e08a8]
Event: 13.619 Thread 0x000001d97edba000 nmethod 9822 0x000001d96ddff010 code [0x000001d96ddff1e0, 0x000001d96ddff578]
Event: 13.619 Thread 0x000001d97edba000 9824       3       jdk.internal.jimage.ImageBufferCache::releaseBuffer (75 bytes)
Event: 13.620 Thread 0x000001d90747c800 9821       4       java.lang.String::regionMatches (187 bytes)
Event: 13.620 Thread 0x000001d97edba000 nmethod 9824 0x000001d96ddff710 code [0x000001d96ddff980, 0x000001d96de00588]
Event: 13.620 Thread 0x000001d97edba000 9825   !   3       jdk.internal.jimage.decompressor.Decompressor::decompressResource (260 bytes)
Event: 13.621 Thread 0x000001d906059000 nmethod 9820 0x000001d9744e3f90 code [0x000001d9744e4160, 0x000001d9744e4918]
Event: 13.623 Thread 0x000001d97edba000 nmethod 9825 0x000001d96de00910 code [0x000001d96de00e80, 0x000001d96de03e28]
Event: 13.623 Thread 0x000001d97edba000 9823   !   3       jdk.internal.jimage.BasicImageReader::readBuffer (232 bytes)
Event: 13.624 Thread 0x000001d97edba000 nmethod 9823 0x000001d96de05210 code [0x000001d96de05580, 0x000001d96de06af8]
Event: 13.625 Thread 0x000001d90747c800 nmethod 9821 0x000001d9744e5210 code [0x000001d9744e53c0, 0x000001d9744e5698]
Event: 13.628 Thread 0x000001d906059000 9826       4       java.nio.ByteBuffer::limit (6 bytes)
Event: 13.629 Thread 0x000001d906059000 nmethod 9826 0x000001d9744e5910 code [0x000001d9744e5aa0, 0x000001d9744e5b98]
Event: 13.630 Thread 0x000001d97edba000 9827       3       java.util.zip.Inflater::<init> (6 bytes)
Event: 13.630 Thread 0x000001d97edba000 nmethod 9827 0x000001d96de07290 code [0x000001d96de07480, 0x000001d96de07778]
Event: 13.630 Thread 0x000001d97edba000 9829       3       jdk.internal.jimage.decompressor.ZipDecompressor::decompress (81 bytes)
Event: 13.631 Thread 0x000001d97edba000 nmethod 9829 0x000001d96de07890 code [0x000001d96de07b40, 0x000001d96de08ab8]
Event: 13.631 Thread 0x000001d97edba000 9828       3       java.lang.ClassLoader::defineClass (108 bytes)
Event: 13.632 Thread 0x000001d97edba000 nmethod 9828 0x000001d96de09010 code [0x000001d96de09300, 0x000001d96de0a298]

GC Heap History (20 events):
Event: 4.742 GC heap after
{Heap after GC invocations=8 (full 0):
 garbage-first heap   total 155648K, used 27448K [0x0000000080000000, 0x0000000100000000)
  region size 1024K, 9 young (9216K), 9 survivors (9216K)
 Metaspace       used 40104K, capacity 41042K, committed 41296K, reserved 1085440K
  class space    used 5067K, capacity 5413K, committed 5504K, reserved 1048576K
}
Event: 5.757 GC heap before
{Heap before GC invocations=8 (full 0):
 garbage-first heap   total 155648K, used 103224K [0x0000000080000000, 0x0000000100000000)
  region size 1024K, 83 young (84992K), 9 survivors (9216K)
 Metaspace       used 46849K, capacity 47946K, committed 48080K, reserved 1091584K
  class space    used 5959K, capacity 6384K, committed 6400K, reserved 1048576K
}
Event: 5.765 GC heap after
{Heap after GC invocations=9 (full 0):
 garbage-first heap   total 155648K, used 29798K [0x0000000080000000, 0x0000000100000000)
  region size 1024K, 8 young (8192K), 8 survivors (8192K)
 Metaspace       used 46849K, capacity 47946K, committed 48080K, reserved 1091584K
  class space    used 5959K, capacity 6384K, committed 6400K, reserved 1048576K
}
Event: 7.124 GC heap before
{Heap before GC invocations=9 (full 0):
 garbage-first heap   total 155648K, used 115814K [0x0000000080000000, 0x0000000100000000)
  region size 1024K, 88 young (90112K), 8 survivors (8192K)
 Metaspace       used 51315K, capacity 52598K, committed 52816K, reserved 1095680K
  class space    used 6489K, capacity 6986K, committed 7040K, reserved 1048576K
}
Event: 7.135 GC heap after
{Heap after GC invocations=10 (full 0):
 garbage-first heap   total 155648K, used 43841K [0x0000000080000000, 0x0000000100000000)
  region size 1024K, 11 young (11264K), 11 survivors (11264K)
 Metaspace       used 51315K, capacity 52598K, committed 52816K, reserved 1095680K
  class space    used 6489K, capacity 6986K, committed 7040K, reserved 1048576K
}
Event: 7.989 GC heap before
{Heap before GC invocations=10 (full 0):
 garbage-first heap   total 155648K, used 96065K [0x0000000080000000, 0x0000000100000000)
  region size 1024K, 63 young (64512K), 11 survivors (11264K)
 Metaspace       used 59000K, capacity 60454K, committed 60496K, reserved 1101824K
  class space    used 7464K, capacity 8023K, committed 8064K, reserved 1048576K
}
Event: 8.002 GC heap after
{Heap after GC invocations=11 (full 0):
 garbage-first heap   total 155648K, used 46594K [0x0000000080000000, 0x0000000100000000)
  region size 1024K, 3 young (3072K), 3 survivors (3072K)
 Metaspace       used 59000K, capacity 60454K, committed 60496K, reserved 1101824K
  class space    used 7464K, capacity 8023K, committed 8064K, reserved 1048576K
}
Event: 8.883 GC heap before
{Heap before GC invocations=12 (full 0):
 garbage-first heap   total 155648K, used 116226K [0x0000000080000000, 0x0000000100000000)
  region size 1024K, 65 young (66560K), 3 survivors (3072K)
 Metaspace       used 63741K, capacity 65291K, committed 65448K, reserved 1105920K
  class space    used 8023K, capacity 8580K, committed 8664K, reserved 1048576K
}
Event: 8.891 GC heap after
{Heap after GC invocations=13 (full 0):
 garbage-first heap   total 155648K, used 51738K [0x0000000080000000, 0x0000000100000000)
  region size 1024K, 8 young (8192K), 8 survivors (8192K)
 Metaspace       used 63741K, capacity 65291K, committed 65448K, reserved 1105920K
  class space    used 8023K, capacity 8580K, committed 8664K, reserved 1048576K
}
Event: 9.501 GC heap before
{Heap before GC invocations=14 (full 0):
 garbage-first heap   total 155648K, used 113178K [0x0000000080000000, 0x0000000100000000)
  region size 1024K, 68 young (69632K), 8 survivors (8192K)
 Metaspace       used 65910K, capacity 67532K, committed 67880K, reserved 1107968K
  class space    used 8307K, capacity 8935K, committed 9048K, reserved 1048576K
}
Event: 9.510 GC heap after
{Heap after GC invocations=15 (full 0):
 garbage-first heap   total 155648K, used 56004K [0x0000000080000000, 0x0000000100000000)
  region size 1024K, 5 young (5120K), 5 survivors (5120K)
 Metaspace       used 65910K, capacity 67532K, committed 67880K, reserved 1107968K
  class space    used 8307K, capacity 8935K, committed 9048K, reserved 1048576K
}
Event: 10.488 GC heap before
{Heap before GC invocations=15 (full 0):
 garbage-first heap   total 155648K, used 116420K [0x0000000080000000, 0x0000000100000000)
  region size 1024K, 64 young (65536K), 5 survivors (5120K)
 Metaspace       used 72470K, capacity 74118K, committed 74280K, reserved 1114112K
  class space    used 9384K, capacity 10025K, committed 10072K, reserved 1048576K
}
Event: 10.495 GC heap after
{Heap after GC invocations=16 (full 0):
 garbage-first heap   total 155648K, used 59550K [0x0000000080000000, 0x0000000100000000)
  region size 1024K, 8 young (8192K), 8 survivors (8192K)
 Metaspace       used 72470K, capacity 74118K, committed 74280K, reserved 1114112K
  class space    used 9384K, capacity 10025K, committed 10072K, reserved 1048576K
}
Event: 11.432 GC heap before
{Heap before GC invocations=16 (full 0):
 garbage-first heap   total 155648K, used 119966K [0x0000000080000000, 0x0000000100000000)
  region size 1024K, 67 young (68608K), 8 survivors (8192K)
 Metaspace       used 78444K, capacity 80243K, committed 80552K, reserved 1118208K
  class space    used 10189K, capacity 10829K, committed 10968K, reserved 1048576K
}
Event: 11.442 GC heap after
{Heap after GC invocations=17 (full 0):
 garbage-first heap   total 155648K, used 63231K [0x0000000080000000, 0x0000000100000000)
  region size 1024K, 8 young (8192K), 8 survivors (8192K)
 Metaspace       used 78444K, capacity 80243K, committed 80552K, reserved 1118208K
  class space    used 10189K, capacity 10829K, committed 10968K, reserved 1048576K
}
Event: 12.265 GC heap before
{Heap before GC invocations=17 (full 0):
 garbage-first heap   total 155648K, used 121599K [0x0000000080000000, 0x0000000100000000)
  region size 1024K, 65 young (66560K), 8 survivors (8192K)
 Metaspace       used 81580K, capacity 83713K, committed 84008K, reserved 1122304K
  class space    used 10728K, capacity 11545K, committed 11608K, reserved 1048576K
}
Event: 12.275 GC heap after
{Heap after GC invocations=18 (full 0):
 garbage-first heap   total 155648K, used 67828K [0x0000000080000000, 0x0000000100000000)
  region size 1024K, 9 young (9216K), 9 survivors (9216K)
 Metaspace       used 81580K, capacity 83713K, committed 84008K, reserved 1122304K
  class space    used 10728K, capacity 11545K, committed 11608K, reserved 1048576K
}
Event: 12.951 GC heap before
{Heap before GC invocations=18 (full 0):
 garbage-first heap   total 155648K, used 123124K [0x0000000080000000, 0x0000000100000000)
  region size 1024K, 64 young (65536K), 9 survivors (9216K)
 Metaspace       used 82375K, capacity 84644K, committed 84904K, reserved 1122304K
  class space    used 10780K, capacity 11613K, committed 11736K, reserved 1048576K
}
Event: 12.962 GC heap after
{Heap after GC invocations=19 (full 0):
 garbage-first heap   total 155648K, used 72183K [0x0000000080000000, 0x0000000100000000)
  region size 1024K, 5 young (5120K), 5 survivors (5120K)
 Metaspace       used 82375K, capacity 84644K, committed 84904K, reserved 1122304K
  class space    used 10780K, capacity 11613K, committed 11736K, reserved 1048576K
}
Event: 13.640 GC heap before
{Heap before GC invocations=19 (full 0):
 garbage-first heap   total 155648K, used 125431K [0x0000000080000000, 0x0000000100000000)
  region size 1024K, 58 young (59392K), 5 survivors (5120K)
 Metaspace       used 86508K, capacity 88888K, committed 89000K, reserved 1126400K
  class space    used 11276K, capacity 12165K, committed 12248K, reserved 1048576K
}

Deoptimization events (20 events):
Event: 13.397 Thread 0x000001d906abb000 Uncommon trap: trap_request=0xffffffde fr.pc=0x000001d9742ea020 relative=0x0000000000001300
Event: 13.397 Thread 0x000001d906abb000 Uncommon trap: reason=class_check action=maybe_recompile pc=0x000001d9742ea020 method=jdk.internal.loader.BuiltinClassLoader.loadClassOrNull(Ljava/lang/String;Z)Ljava/lang/Class; @ 66 c2
Event: 13.397 Thread 0x000001d906abb000 DEOPT PACKING pc=0x000001d9742ea020 sp=0x000000499f9f6c10
Event: 13.397 Thread 0x000001d906abb000 DEOPT UNPACKING pc=0x000001d96c43a1af sp=0x000000499f9f6bd8 mode 2
Event: 13.447 Thread 0x000001d906abb000 Uncommon trap: trap_request=0xffffff7e fr.pc=0x000001d9744c9644 relative=0x0000000000000084
Event: 13.447 Thread 0x000001d906abb000 Uncommon trap: reason=predicate action=maybe_recompile pc=0x000001d9744c9644 method=java.util.TimSort.binarySort([Ljava/lang/Object;IIILjava/util/Comparator;)V @ 34 c2
Event: 13.447 Thread 0x000001d906abb000 DEOPT PACKING pc=0x000001d9744c9644 sp=0x000000499f9f7150
Event: 13.447 Thread 0x000001d906abb000 DEOPT UNPACKING pc=0x000001d96c43a1af sp=0x000000499f9f7100 mode 2
Event: 13.591 Thread 0x000001d906abb000 Uncommon trap: trap_request=0xffffffd6 fr.pc=0x000001d9744d8798 relative=0x00000000000008d8
Event: 13.591 Thread 0x000001d906abb000 Uncommon trap: reason=array_check action=maybe_recompile pc=0x000001d9744d8798 method=java.util.TimSort.binarySort([Ljava/lang/Object;IIILjava/util/Comparator;)V @ 183 c2
Event: 13.591 Thread 0x000001d906abb000 DEOPT PACKING pc=0x000001d9744d8798 sp=0x000000499f9f8b40
Event: 13.591 Thread 0x000001d906abb000 DEOPT UNPACKING pc=0x000001d96c43a1af sp=0x000000499f9f8ae8 mode 2
Event: 13.606 Thread 0x000001d906abb000 Uncommon trap: trap_request=0xffffffd6 fr.pc=0x000001d9744d8798 relative=0x00000000000008d8
Event: 13.606 Thread 0x000001d906abb000 Uncommon trap: reason=array_check action=maybe_recompile pc=0x000001d9744d8798 method=java.util.TimSort.binarySort([Ljava/lang/Object;IIILjava/util/Comparator;)V @ 183 c2
Event: 13.606 Thread 0x000001d906abb000 DEOPT PACKING pc=0x000001d9744d8798 sp=0x000000499f9f8950
Event: 13.606 Thread 0x000001d906abb000 DEOPT UNPACKING pc=0x000001d96c43a1af sp=0x000000499f9f88f8 mode 2
Event: 13.622 Thread 0x000001d906abb000 Uncommon trap: trap_request=0xffffffd6 fr.pc=0x000001d9744d8538 relative=0x0000000000000678
Event: 13.622 Thread 0x000001d906abb000 Uncommon trap: reason=array_check action=maybe_recompile pc=0x000001d9744d8538 method=java.util.TimSort.binarySort([Ljava/lang/Object;IIILjava/util/Comparator;)V @ 215 c2
Event: 13.622 Thread 0x000001d906abb000 DEOPT PACKING pc=0x000001d9744d8538 sp=0x000000499f9f8760
Event: 13.622 Thread 0x000001d906abb000 DEOPT UNPACKING pc=0x000001d96c43a1af sp=0x000000499f9f8708 mode 2

Classes redefined (0 events):
No events

Internal exceptions (20 events):
Event: 12.004 Thread 0x000001d9089d0000 Exception <a 'java/lang/NoSuchMethodError'{0x00000000874a5900}: 'java.lang.Object java.lang.invoke.DirectMethodHandle$Holder.invokeSpecialIFC(java.lang.Object, java.lang.Object, java.lang.Object)'> (0x00000000874a5900) thrown at [./src/hotspot/share/interpreter/linkResolver.cpp, line 773]
Event: 12.004 Thread 0x000001d909789000 Exception <a 'java/lang/NoSuchMethodError'{0x000000008746c810}: 'java.lang.Object java.lang.invoke.DirectMethodHandle$Holder.invokeSpecialIFC(java.lang.Object, java.lang.Object, java.lang.Object)'> (0x000000008746c810) thrown at [./src/hotspot/share/interpreter/linkResolver.cpp, line 773]
Event: 12.004 Thread 0x000001d908bcd800 Exception <a 'java/lang/NoSuchMethodError'{0x000000008744ac00}: 'java.lang.Object java.lang.invoke.DirectMethodHandle$Holder.invokeSpecialIFC(java.lang.Object, java.lang.Object, java.lang.Object)'> (0x000000008744ac00) thrown at [./src/hotspot/share/interpreter/linkResolver.cpp, line 773]
Event: 12.004 Thread 0x000001d909787800 Exception <a 'java/lang/NoSuchMethodError'{0x000000008745a990}: 'java.lang.Object java.lang.invoke.DirectMethodHandle$Holder.invokeSpecialIFC(java.lang.Object, java.lang.Object, java.lang.Object)'> (0x000000008745a990) thrown at [./src/hotspot/share/interpreter/linkResolver.cpp, line 773]
Event: 12.005 Thread 0x000001d9089cd800 Exception <a 'java/lang/NoSuchMethodError'{0x000000008747c310}: 'java.lang.Object java.lang.invoke.DirectMethodHandle$Holder.invokeSpecialIFC(java.lang.Object, java.lang.Object, java.lang.Object)'> (0x000000008747c310) thrown at [./src/hotspot/share/interpreter/linkResolver.cpp, line 773]
Event: 12.005 Thread 0x000001d906abb000 Exception <a 'java/lang/NoSuchMethodError'{0x0000000087488f78}: 'java.lang.Object java.lang.invoke.DirectMethodHandle$Holder.invokeSpecialIFC(java.lang.Object, java.lang.Object, java.lang.Object)'> (0x0000000087488f78) thrown at [./src/hotspot/share/interpreter/linkResolver.cpp, line 773]
Event: 12.005 Thread 0x000001d9089cf800 Exception <a 'java/lang/NoSuchMethodError'{0x0000000087425648}: 'java.lang.Object java.lang.invoke.DirectMethodHandle$Holder.invokeSpecialIFC(java.lang.Object, java.lang.Object, java.lang.Object)'> (0x0000000087425648) thrown at [./src/hotspot/share/interpreter/linkResolver.cpp, line 773]
Event: 12.228 Thread 0x000001d90944d800 Exception <a 'java/lang/NoSuchMethodError'{0x000000008784a8d8}: 'void java.lang.invoke.DirectMethodHandle$Holder.invokeVirtual(java.lang.Object, java.lang.Object)'> (0x000000008784a8d8) thrown at [./src/hotspot/share/interpreter/linkResolver.cpp, line 773]
Event: 12.609 Thread 0x000001d906abb000 Exception <a 'java/lang/NoSuchMethodError'{0x0000000087db9888}: 'void java.lang.invoke.DirectMethodHandle$Holder.invokeInterface(java.lang.Object, java.lang.Object, java.lang.Object, java.lang.Object)'> (0x0000000087db9888) thrown at [./src/hotspot/share/interpreter/linkResolver.cpp, line 773]
Event: 12.759 Thread 0x000001d908bd4000 Implicit null exception at 0x000001d97446335b to 0x000001d9744633ec
Event: 12.858 Thread 0x000001d906abb000 Exception <a 'java/lang/NoSuchMethodError'{0x0000000086d47d70}: <clinit>> (0x0000000086d47d70) thrown at [./src/hotspot/share/prims/jni.cpp, line 1366]
Event: 12.858 Thread 0x000001d906abb000 Exception <a 'java/lang/NoSuchMethodError'{0x0000000086d49378}: <clinit>> (0x0000000086d49378) thrown at [./src/hotspot/share/prims/jni.cpp, line 1366]
Event: 12.858 Thread 0x000001d906abb000 Exception <a 'java/lang/NoSuchMethodError'{0x0000000086d4bf78}: <clinit>> (0x0000000086d4bf78) thrown at [./src/hotspot/share/prims/jni.cpp, line 1366]
Event: 12.860 Thread 0x000001d906abb000 Exception <a 'java/lang/NoSuchMethodError'{0x0000000086d63ec0}: <clinit>> (0x0000000086d63ec0) thrown at [./src/hotspot/share/prims/jni.cpp, line 1366]
Event: 12.860 Thread 0x000001d906abb000 Exception <a 'java/lang/NoSuchMethodError'{0x0000000086d650f8}: <clinit>> (0x0000000086d650f8) thrown at [./src/hotspot/share/prims/jni.cpp, line 1366]
Event: 13.134 Thread 0x000001d9089c6800 Implicit null exception at 0x000001d9744a5056 to 0x000001d9744a588c
Event: 13.134 Thread 0x000001d908d34000 Implicit null exception at 0x000001d9744a5056 to 0x000001d9744a588c
Event: 13.567 Thread 0x000001d906abb000 Exception <a 'sun/nio/fs/WindowsException'{0x0000000086743728}> (0x0000000086743728) thrown at [./src/hotspot/share/prims/jni.cpp, line 616]
Event: 13.568 Thread 0x000001d906abb000 Exception <a 'java/lang/NoSuchMethodError'{0x000000008674f6f8}: 'java.lang.Object java.lang.invoke.Invokers$Holder.linkToTargetMethod(java.lang.Object, java.lang.Object, java.lang.Object, int, int, java.lang.Object)'> (0x000000008674f6f8) thrown at [./src/hotspot/share/interpreter/linkResolver.cpp, line 773]
Event: 13.576 Thread 0x000001d906abb000 Exception <a 'java/lang/NoSuchMethodError'{0x000000008679e720}: 'void java.lang.invoke.DirectMethodHandle$Holder.invokeVirtual(java.lang.Object, java.lang.Object, java.lang.Object, java.lang.Object)'> (0x000000008679e720) thrown at [./src/hotspot/share/interpreter/linkResolver.cpp, line 773]

Events (20 events):
Event: 13.579 loading class org/gradle/api/internal/tasks/compile/AnnotationProcessingCompileTask done
Event: 13.581 loading class org/gradle/api/internal/tasks/compile/ResourceCleaningCompilationTask
Event: 13.581 loading class org/gradle/api/internal/tasks/compile/ResourceCleaningCompilationTask done
Event: 13.581 loading class org/gradle/api/internal/tasks/compile/filter/AnnotationProcessorFilter
Event: 13.581 loading class org/gradle/api/internal/tasks/compile/filter/AnnotationProcessorFilter done
Event: 13.582 loading class org/gradle/internal/compiler/java/listeners/classnames/ClassNameCollector
Event: 13.582 loading class org/gradle/internal/compiler/java/listeners/classnames/ClassNameCollector done
Event: 13.598 loading class com/sun/tools/javac/code/Symbol
Event: 13.598 loading class com/sun/tools/javac/code/Symbol done
Event: 13.598 loading class com/sun/tools/javac/code/Symbol
Event: 13.598 loading class com/sun/tools/javac/code/Symbol done
Event: 13.598 loading class com/sun/tools/javac/main/JavaCompiler
Event: 13.598 loading class com/sun/tools/javac/main/JavaCompiler done
Event: 13.606 loading class com/sun/tools/javac/code/Symbol
Event: 13.606 loading class com/sun/tools/javac/code/Symbol done
Event: 13.606 loading class com/sun/tools/javac/code/Symbol
Event: 13.606 loading class com/sun/tools/javac/code/Symbol done
Event: 13.606 loading class com/sun/tools/javac/code/ClassFinder
Event: 13.606 loading class com/sun/tools/javac/code/ClassFinder done
Event: 13.640 Executing VM operation: G1CollectForAllocation


Dynamic libraries:
0x00007ff73a650000 - 0x00007ff73a65a000 	C:\Program Files\Android\Android Studio\jre\bin\java.exe
0x00007ffcf0550000 - 0x00007ffcf0764000 	C:\WINDOWS\SYSTEM32\ntdll.dll
0x00007ffcefaf0000 - 0x00007ffcefbb3000 	C:\WINDOWS\System32\KERNEL32.DLL
0x00007ffceddd0000 - 0x00007ffcee16c000 	C:\WINDOWS\System32\KERNELBASE.dll
0x00007ffcee170000 - 0x00007ffcee281000 	C:\WINDOWS\System32\ucrtbase.dll
0x00007ffcdbb10000 - 0x00007ffcdbb27000 	C:\Program Files\Android\Android Studio\jre\bin\VCRUNTIME140.dll
0x00007ffcdb970000 - 0x00007ffcdb989000 	C:\Program Files\Android\Android Studio\jre\bin\jli.dll
0x00007ffcefbc0000 - 0x00007ffcefd6d000 	C:\WINDOWS\System32\USER32.dll
0x00007ffcee290000 - 0x00007ffcee2b6000 	C:\WINDOWS\System32\win32u.dll
0x00007ffcd76e0000 - 0x00007ffcd796e000 	C:\WINDOWS\WinSxS\amd64_microsoft.windows.common-controls_6595b64144ccf1df_6.0.22621.608_none_a9444ca7c10bb01d\COMCTL32.dll
0x00007ffcf0140000 - 0x00007ffcf0169000 	C:\WINDOWS\System32\GDI32.dll
0x00007ffcefd80000 - 0x00007ffcefe27000 	C:\WINDOWS\System32\msvcrt.dll
0x00007ffcedcb0000 - 0x00007ffceddc2000 	C:\WINDOWS\System32\gdi32full.dll
0x00007ffcee2c0000 - 0x00007ffcee35a000 	C:\WINDOWS\System32\msvcp_win.dll
0x00007ffceff50000 - 0x00007ffceff82000 	C:\WINDOWS\System32\IMM32.DLL
0x00007ffcd8d20000 - 0x00007ffcd8dbd000 	C:\Program Files\Android\Android Studio\jre\bin\msvcp140.dll
0x00007ffca6320000 - 0x00007ffca6e22000 	C:\Program Files\Android\Android Studio\jre\bin\server\jvm.dll
0x00007ffcee3e0000 - 0x00007ffcee48e000 	C:\WINDOWS\System32\ADVAPI32.dll
0x00007ffcee4a0000 - 0x00007ffcee544000 	C:\WINDOWS\System32\sechost.dll
0x00007ffcef9d0000 - 0x00007ffcefae5000 	C:\WINDOWS\System32\RPCRT4.dll
0x00007ffcefd70000 - 0x00007ffcefd78000 	C:\WINDOWS\System32\PSAPI.DLL
0x00007ffce4ba0000 - 0x00007ffce4ba9000 	C:\WINDOWS\SYSTEM32\WSOCK32.dll
0x00007ffce2fe0000 - 0x00007ffce3014000 	C:\WINDOWS\SYSTEM32\WINMM.dll
0x00007ffce0200000 - 0x00007ffce020a000 	C:\WINDOWS\SYSTEM32\VERSION.dll
0x00007ffcee360000 - 0x00007ffcee3d1000 	C:\WINDOWS\System32\WS2_32.dll
0x00007ffcec9a0000 - 0x00007ffcec9b8000 	C:\WINDOWS\SYSTEM32\kernel.appcore.dll
0x00007ffcdc260000 - 0x00007ffcdc271000 	C:\Program Files\Android\Android Studio\jre\bin\verify.dll
0x00007ffceb330000 - 0x00007ffceb55e000 	C:\WINDOWS\SYSTEM32\DBGHELP.DLL
0x00007ffcef640000 - 0x00007ffcef9ca000 	C:\WINDOWS\System32\combase.dll
0x00007ffcee7b0000 - 0x00007ffcee887000 	C:\WINDOWS\System32\OLEAUT32.dll
0x00007ffcd46e0000 - 0x00007ffcd4712000 	C:\WINDOWS\SYSTEM32\dbgcore.DLL
0x00007ffcedb70000 - 0x00007ffcedbeb000 	C:\WINDOWS\System32\bcryptPrimitives.dll
0x00007ffcdb0f0000 - 0x00007ffcdb119000 	C:\Program Files\Android\Android Studio\jre\bin\java.dll
0x00007ffce3140000 - 0x00007ffce314b000 	C:\Program Files\Android\Android Studio\jre\bin\jimage.dll
0x00007ffcdb7b0000 - 0x00007ffcdb7c8000 	C:\Program Files\Android\Android Studio\jre\bin\zip.dll
0x00007ffcee890000 - 0x00007ffcef07f000 	C:\WINDOWS\System32\SHELL32.dll
0x00007ffceb960000 - 0x00007ffcec228000 	C:\WINDOWS\SYSTEM32\windows.storage.dll
0x00007ffceb820000 - 0x00007ffceb95e000 	C:\WINDOWS\SYSTEM32\wintypes.dll
0x00007ffcf0330000 - 0x00007ffcf0421000 	C:\WINDOWS\System32\SHCORE.dll
0x00007ffcf0490000 - 0x00007ffcf04ee000 	C:\WINDOWS\System32\shlwapi.dll
0x00007ffced8c0000 - 0x00007ffced8e1000 	C:\WINDOWS\SYSTEM32\profapi.dll
0x00007ffcd9e60000 - 0x00007ffcd9e7a000 	C:\Program Files\Android\Android Studio\jre\bin\net.dll
0x00007ffce2eb0000 - 0x00007ffce2fdf000 	C:\WINDOWS\SYSTEM32\WINHTTP.dll
0x00007ffcece00000 - 0x00007ffcece69000 	C:\WINDOWS\system32\mswsock.dll
0x00007ffcd9e10000 - 0x00007ffcd9e24000 	C:\Program Files\Android\Android Studio\jre\bin\nio.dll
0x00007ffcba510000 - 0x00007ffcba537000 	C:\Users\nguye\.gradle\native\e1d6ef7f7dcc3fd88c89a11ec53ec762bb8ba0a96d01ffa2cd45eb1d1d8dd5c5\windows-amd64\native-platform.dll
0x00007ffcb9830000 - 0x00007ffcb9974000 	C:\Users\nguye\.gradle\native\0d407fdbe67a94daf76414ababcb853783967236a71b16ec16e742cd7a986fd3\windows-amd64\native-platform-file-events.dll
0x00007ffcdc110000 - 0x00007ffcdc11a000 	C:\Program Files\Android\Android Studio\jre\bin\management.dll
0x00007ffcdb720000 - 0x00007ffcdb72d000 	C:\Program Files\Android\Android Studio\jre\bin\management_ext.dll
0x00007ffced120000 - 0x00007ffced13b000 	C:\WINDOWS\SYSTEM32\CRYPTSP.dll
0x00007ffcec910000 - 0x00007ffcec945000 	C:\WINDOWS\system32\rsaenh.dll
0x00007ffcecea0000 - 0x00007ffcecec8000 	C:\WINDOWS\SYSTEM32\USERENV.dll
0x00007ffced260000 - 0x00007ffced288000 	C:\WINDOWS\SYSTEM32\bcrypt.dll
0x00007ffced100000 - 0x00007ffced10c000 	C:\WINDOWS\SYSTEM32\CRYPTBASE.dll
0x00007ffcec480000 - 0x00007ffcec4ad000 	C:\WINDOWS\SYSTEM32\IPHLPAPI.DLL
0x00007ffcee490000 - 0x00007ffcee499000 	C:\WINDOWS\System32\NSI.dll
0x00007ffce42c0000 - 0x00007ffce42d9000 	C:\WINDOWS\SYSTEM32\dhcpcsvc6.DLL
0x00007ffce42a0000 - 0x00007ffce42bf000 	C:\WINDOWS\SYSTEM32\dhcpcsvc.DLL
0x00007ffcec4f0000 - 0x00007ffcec5e3000 	C:\WINDOWS\SYSTEM32\DNSAPI.dll

dbghelp: loaded successfully - version: 4.0.5 - missing functions: none
symbol engine: initialized successfully - sym options: 0x614 - pdb path: .;C:\Program Files\Android\Android Studio\jre\bin;C:\WINDOWS\SYSTEM32;C:\WINDOWS\WinSxS\amd64_microsoft.windows.common-controls_6595b64144ccf1df_6.0.22621.608_none_a9444ca7c10bb01d;C:\Program Files\Android\Android Studio\jre\bin\server;C:\Users\nguye\.gradle\native\e1d6ef7f7dcc3fd88c89a11ec53ec762bb8ba0a96d01ffa2cd45eb1d1d8dd5c5\windows-amd64;C:\Users\nguye\.gradle\native\0d407fdbe67a94daf76414ababcb853783967236a71b16ec16e742cd7a986fd3\windows-amd64

VM Arguments:
jvm_args: --add-opens=java.base/java.util=ALL-UNNAMED --add-opens=java.base/java.lang=ALL-UNNAMED --add-opens=java.base/java.lang.invoke=ALL-UNNAMED --add-opens=java.base/java.util=ALL-UNNAMED --add-opens=java.prefs/java.util.prefs=ALL-UNNAMED --add-opens=java.prefs/java.util.prefs=ALL-UNNAMED --add-opens=java.base/java.nio.charset=ALL-UNNAMED --add-opens=java.base/java.net=ALL-UNNAMED --add-opens=java.base/java.util.concurrent.atomic=ALL-UNNAMED -Xmx2048m -Dfile.encoding=UTF-8 -Duser.country=US -Duser.language=en -Duser.variant 
java_command: org.gradle.launcher.daemon.bootstrap.GradleDaemon 7.4
java_class_path (initial): C:\Users\nguye\.gradle\wrapper\dists\gradle-7.4-bin\c0gwcg53nkjbqw7r0h0umtfvt\gradle-7.4\lib\gradle-launcher-7.4.jar
Launcher Type: SUN_STANDARD

[Global flags]
     intx CICompilerCount                          = 4                                         {product} {ergonomic}
     uint ConcGCThreads                            = 2                                         {product} {ergonomic}
     uint G1ConcRefinementThreads                  = 8                                         {product} {ergonomic}
   size_t G1HeapRegionSize                         = 1048576                                   {product} {ergonomic}
    uintx GCDrainStackTargetSize                   = 64                                        {product} {ergonomic}
   size_t InitialHeapSize                          = 132120576                                 {product} {ergonomic}
   size_t MarkStackSize                            = 4194304                                   {product} {ergonomic}
   size_t MaxHeapSize                              = 2147483648                                {product} {command line}
   size_t MaxNewSize                               = 1287651328                                {product} {ergonomic}
   size_t MinHeapDeltaBytes                        = 1048576                                   {product} {ergonomic}
    uintx NonNMethodCodeHeapSize                   = 5836300                                {pd product} {ergonomic}
    uintx NonProfiledCodeHeapSize                  = 122910970                              {pd product} {ergonomic}
    uintx ProfiledCodeHeapSize                     = 122910970                              {pd product} {ergonomic}
    uintx ReservedCodeCacheSize                    = 251658240                              {pd product} {ergonomic}
     bool SegmentedCodeCache                       = true                                      {product} {ergonomic}
     bool UseCompressedClassPointers               = true                                 {lp64_product} {ergonomic}
     bool UseCompressedOops                        = true                                 {lp64_product} {ergonomic}
     bool UseG1GC                                  = true                                      {product} {ergonomic}
     bool UseLargePagesIndividualAllocation        = false                                  {pd product} {ergonomic}

Logging:
Log output configuration:
 #0: stdout all=warning uptime,level,tags
 #1: stderr all=off uptime,level,tags

Environment Variables:
PATH=C:\Program Files\Common Files\Oracle\Java\javapath;C:\WINDOWS\system32;C:\WINDOWS;C:\WINDOWS\System32\Wbem;C:\WINDOWS\System32\WindowsPowerShell\v1.0\;C:\WINDOWS\System32\OpenSSH\;C:\Program Files\dotnet\;C:\Program Files\Git\cmd;C:\ProgramData\chocolatey\bin;C:\Users\nguye\AppData\Roaming\nvm;C:\Program Files\nodejs;C:\Program Files\PowerShell\7\;C:\Users\nguye\AppData\Local\Pub\Cache\bin;D:\flutter\gite\;D:\TL\mongosh-1.6.2-win32-x64\bin;C:\Users\nguye\AppData\Local\Microsoft\WindowsApps;C:\Users\nguye\AppData\Roaming\npm;C:\Users\nguye\AppData\Local\Programs\Microsoft VS Code\bin;C:\tools\mysql\current\bin;C:\Users\nguye\AppData\Roaming\nvm;D:\flutter\flutter\bin;C:\Users\nguye\AppData\Local\Pub\Cache\bin;
USERNAME=nguye
OS=Windows_NT
PROCESSOR_IDENTIFIER=Intel64 Family 6 Model 142 Stepping 12, GenuineIntel



---------------  S Y S T E M  ---------------

OS: Windows 11 , 64 bit Build 22621 (10.0.22621.1194)
OS uptime: 18 days 23:21 hours
Hyper-V role detected

CPU:total 8 (initial active 8) (4 cores per cpu, 2 threads per core) family 6 model 142 stepping 12 microcode 0xde, cmov, cx8, fxsr, mmx, sse, sse2, sse3, ssse3, sse4.1, sse4.2, popcnt, avx, avx2, aes, clmul, erms, 3dnowpref, lzcnt, ht, tsc, tscinvbit, bmi1, bmi2, adx, fma

Memory: 4k page, system-wide physical 8032M (769M free)
TotalPageFile size 21369M (AvailPageFile size 8M)
current process WorkingSet (physical memory assigned to process): 415M, peak: 416M
current process commit charge ("private bytes"): 450M, peak: 481M

vm_info: OpenJDK 64-Bit Server VM (11.0.13+0-b1751.21-8125866) for windows-amd64 JRE (11.0.13+0-b1751.21-8125866), built on Feb  2 2022 03:00:22 by "builder" with MS VC++ 14.0 (VS2015)

END.
